/bin/sh: lsb_release: command not found
# Detecting depexts using flags: x86_64 linux
# No extra OS packages requirements found.
The following actions will be performed:
  - install conf-gmp 1                                          [required by numerix]
  - install numerix  0.22
===== 2 to install =====

=-=- Gathering sources =-=-=-=-=-=-=-=-=-=-=-=-=-=-=-=-=-=-=-=-=-=-=-=-=-=-=-=-=
[numerix: from default] Command started
[numerix: from default] Command started
[ERROR] The compilation of conf-gmp failed at "sh -c cc -c $CFLAGS test.c".
[default] http://opam-archive:8080/archives/numerix.0.22+opam.tar.gz downloaded

=-=- Processing actions -=-=-=-=-=-=-=-=-=-=-=-=-=-=-=-=-=-=-=-=-=-=-=-=-=-=-=-=
[conf-gmp: sh cc -c $CFLAGS test.c] Command started
+ sh "-c" "cc -c $CFLAGS test.c" (CWD=/home/opam/.opam/system/build/conf-gmp.1)
- test.c:1:17: fatal error: gmp.h: No such file or directory
-  #include <gmp.h>
-                  ^
- compilation terminated.


=-=- Error report -=-=-=-=-=-=-=-=-=-=-=-=-=-=-=-=-=-=-=-=-=-=-=-=-=-=-=-=-=-=-=
The following actions were aborted
  - install numerix 0.22
The following actions failed
  - install conf-gmp 1
No changes have been performed

#=== ERROR while installing conf-gmp.1 ========================================#
# opam-version         1.2.1 (ab224ffd593a168871a14182d6e69d3a902c3f27)
# os                   linux
# command              sh -c cc -c $CFLAGS test.c
# path                 /home/opam/.opam/system/build/conf-gmp.1
# compiler             system (4.02.1)
# exit-code            1
# env-file             /home/opam/.opam/system/build/conf-gmp.1/conf-gmp-1-58c514.env
# stdout-file          /home/opam/.opam/system/build/conf-gmp.1/conf-gmp-1-58c514.out
# stderr-file          /home/opam/.opam/system/build/conf-gmp.1/conf-gmp-1-58c514.err
### stderr ###
# test.c:1:17: fatal error: gmp.h: No such file or directory
#  #include <gmp.h>
#                  ^
# compilation terminated.

'opam install numerix' failed.
