++ opam install conf-zmq -e debian
+ depext=libzmq3-dev
Debian depexts: libzmq3-dev
+ echo Debian depexts: libzmq3-dev
+ '[' libzmq3-dev '!=' '' ']'
+ sudo apt-get update -y
Get:1 http://http.debian.net stable-updates Release.gpg [836 B]
Get:2 http://http.debian.net stable Release.gpg [1655 B]
Get:3 http://http.debian.net stable-updates Release [124 kB]
Get:4 http://security.debian.org stable/updates Release.gpg [836 B]
Get:5 http://http.debian.net stable Release [168 kB]
Get:6 http://http.debian.net stable-updates/main amd64 Packages [4374 B]
Get:7 http://security.debian.org stable/updates Release [102 kB]
Get:8 http://http.debian.net stable/main amd64 Packages [7625 kB]
Get:9 http://security.debian.org stable/updates/main amd64 Packages [340 kB]
Fetched 8367 kB in 2s (4020 kB/s)
Reading package lists...
+ sudo apt-get install -qq -y build-essential m4
+ sudo apt-get install -qq -y libzmq3-dev
E: Unable to locate package libzmq3-dev
++ opam install conf-zmq -e source,linux
+ srcext=
+ echo Debian srcexts:
+ '[' '' '!=' '' ']'
+ opam install conf-zmq
Debian srcexts:
The following actions will be performed:
  - install conf-zmq 0.1

=-=- Gathering sources =-=-=-=-=-=-=-=-=-=-=-=-=-=-=-=-=-=-=-=-=-=-=-=-=-=-=-=-=

=-=- Processing actions -=-=-=-=-=-=-=-=-=-=-=-=-=-=-=-=-=-=-=-=-=-=-=-=-=-=-=-=
[conf-zmq: cc test.c] Command started
+ cc "test.c" "-lzmq" (CWD=/home/opam/.opam/system/build/conf-zmq.0.1)
- test.c:1:17: fatal error: zmq.h: No such file or directory
- compilation terminated.
[ERROR] The compilation of conf-zmq failed at "cc test.c -lzmq".

#=== ERROR while installing conf-zmq.0.1 ======================================#
# opam-version         1.2.1 (ab224ffd593a168871a14182d6e69d3a902c3f27)
# os                   linux
# command              cc test.c -lzmq
# path                 /home/opam/.opam/system/build/conf-zmq.0.1
# compiler             system (3.12.1)
# exit-code            1
# env-file             /home/opam/.opam/system/build/conf-zmq.0.1/conf-zmq-52-42bb52.env
# stdout-file          /home/opam/.opam/system/build/conf-zmq.0.1/conf-zmq-52-42bb52.out
# stderr-file          /home/opam/.opam/system/build/conf-zmq.0.1/conf-zmq-52-42bb52.err
### stderr ###
# test.c:1:17: fatal error: zmq.h: No such file or directory
# compilation terminated.



=-=- Error report -=-=-=-=-=-=-=-=-=-=-=-=-=-=-=-=-=-=-=-=-=-=-=-=-=-=-=-=-=-=-=
The following actions failed
  - install conf-zmq 0.1
No changes have been performed
'opam install conf-zmq' failed.
