++ opam install conf-zmq -e debian
+ depext=libzmq3-dev
+ echo Debian depexts: libzmq3-dev
+ '[' libzmq3-dev '!=' '' ']'
+ sudo apt-get update -y
Debian depexts: libzmq3-dev
Hit http://download.opensuse.org  Release.gpg
Hit http://download.opensuse.org  Release
Hit http://http.debian.net stable Release.gpg
Get:1 http://http.debian.net stable-updates Release.gpg [836 B]
Hit http://download.opensuse.org  Packages
Get:2 http://http.debian.net stable Release [168 kB]
Get:3 http://http.debian.net stable-updates Release [124 kB]
Get:4 http://security.debian.org stable/updates Release.gpg [836 B]
Get:5 http://http.debian.net stable/main amd64 Packages [7625 kB]
Get:6 http://security.debian.org stable/updates Release [102 kB]
Get:7 http://security.debian.org stable/updates/main amd64 Packages [302 kB]
Get:8 http://http.debian.net stable-updates/main amd64 Packages [4104 B]
Fetched 8327 kB in 2s (3747 kB/s)
Reading package lists...
+ sudo apt-get install -qq -y build-essential m4
+ sudo apt-get install -qq -y libzmq3-dev
E: Unable to locate package libzmq3-dev
++ opam install conf-zmq -e source,linux
+ srcext=
Debian srcexts:
+ echo Debian srcexts:
+ '[' '' '!=' '' ']'
+ opam install conf-zmq
The following actions will be performed:
 - install   conf-zmq.0.1
=== 1 to install ===

=-=- Synchronizing package archives -=-=-=-=-=-=-=-=-=-=-=-=-=-=-=-=-=-=-=-=-=-=

=-=- Installing packages =-=-=-=-=-=-=-=-=-=-=-=-=-=-=-=-=-=-=-=-=-=-=-=-=-=-=-=
Copying ~/.opam/repo/default/packages/conf-zmq/conf-zmq.0.1/files/test.c to ~/.opam/system/build/conf-zmq.0.1/
Building conf-zmq.0.1:
  cc test.c -lzmq
[ERROR] The compilation of conf-zmq.0.1 failed.

#=== ERROR while installing conf-zmq.0.1 ======================================#
# opam-version         1.2.0
# os                   linux
# command              cc test.c -lzmq
# path                 /home/opam/.opam/system/build/conf-zmq.0.1
# compiler             system (4.02.1)
# exit-code            1
# env-file             /home/opam/.opam/system/build/conf-zmq.0.1/conf-zmq-181-d2c37b.env
# stdout-file          /home/opam/.opam/system/build/conf-zmq.0.1/conf-zmq-181-d2c37b.out
# stderr-file          /home/opam/.opam/system/build/conf-zmq.0.1/conf-zmq-181-d2c37b.err
### stderr ###
# test.c:1:17: fatal error: zmq.h: No such file or directory
# compilation terminated.

'opam install conf-zmq' failed.
test.c:1:17: fatal error: zmq.h: No such file or directory
compilation terminated.
Removing conf-zmq.0.1.
  Nothing to do.

