+ uname -m
+ uname -s
+ opam list --safe --recursive --external=x86_64,linux,debian --required-by=cubicle
# Detecting depexts using flags: x86_64 linux debian
+ opam list --safe --recursive --external=source,x86_64,linux,debian --required-by=cubicle
# The following system packages are needed:
#  - m4
Not running as root, system installation will be done through "sudo"
+ sudo apt-get update
Hit http://security.debian.org stable/updates Release.gpg
Hit http://http.debian.net stable Release.gpg
Get:1 http://http.debian.net stable-updates Release.gpg [836 B]
Hit http://http.debian.net stable Release
Hit http://security.debian.org stable/updates Release
Get:2 http://http.debian.net stable-updates Release [124 kB]
Hit http://http.debian.net stable/main amd64 Packages
Hit http://security.debian.org stable/updates/main amd64 Packages
Get:3 http://http.debian.net stable-updates/main amd64 Packages [4437 B]
Fetched 129 kB in 1s (106 kB/s)
Reading package lists...
+ sudo apt-get install -qq -yy m4
# OS package update successful
Not running as root, system installation will be done through "sudo"
# OS packages installation successful
The following actions will be performed:
  - install ocamlfind 1.5.5                                     [required by cubicle]
  - install cubicle   1.0.1
===== 2 to install =====

=-=- Gathering sources =-=-=-=-=-=-=-=-=-=-=-=-=-=-=-=-=-=-=-=-=-=-=-=-=-=-=-=-=
[cubicle: http] Command started
[ocamlfind: from default] Command started
[ocamlfind: from default] Command started
[default] http://opam-archive:8080/archives/ocamlfind.1.5.5+opam.tar.gz downloaded
[cubicle: http] Command started
[ERROR] Bad checksum for
        /home/opam/.opam/packages.dev/cubicle.1.0.1/cubicle-1.0.1.tar.gz:
          - 74684b8ca5c797984905af52602831f2 [expected result]
          - a13b45e48ba6bfa35f38ed52cb639c13 [actual result]
        This may be fixed by running `opam update`.

[ERROR] The sources of the following couldn't be obtained, aborting:
          - cubicle.1.0.1
        (This may be fixed by running 'opam update')
'opam install cubicle' failed.
