+ uname -m
+ uname -s
/usr/bin/lsb_release
+ lsb_release -i -s
# Detecting depexts using flags: x86_64 linux ubuntu
+ opam list --safe --recursive --external=x86_64,linux,ubuntu --required-by=omake-mode
# The following system packages are needed:
#  - libpcre3-dev
#  - m4
#  - pkg-config
+ opam list --safe --recursive --external=source,x86_64,linux,ubuntu --required-by=omake-mode
Not running as root, system installation will be done through "sudo"
+ sudo apt-get update
Ign http://download.opensuse.org  InRelease
Hit http://download.opensuse.org  Release.gpg
Hit http://download.opensuse.org  Release
Ign http://archive.ubuntu.com trusty InRelease
Ign http://archive.ubuntu.com trusty-updates InRelease
Ign http://archive.ubuntu.com trusty-security InRelease
Hit http://download.opensuse.org  Packages
Hit http://archive.ubuntu.com trusty Release.gpg
Get:1 http://archive.ubuntu.com trusty-updates Release.gpg [933 B]
Get:2 http://archive.ubuntu.com trusty-security Release.gpg [933 B]
Hit http://archive.ubuntu.com trusty Release
Get:3 http://archive.ubuntu.com trusty-updates Release [63.5 kB]
Get:4 http://archive.ubuntu.com trusty-security Release [63.5 kB]
Hit http://archive.ubuntu.com trusty/main Sources
Hit http://archive.ubuntu.com trusty/restricted Sources
Hit http://archive.ubuntu.com trusty/universe Sources
Hit http://archive.ubuntu.com trusty/main amd64 Packages
Hit http://archive.ubuntu.com trusty/restricted amd64 Packages
Hit http://archive.ubuntu.com trusty/universe amd64 Packages
Get:5 http://archive.ubuntu.com trusty-updates/main Sources [242 kB]
Get:6 http://archive.ubuntu.com trusty-updates/restricted Sources [2310 B]
Get:7 http://archive.ubuntu.com trusty-updates/universe Sources [135 kB]
Get:8 http://archive.ubuntu.com trusty-updates/main amd64 Packages [621 kB]
Get:9 http://archive.ubuntu.com trusty-updates/restricted amd64 Packages [15.1 kB]
Get:10 http://archive.ubuntu.com trusty-updates/universe amd64 Packages [343 kB]
Get:11 http://archive.ubuntu.com trusty-security/main Sources [94.3 kB]
Get:12 http://archive.ubuntu.com trusty-security/restricted Sources [1874 B]
Get:13 http://archive.ubuntu.com trusty-security/universe Sources [21.0 kB]
Get:14 http://archive.ubuntu.com trusty-security/main amd64 Packages [320 kB]
Get:15 http://archive.ubuntu.com trusty-security/restricted amd64 Packages [14.8 kB]
Get:16 http://archive.ubuntu.com trusty-security/universe amd64 Packages [118 kB]
Fetched 2057 kB in 5s (372 kB/s)
Reading package lists...
# OS package update successful
+ sudo apt-get install -qq -yy libpcre3-dev m4 pkg-config
Not running as root, system installation will be done through "sudo"
debconf: unable to initialize frontend: Dialog
debconf: (Dialog frontend will not work on a dumb terminal, an emacs shell buffer, or without a controlling terminal.)
debconf: falling back to frontend: Readline
debconf: unable to initialize frontend: Readline
debconf: (This frontend requires a controlling tty.)
debconf: falling back to frontend: Teletype
dpkg-preconfigure: unable to re-open stdin: 
Selecting previously unselected package libpcrecpp0:amd64.
(Reading database ... 21935 files and directories currently installed.)
Preparing to unpack .../libpcrecpp0_1%3a8.31-2ubuntu2_amd64.deb ...
Unpacking libpcrecpp0:amd64 (1:8.31-2ubuntu2) ...
Selecting previously unselected package libpcre3-dev:amd64.
Preparing to unpack .../libpcre3-dev_1%3a8.31-2ubuntu2_amd64.deb ...
Unpacking libpcre3-dev:amd64 (1:8.31-2ubuntu2) ...
Setting up libpcrecpp0:amd64 (1:8.31-2ubuntu2) ...
Setting up libpcre3-dev:amd64 (1:8.31-2ubuntu2) ...
Processing triggers for libc-bin (2.19-0ubuntu6.6) ...
# OS packages installation successful
The following actions will be performed:
  - install camlp4          4.02.1+system                       [required by async, core_extended]
  - install conf-pkg-config 1.0                                 [required by conf-libpcre]
  - install ocamlfind       1.5.5                               [required by omake-mode]
  - install conf-libpcre    1                                   [required by pcre]
  - install type_conv       112.01.01                           [required by bin_prot]
  - install pipebang        110.01.00                           [required by core_extended]
  - install ounit           2.0.0                               [required by omake-mode]
  - install omake           0.9.8.6-0.rc1                       [required by omake-mode]
  - install inotify         2.0                                 [required by omake-mode]
  - install herelib         109.35.02                           [required by async_kernel, async_unix]
  - install pcre            7.1.3                               [required by omake-mode]
  - install variantslib     109.15.03                           [required by core_kernel, core]
  - install sexplib         112.24.01                           [required by core_extended]
  - install fieldslib       109.20.03                           [required by core_extended]
  - install enumerate       111.08.00                           [required by core_kernel, core]
  - install comparelib      109.60.00                           [required by core_extended]
  - install bin_prot        112.24.00                           [required by core_extended]
  - install pa_ounit        112.24.00                           [required by core_extended]
  - install pa_test         112.24.00                           [required by core_extended]
  - install typerep         112.24.00                           [required by core_kernel]
  - install pa_bench        112.06.00                           [required by core_kernel, core]
  - install custom_printf   112.24.00                           [required by core_extended]
  - install core_kernel     112.24.00                           [required by async_kernel]
  - install core            112.24.00                           [required by omake-mode]
  - install async_kernel    112.24.00                           [required by async]
  - install textutils       112.17.00                           [required by core_extended]
  - install re2             112.06.00                           [required by core_extended]
  - install async_unix      112.24.00                           [required by async]
  - install core_extended   112.24.00                           [required by omake-mode]
  - install async_extra     112.24.00                           [required by async]
  - install async           112.24.00                           [required by omake-mode]
  - install omake-mode      1.1.1        
===== 32 to install =====

=-=- Gathering sources =-=-=-=-=-=-=-=-=-=-=-=-=-=-=-=-=-=-=-=-=-=-=-=-=-=-=-=-=
[async: from default] Command started
[ERROR] curl: code 406 while downloading
        https://github.com/seanmcl/omake-mode/archive/1.1.1.tar.gz
[ERROR] The sources of the following couldn't be obtained, aborting:
          - omake-mode.1.1.1
        (This may be fixed by running 'opam update')
'opam install omake-mode' failed.
[async_extra: from default] Command started
[async_kernel: from default] Command started
[async: from default] Command started
[default] http://opam-archive:8080/archives/async.112.24.00+opam.tar.gz downloaded
[async_unix: from default] Command started
[async_extra: from default] Command started
[async_kernel: from default] Command started
[default] http://opam-archive:8080/archives/async_kernel.112.24.00+opam.tar.gz downloaded
[bin_prot: from default] Command started
[async_unix: from default] Command started
[default] http://opam-archive:8080/archives/async_extra.112.24.00+opam.tar.gz downloaded
[comparelib: from default] Command started
[bin_prot: from default] Command started
[default] http://opam-archive:8080/archives/async_unix.112.24.00+opam.tar.gz downloaded
[core: from default] Command started
[comparelib: from default] Command started
[default] http://opam-archive:8080/archives/bin_prot.112.24.00+opam.tar.gz downloaded
[core_extended: from default] Command started
[default] http://opam-archive:8080/archives/comparelib.109.60.00+opam.tar.gz downloaded
[core_kernel: from default] Command started
[core: from default] Command started
[core_extended: from default] Command started
[core_kernel: from default] Command started
[default] http://opam-archive:8080/archives/core.112.24.00+opam.tar.gz downloaded
[custom_printf: from default] Command started
[default] http://opam-archive:8080/archives/core_extended.112.24.00+opam.tar.gz downloaded
[enumerate: from default] Command started
[default] http://opam-archive:8080/archives/core_kernel.112.24.00+opam.tar.gz downloaded
[fieldslib: from default] Command started
[custom_printf: from default] Command started
[enumerate: from default] Command started
[default] http://opam-archive:8080/archives/custom_printf.112.24.00+opam.tar.gz downloaded
[herelib: from default] Command started
[default] http://opam-archive:8080/archives/enumerate.111.08.00+opam.tar.gz downloaded
[inotify: from default] Command started
[fieldslib: from default] Command started
[herelib: from default] Command started
[default] http://opam-archive:8080/archives/fieldslib.109.20.03+opam.tar.gz downloaded
[ocamlfind: from default] Command started
[inotify: from default] Command started
[default] http://opam-archive:8080/archives/herelib.109.35.02+opam.tar.gz downloaded
[omake: from default] Command started
[default] http://opam-archive:8080/archives/inotify.2.0+opam.tar.gz downloaded
[omake-mode: http] Command started
[ocamlfind: from default] Command started
[default] http://opam-archive:8080/archives/ocamlfind.1.5.5+opam.tar.gz downloaded
[ounit: from default] Command started
[ounit: from default] Command started
[omake: from default] Command started
[default] http://opam-archive:8080/archives/ounit.2.0.0+opam.tar.gz downloaded
[pa_bench: from default] Command started
[default] http://opam-archive:8080/archives/omake.0.9.8.6-0.rc1+opam.tar.gz downloaded
[pa_ounit: from default] Command started
[pa_bench: from default] Command started
[default] http://opam-archive:8080/archives/pa_bench.112.06.00+opam.tar.gz downloaded
[pa_test: from default] Command started
[pa_ounit: from default] Command started
[default] http://opam-archive:8080/archives/pa_ounit.112.24.00+opam.tar.gz downloaded
[pcre: from default] Command started
[pa_test: from default] Command started
[default] http://opam-archive:8080/archives/pa_test.112.24.00+opam.tar.gz downloaded
[pipebang: from default] Command started
[pcre: from default] Command started
[default] http://opam-archive:8080/archives/pcre.7.1.3+opam.tar.gz downloaded
[re2: from default] Command started
[pipebang: from default] Command started
[default] http://opam-archive:8080/archives/pipebang.110.01.00+opam.tar.gz downloaded
[sexplib: from default] Command started
[re2: from default] Command started
[default] http://opam-archive:8080/archives/re2.112.06.00+opam.tar.gz downloaded
[textutils: from default] Command started
[sexplib: from default] Command started
[default] http://opam-archive:8080/archives/sexplib.112.24.01+opam.tar.gz downloaded
[type_conv: from default] Command started
[textutils: from default] Command started
[default] http://opam-archive:8080/archives/textutils.112.17.00+opam.tar.gz downloaded
[typerep: from default] Command started
[type_conv: from default] Command started
[default] http://opam-archive:8080/archives/type_conv.112.01.01+opam.tar.gz downloaded
[variantslib: from default] Command started
[typerep: from default] Command started
[default] http://opam-archive:8080/archives/typerep.112.24.00+opam.tar.gz downloaded
[variantslib: from default] Command started
[default] http://opam-archive:8080/archives/variantslib.109.15.03+opam.tar.gz downloaded
