+ uname -m
+ uname -s
# Detecting depexts using flags: x86_64 linux debian
+ opam list --safe --recursive --external=x86_64,linux,debian --required-by=prob-cache
+ opam list --safe --recursive --external=source,x86_64,linux,debian --required-by=prob-cache
# The following system packages are needed:
#  - m4
#  - time
+ dpkg-query -W -f '${Package} ${Status}\n' m4 time 2>/dev/null
+ sudo apt-get update
# The following new OS packages need to be installed: time
Not running as root, the following command will be run through "sudo":
    apt-get update
Hit http://security.debian.org stable/updates InRelease
Ign http://download.opensuse.org  InRelease
Hit http://httpredir.debian.org stable InRelease
Get:1 http://httpredir.debian.org stable-updates InRelease [133 kB]
Hit http://download.opensuse.org  Release.gpg
Hit http://download.opensuse.org  Release
Get:2 http://security.debian.org stable/updates/main amd64 Packages [132 kB]
Get:3 http://httpredir.debian.org stable/main amd64 Packages [9038 kB]
Get:4 http://download.opensuse.org  Packages [5783 B]
Get:5 http://httpredir.debian.org stable-updates/main amd64 Packages [3616 B]
Fetched 9312 kB in 4s (2064 kB/s)
Reading package lists...
+ sudo apt-get install -qq -yy time
# OS package update successful
Not running as root, the following command will be run through "sudo":
    apt-get install -qq -yy time
debconf: unable to initialize frontend: Dialog
debconf: (Dialog frontend will not work on a dumb terminal, an emacs shell buffer, or without a controlling terminal.)
debconf: falling back to frontend: Readline
debconf: unable to initialize frontend: Readline
debconf: (This frontend requires a controlling tty.)
debconf: falling back to frontend: Teletype
dpkg-preconfigure: unable to re-open stdin: 
Selecting previously unselected package time.
(Reading database ... (Reading database ... 5%(Reading database ... 10%(Reading database ... 15%(Reading database ... 20%(Reading database ... 25%(Reading database ... 30%(Reading database ... 35%(Reading database ... 40%(Reading database ... 45%(Reading database ... 50%(Reading database ... 55%(Reading database ... 60%(Reading database ... 65%(Reading database ... 70%(Reading database ... 75%(Reading database ... 80%(Reading database ... 85%(Reading database ... 90%(Reading database ... 95%(Reading database ... 100%(Reading database ... 22820 files and directories currently installed.)
Preparing to unpack .../archives/time_1.7-25_amd64.deb ...
Unpacking time (1.7-25) ...
Setting up time (1.7-25) ...
# OS packages installation successful
The following actions will be performed:
  - install ocamlfind             1.5.5                         [required by prob-cache]
  - install ppx_tools             0.99.2                        [required by ppx_deriving]
  - install ounit                 2.0.0                         [required by pa_ounit]
  - install omake                 0.9.8.6-0.rc1                 [required by riakc_ppx]
  - install cppo                  1.1.2                         [required by containers]
  - install camlp4                4.02+6                        [required by async]
  - install base-bytes            base                          [required by containers]
  - install ppx_deriving          2.1                           [required by prob-cache]
  - install type_conv             112.01.01                     [required by bin_prot]
  - install pipebang              110.01.00                     [required by async_extra]
  - install herelib               112.35.00                     [required by async_rpc_kernel, async_kernel, async_unix]
  - install bitstring             2.0.4                         [required by riakc_ppx]
  - install sequence              0.5.5                         [required by prob-cache]
  - install ppx_deriving_protobuf 2.1                           [required by prob-cache]
  - install variantslib           109.15.03                     [required by core_kernel, core]
  - install sexplib               112.35.00                     [required by async_extra]
  - install pa_ounit              112.35.00                     [required by async_extra]
  - install fieldslib             109.20.03                     [required by async_extra]
  - install enumerate             111.08.00                     [required by core_kernel, core]
  - install comparelib            109.60.00                     [required by async_rpc_kernel, async_unix]
  - install bin_prot              112.35.00                     [required by async_extra]
  - install containers            0.11                          [required by prob-cache]
  - install pa_structural_sexp    112.35.00                     [required by core]
  - install pa_bench              112.06.00                     [required by core_kernel, core]
  - install custom_printf         112.24.00                     [required by core_kernel, core]
  - install pa_test               112.24.00                     [required by async_rpc_kernel, async_kernel, async_unix]
  - install typerep               112.35.00                     [required by core_kernel]
  - install core_kernel           112.35.00                     [required by async_kernel, async_rpc_kernel]
  - install core                  112.35.00                     [required by prob-cache]
  - install async_kernel          112.35.00                     [required by async]
  - install async_unix            112.35.00                     [required by async]
  - install async_rpc_kernel      112.35.00                     [required by async_extra]
  - install async_extra           112.35.00                     [required by async]
  - install async                 112.35.00                     [required by prob-cache]
  - install riakc_ppx             3.1.2                         [required by prob-cache]
  - install prob-cache            1.0.0        
===== 36 to install =====

=-=- Gathering sources =-=-=-=-=-=-=-=-=-=-=-=-=-=-=-=-=-=-=-=-=-=-=-=-=-=-=-=-=
[async: from default] Command started
[async_extra: from default] Command started
[async_kernel: from default] Command started
[async: from default] Command started
[async_kernel: from default] Command started
[async_extra: from default] Command started
[default] http://opam-archive:8080/archives/async.112.35.00+opam.tar.gz downloaded
[async_rpc_kernel: from default] Command started
[default] http://opam-archive:8080/archives/async_kernel.112.35.00+opam.tar.gz downloaded
[async_unix: from default] Command started
[default] http://opam-archive:8080/archives/async_extra.112.35.00+opam.tar.gz downloaded
[bin_prot: from default] Command started
[async_rpc_kernel: from default] Command started
[default] http://opam-archive:8080/archives/async_rpc_kernel.112.35.00+opam.tar.gz downloaded
[bitstring: from default] Command started
[async_unix: from default] Command started
[default] http://opam-archive:8080/archives/async_unix.112.35.00+opam.tar.gz downloaded
[camlp4: from default] Command started
[bin_prot: from default] Command started
[bitstring: from default] Command started
[default] http://opam-archive:8080/archives/bin_prot.112.35.00+opam.tar.gz downloaded
[comparelib: from default] Command started
[default] http://opam-archive:8080/archives/bitstring.2.0.4+opam.tar.gz downloaded
[containers: from default] Command started
[camlp4: from default] Command started
[default] http://opam-archive:8080/archives/camlp4.4.02+6+opam.tar.gz downloaded
[core: from default] Command started
[comparelib: from default] Command started
[default] http://opam-archive:8080/archives/comparelib.109.60.00+opam.tar.gz downloaded
[core_kernel: from default] Command started
[containers: from default] Command started
[core: from default] Command started
[default] http://opam-archive:8080/archives/containers.0.11+opam.tar.gz downloaded
[cppo: from default] Command started
[default] http://opam-archive:8080/archives/core.112.35.00+opam.tar.gz downloaded
[custom_printf: http] Command started
[core_kernel: from default] Command started
[cppo: from default] Command started
[default] http://opam-archive:8080/archives/core_kernel.112.35.00+opam.tar.gz downloaded
[enumerate: from default] Command started
[default] http://opam-archive:8080/archives/cppo.1.1.2+opam.tar.gz downloaded
[fieldslib: from default] Command started
[enumerate: from default] Command started
[default] http://opam-archive:8080/archives/enumerate.111.08.00+opam.tar.gz downloaded
[herelib: from default] Command started
[fieldslib: from default] Command started
[default] http://opam-archive:8080/archives/fieldslib.109.20.03+opam.tar.gz downloaded
[ocamlfind: from default] Command started
[herelib: from default] Command started
[default] http://opam-archive:8080/archives/herelib.112.35.00+opam.tar.gz downloaded
[omake: from default] Command started
[ocamlfind: from default] Command started
[default] http://opam-archive:8080/archives/ocamlfind.1.5.5+opam.tar.gz downloaded
[ounit: from default] Command started
[ounit: from default] Command started
[default] http://opam-archive:8080/archives/ounit.2.0.0+opam.tar.gz downloaded
[pa_bench: http] Command started
[omake: from default] Command started
[default] http://opam-archive:8080/archives/omake.0.9.8.6-0.rc1+opam.tar.gz downloaded
[pa_ounit: from default] Command started
[pa_ounit: from default] Command started
[default] http://opam-archive:8080/archives/pa_ounit.112.35.00+opam.tar.gz downloaded
[pa_structural_sexp: from default] Command started
[pa_structural_sexp: from default] Command started
[default] http://opam-archive:8080/archives/pa_structural_sexp.112.35.00+opam.tar.gz downloaded
[pa_test: http] Command started
[custom_printf: http] Command started
[custom_printf.112.24.00] https://ocaml.janestreet.com/ocaml-core/112.24/files/custom_printf-112.24.tar.gz downloaded
[pipebang: from default] Command started
[pipebang: from default] Command started
[default] http://opam-archive:8080/archives/pipebang.110.01.00+opam.tar.gz downloaded
[ppx_deriving: from default] Command started
[ppx_deriving: from default] Command started
[default] http://opam-archive:8080/archives/ppx_deriving.2.1+opam.tar.gz downloaded
[ppx_deriving_protobuf: from default] Command started
[ppx_deriving_protobuf: from default] Command started
[default] http://opam-archive:8080/archives/ppx_deriving_protobuf.2.1+opam.tar.gz downloaded
[ppx_tools: from default] Command started
[ppx_tools: from default] Command started
[default] http://opam-archive:8080/archives/ppx_tools.0.99.2+opam.tar.gz downloaded
[prob-cache: http] Command started
[pa_bench: http] Command started
[pa_bench.112.06.00] https://ocaml.janestreet.com/ocaml-core/112.06.00/individual/pa_bench-112.06.00.tar.gz downloaded
[riakc_ppx: http] Command started
[pa_test: http] Command started
[pa_test.112.24.00] https://ocaml.janestreet.com/ocaml-core/112.24/files/pa_test-112.24.tar.gz downloaded
[sequence: from default] Command started
[sequence: from default] Command started
[default] http://opam-archive:8080/archives/sequence.0.5.5+opam.tar.gz downloaded
[sexplib: from default] Command started
[sexplib: from default] Command started
[default] http://opam-archive:8080/archives/sexplib.112.35.00+opam.tar.gz downloaded
[type_conv: from default] Command started
[type_conv: from default] Command started
[default] http://opam-archive:8080/archives/type_conv.112.01.01+opam.tar.gz downloaded
[typerep: from default] Command started
[typerep: from default] Command started
[default] http://opam-archive:8080/archives/typerep.112.35.00+opam.tar.gz downloaded
[variantslib: from default] Command started
[variantslib: from default] Command started
[default] http://opam-archive:8080/archives/variantslib.109.15.03+opam.tar.gz downloaded
[riakc_ppx: http] Command started
[ERROR] Bad checksum for
        /home/opam/.opam/packages.dev/riakc_ppx.3.1.2/3.1.2.zip:
          - 47079b4da143a4a1bdd4a3c1bd4261b3 [expected result]
          - f070c3232075da0f35e7c0798b74cba9 [actual result]
        This may be fixed by running `opam update`.

[prob-cache: http] Command started
[ERROR] Bad checksum for
        /home/opam/.opam/packages.dev/prob-cache.1.0.0/1.0.0.zip:
          - b4f5fec9393742312f30f90af1a21756 [expected result]
          - a0a542bfca32d65f029742f3db893b55 [actual result]
        This may be fixed by running `opam update`.

[ERROR] The sources of the following couldn't be obtained, aborting:
          - prob-cache.1.0.0
          - riakc_ppx.3.1.2
        (This may be fixed by running 'opam update')
'opam install prob-cache' failed.
