+ uname -m
+ uname -s
/usr/bin/lsb_release
+ lsb_release -i -s
# Detecting depexts using flags: x86_64 linux ubuntu
+ opam list --safe --recursive --external=x86_64,linux,ubuntu --required-by=netlink
+ opam list --safe --recursive --external=source,x86_64,linux,ubuntu --required-by=netlink
# The following system packages are needed:
#  - libffi-dev
#  - libnl-3-200
#  - m4
Not running as root, system installation will be done through "sudo"
+ sudo apt-get update
Ign http://archive.ubuntu.com trusty InRelease
Ign http://archive.ubuntu.com trusty-updates InRelease
Ign http://archive.ubuntu.com trusty-security InRelease
Hit http://archive.ubuntu.com trusty Release.gpg
Get:1 http://archive.ubuntu.com trusty-updates Release.gpg [933 B]
Get:2 http://archive.ubuntu.com trusty-security Release.gpg [933 B]
Ign http://download.opensuse.org  InRelease
Hit http://archive.ubuntu.com trusty Release
Get:3 http://archive.ubuntu.com trusty-updates Release [63.5 kB]
Hit http://download.opensuse.org  Release.gpg
Get:4 http://archive.ubuntu.com trusty-security Release [63.5 kB]
Hit http://download.opensuse.org  Release
Hit http://archive.ubuntu.com trusty/main Sources
Hit http://archive.ubuntu.com trusty/restricted Sources
Hit http://archive.ubuntu.com trusty/universe Sources
Hit http://archive.ubuntu.com trusty/main amd64 Packages
Hit http://download.opensuse.org  Packages
Hit http://archive.ubuntu.com trusty/restricted amd64 Packages
Hit http://archive.ubuntu.com trusty/universe amd64 Packages
Get:5 http://archive.ubuntu.com trusty-updates/main Sources [242 kB]
Get:6 http://archive.ubuntu.com trusty-updates/restricted Sources [2310 B]
Get:7 http://archive.ubuntu.com trusty-updates/universe Sources [135 kB]
Get:8 http://archive.ubuntu.com trusty-updates/main amd64 Packages [621 kB]
Get:9 http://archive.ubuntu.com trusty-updates/restricted amd64 Packages [15.1 kB]
Get:10 http://archive.ubuntu.com trusty-updates/universe amd64 Packages [343 kB]
Get:11 http://archive.ubuntu.com trusty-security/main Sources [94.3 kB]
Get:12 http://archive.ubuntu.com trusty-security/restricted Sources [1874 B]
Get:13 http://archive.ubuntu.com trusty-security/universe Sources [21.0 kB]
Get:14 http://archive.ubuntu.com trusty-security/main amd64 Packages [320 kB]
Get:15 http://archive.ubuntu.com trusty-security/restricted amd64 Packages [14.8 kB]
Get:16 http://archive.ubuntu.com trusty-security/universe amd64 Packages [118 kB]
Fetched 2057 kB in 3s (569 kB/s)
Reading package lists...
+ sudo apt-get install -qq -yy libffi-dev libnl-3-200 m4
# OS package update successful
Not running as root, system installation will be done through "sudo"
debconf: unable to initialize frontend: Dialog
debconf: (Dialog frontend will not work on a dumb terminal, an emacs shell buffer, or without a controlling terminal.)
debconf: falling back to frontend: Readline
Selecting previously unselected package libnl-3-200:amd64.
debconf: unable to initialize frontend: Readline
debconf: (This frontend requires a controlling tty.)
debconf: falling back to frontend: Teletype
dpkg-preconfigure: unable to re-open stdin: 
(Reading database ... 21935 files and directories currently installed.)
Preparing to unpack .../libnl-3-200_3.2.21-1_amd64.deb ...
Unpacking libnl-3-200:amd64 (3.2.21-1) ...
Selecting previously unselected package libffi-dev:amd64.
Preparing to unpack .../libffi-dev_3.1~rc1+r3.0.13-12_amd64.deb ...
Unpacking libffi-dev:amd64 (3.1~rc1+r3.0.13-12) ...
Setting up libnl-3-200:amd64 (3.2.21-1) ...
Setting up libffi-dev:amd64 (3.1~rc1+r3.0.13-12) ...
Processing triggers for libc-bin (2.19-0ubuntu6.6) ...
# OS packages installation successful
The following actions will be performed:
  - install obuild    0.1.2                                     [required by netlink]
  - install ocamlfind 1.5.5                                     [required by netlink]
  - install ctypes    0.2.3                                     [required by netlink]
  - install netlink   0.1.0
===== 4 to install =====

=-=- Gathering sources =-=-=-=-=-=-=-=-=-=-=-=-=-=-=-=-=-=-=-=-=-=-=-=-=-=-=-=-=
[ctypes: from default] Command started
[netlink: from default] Command started
[obuild: from default] Command started
[netlink: from default] Command started
[ctypes: from default] Command started
[default] http://opam-archive:8080/archives/netlink.0.1.0+opam.tar.gz downloaded
[ocamlfind: from default] Command started
[obuild: from default] Command started
[default] http://opam-archive:8080/archives/ctypes.0.2.3+opam.tar.gz downloaded
[default] http://opam-archive:8080/archives/obuild.0.1.2+opam.tar.gz downloaded
[ocamlfind: from default] Command started
[default] http://opam-archive:8080/archives/ocamlfind.1.5.5+opam.tar.gz downloaded

=-=- Processing actions -=-=-=-=-=-=-=-=-=-=-=-=-=-=-=-=-=-=-=-=-=-=-=-=-=-=-=-=
[obuild: ./bootstrap] Command started
[ocamlfind: ./configure] Command started
+ ./configure "-bindir" "/home/opam/.opam/system/bin" "-sitelib" "/home/opam/.opam/system/lib" "-mandir" "/home/opam/.opam/system/man" "-config" "/home/opam/.opam/system/lib/findlib.conf" "-no-topfind" (CWD=/home/opam/.opam/system/build/ocamlfind.1.5.5)
- Welcome to findlib version 1.5.5
- Configuring core...
- Checking for #remove_directory...
- Testing threading model...
- systhread_supported: true
- Testing DLLs...
- Testing whether ppxopt can be supported...
- Configuring libraries...
- native dynlink: found
- labltk: not present
- ocamlbuild: found
- camlp4: using camlp4, style 310
- compiler-libs: found
- dbm: not present (normal since OCaml-4.00)
- bytes: found, installing fake library
- Configuration for dynlink written to site-lib-src/dynlink/META
- Configuration for graphics written to site-lib-src/graphics/META
- Configuration for num written to site-lib-src/num/META
- Configuration for num-top written to site-lib-src/num-top/META
- Configuration for str written to site-lib-src/str/META
- Configuration for threads written to site-lib-src/threads/META
- Configuration for unix written to site-lib-src/unix/META
- Configuration for stdlib written to site-lib-src/stdlib/META
- Configuration for bigarray written to site-lib-src/bigarray/META
- Configuration for camlp4 written to site-lib-src/camlp4/META
- Configuration for ocamlbuild written to site-lib-src/ocamlbuild/META
- Configuration for compiler-libs written to site-lib-src/compiler-libs/META
- Configuration for bytes written to site-lib-src/bytes/META
- Detecting compiler arguments: (extractor built) ok
- 
- About the OCAML core installation:
-     Standard library:      /usr/lib/ocaml
-     Binaries:              /usr/bin
-     Manual pages:          /usr/local/man
-     Multi-threading type:  posix
- The directory of site-specific packages will be
-     site-lib:              /home/opam/.opam/system/lib
- The configuration file is written to:
-     findlib config file:   /home/opam/.opam/system/lib/findlib.conf
- Software will be installed:
-     Libraries:             in <site-lib>/findlib
-     Binaries:              /home/opam/.opam/system/bin
-     Manual pages:          /home/opam/.opam/system/man
-     topfind script:        omitted
- Topfind ppxopt support:    yes
- Toolbox:                   no
- Link custom runtime:       yes
- Need bytes compatibility:  no
- 
- Configuration has been written to Makefile.config
- 
- You can now do 'make all', and optionally 'make opt', to build ocamlfind.
[ocamlfind: make all] Command started
+ make "all" (CWD=/home/opam/.opam/system/build/ocamlfind.1.5.5)
- for p in findlib; do ( cd src/$p; make all ) || exit; done
- make[1]: Entering directory `/home/opam/.opam/system/build/ocamlfind.1.5.5/src/findlib'
- ocamllex fl_meta.mll
- 22 states, 392 transitions, table size 1700 bytes
- ocamldep *.ml *.mli >depend
- make[1]: Leaving directory `/home/opam/.opam/system/build/ocamlfind.1.5.5/src/findlib'
- make[1]: Entering directory `/home/opam/.opam/system/build/ocamlfind.1.5.5/src/findlib'
- USE_CYGPATH="0"; \
- 	export USE_CYGPATH; \
- 	cat findlib_config.mlp | \
- 		../../tools/patch '@CONFIGFILE@' '/home/opam/.opam/system/lib/findlib.conf' | \
- 		../../tools/patch '@STDLIB@' '/usr/lib/ocaml' | \
- 		sed -e 's;@AUTOLINK@;true;g' \
- 		    -e 's;@SYSTEM@;linux;g' \
- 		     >findlib_config.ml
- ocamlc -I +compiler-libs -g -c findlib_config.ml
- ocamlc -I +compiler-libs -g -c fl_split.ml
- ocamlc -I +compiler-libs -g -c fl_metatoken.ml
- ocamlc -I +compiler-libs -g -c fl_meta.ml
- ocamlc -I +compiler-libs -c fl_metascanner.mli
- ocamlc -I +compiler-libs -g -c fl_metascanner.ml
- ocamlc -I +compiler-libs -c fl_topo.mli
- ocamlc -I +compiler-libs -g -c fl_topo.ml
- ocamlc -I +compiler-libs -c fl_package_base.mli
- ocamlc -I +compiler-libs -g -c fl_package_base.ml
- ocamlc -I +compiler-libs -c findlib.mli
- ocamlc -I +compiler-libs -g -c findlib.ml
- ocamlc -I +compiler-libs -g -c fl_args.ml
- ocamlc -I +compiler-libs -a -o findlib.cma findlib_config.cmo fl_split.cmo fl_metatoken.cmo fl_meta.cmo fl_metascanner.cmo fl_topo.cmo fl_package_base.cmo findlib.cmo fl_args.cmo
- ocamlc -I +compiler-libs -g -c ocaml_args.ml
- ocamlc -I +compiler-libs -g -c frontend.ml
- ocamlc -I +compiler-libs -custom -o ocamlfind -g findlib.cma unix.cma \
- 	           ocaml_args.cmo frontend.cmo
- if [ "true" = "true" ]; then                 \
- 		cp topfind.ml.in topfind.ml;                             \
- 	else                                                             \
- 		sed -e '/PPXOPT_BEGIN/,/PPXOPT_END/ d' topfind.ml.in     \
- 			> topfind.ml ;                                   \
- 	fi
- ocamlc -I +compiler-libs -c topfind.mli
- ocamlc -I +compiler-libs -g -c topfind.ml
- ocamlc -I +compiler-libs -a -o findlib_top.cma topfind.cmo
- USE_CYGPATH="0"; \
- 	export USE_CYGPATH; \
- 	cat topfind_rd1.p | \
- 		../../tools/patch '@SITELIB@' '/home/opam/.opam/system/lib' \
- 	    	    >topfind
- ocamlc -I +compiler-libs -c num_top_printers.mli
- ocamlc -I +compiler-libs -g -c num_top_printers.ml
- ocamlc -I +compiler-libs -c num_top.mli
- ocamlc -I +compiler-libs -g -c num_top.ml
- ocamlc -I +compiler-libs -a -o num_top.cma num_top_printers.cmo num_top.cmo
- make[1]: Leaving directory `/home/opam/.opam/system/build/ocamlfind.1.5.5/src/findlib'
- make all-config
- make[1]: Entering directory `/home/opam/.opam/system/build/ocamlfind.1.5.5'
- USE_CYGPATH="0"; \
- 	export USE_CYGPATH; \
- 	cat findlib.conf.in | \
- 		tools/patch '@SITELIB@' '/home/opam/.opam/system/lib' >findlib.conf
- if ocamlc.opt >/dev/null 2>&1; then \
- 		echo 'ocamlc="ocamlc.opt"' >>findlib.conf; \
- 	fi
- if ocamlopt.opt >/dev/null 2>&1; then \
- 		echo 'ocamlopt="ocamlopt.opt"' >>findlib.conf; \
- 	fi
- if ocamldep.opt >/dev/null 2>&1; then \
- 		echo 'ocamldep="ocamldep.opt"' >>findlib.conf; \
- 	fi
- if ocamldoc.opt >/dev/null 2>&1; then \
- 		echo 'ocamldoc="ocamldoc.opt"' >>findlib.conf; \
- 	fi
- make[1]: Leaving directory `/home/opam/.opam/system/build/ocamlfind.1.5.5'
- Makefile:160: depend: No such file or directory
- File "fl_split.ml", line 114, characters 10-21:
- Warning 3: deprecated: String.copy
- File "fl_split.ml", line 118, characters 43-62:
- Warning 3: deprecated: String.set
- Use Bytes.set instead.
- File "fl_split.ml", line 119, characters 37-56:
- Warning 3: deprecated: String.set
- Use Bytes.set instead.
- File "fl_split.ml", line 123, characters 34-47:
- Warning 3: deprecated: String.set
- Use Bytes.set instead.
- File "fl_split.ml", line 124, characters 34-47:
- Warning 3: deprecated: String.set
- Use Bytes.set instead.
- File "fl_split.ml", line 126, characters 26-39:
- Warning 3: deprecated: String.set
- Use Bytes.set instead.
- File "fl_split.ml", line 127, characters 45-64:
- Warning 3: deprecated: String.set
- Use Bytes.set instead.
- File "fl_split.ml", line 128, characters 38-57:
- Warning 3: deprecated: String.set
- Use Bytes.set instead.
- File "fl_split.ml", line 136, characters 13-26:
- Warning 3: deprecated: String.create
- Use Bytes.create instead.
- File "fl_split.ml", line 140, characters 1-19:
- Warning 3: deprecated: String.set
- Use Bytes.set instead.
- File "fl_meta.mll", line 57, characters 13-26:
- Warning 3: deprecated: String.create
- Use Bytes.create instead.
- File "fl_meta.mll", line 61, characters 11-29:
- Warning 3: deprecated: String.set
- Use Bytes.set instead.
- File "fl_meta.mll", line 62, characters 11-22:
- Warning 3: deprecated: String.set
- Use Bytes.set instead.
- File "fl_metascanner.ml", line 111, characters 23-32:
- Warning 3: deprecated: Sort.list
- Use List.sort instead.
- File "fl_metascanner.ml", line 372, characters 20-29:
- Warning 3: deprecated: Sort.list
- Use List.sort instead.
- File "frontend.ml", line 32, characters 9-20:
- Warning 3: deprecated: String.copy
- File "frontend.ml", line 34, characters 24-36:
- Warning 3: deprecated: String.set
- Use Bytes.set instead.
- File "frontend.ml", line 1769, characters 16-29:
- Warning 3: deprecated: String.create
- Use Bytes.create instead.
[ocamlfind: make opt] Command started
+ ./bootstrap  (CWD=/home/opam/.opam/system/build/obuild.0.1.2)
- COMPILING fugue
- COMPILING filepath
- COMPILING filesystem
- BUILDING library obuild_ext.cmxa
- COMPILING types
- COMPILING gconf
- COMPILING filetype
- COMPILING dag
- COMPILING libname
- COMPILING pp
- COMPILING expr
- COMPILING utils
- COMPILING modname
- COMPILING taskdep
- COMPILING helper
- COMPILING dagutils
- COMPILING process
- COMPILING findlibConf
- COMPILING scheduler
- COMPILING prog
- COMPILING dependencies
- COMPILING generators
- COMPILING hier
- COMPILING meta
- COMPILING target
- COMPILING dist
- COMPILING project
- COMPILING analyze
- COMPILING configure
- COMPILING prepare
- COMPILING buildprogs
- COMPILING build
- COMPILING exception
- BUILDING library obuild.cmxa
- COMPILING sdist
- COMPILING doc
- COMPILING init
- COMPILING help
- COMPILING install
- COMPILING path_generated
- COMPILING main
- LINKING obuild.bootstrap
- Configuring obuild-0.1.2...
- [ 1 of 55] Compiling Ext.Fugue                     
- [ 2 of 55] Intfing Ext.Filepath                  
- [ 3 of 55] Compiling Ext.Filepath                  
- [ 4 of 55] Intfing Ext.Filesystem                
- [ 5 of 55] Compiling Ext.Filesystem                
- [ 6 of 55] Packing Ext                           
- [ 7 of 55] Linking library dist/build/lib-obuild.ext/obuild_ext.cmxa
- [ 7 of 55] Linking library dist/build/lib-obuild.ext/obuild_ext.cmxs
- [ 7 of 55] Linking library dist/build/lib-obuild.ext/obuild_ext.cma
- [ 8 of 55] Checking dist/build/lib-obuild.ext
- [ 9 of 55] Compiling Obuild.Dag                    
- [10 of 55] Compiling Obuild.Filetype               
- [11 of 55] Compiling Obuild.Expr                   
- [12 of 55] Compiling Obuild.Gconf                  
- [13 of 55] Compiling Obuild.Modname                
- [14 of 55] Compiling Obuild.Types                  
- [15 of 55] Compiling Obuild.Pp                     
- [16 of 55] Compiling Obuild.Taskdep                
- [17 of 55] Compiling Obuild.Libname                
- [18 of 55] Compiling Obuild.Utils                  
- [19 of 55] Compiling Obuild.Dagutils               
- [20 of 55] Compiling Obuild.Helper                 
- [21 of 55] Compiling Obuild.Process                
- [22 of 55] Compiling Obuild.Scheduler              
- [23 of 55] Compiling Obuild.FindlibConf            
- [24 of 55] Compiling Obuild.Prog                   
- [25 of 55] Compiling Obuild.Generators             
- [26 of 55] Compiling Obuild.Dependencies           
- [27 of 55] Compiling Obuild.Hier                   
- [28 of 55] Compiling Obuild.Meta                   
- [29 of 55] Compiling Obuild.Target                 
- [30 of 55] Compiling Obuild.Project                
- [31 of 55] Compiling Obuild.Dist                   
- [32 of 55] Compiling Obuild.Analyze                
- [33 of 55] Compiling Obuild.Configure              
- [34 of 55] Compiling Obuild.Prepare                
- [35 of 55] Compiling Obuild.Buildprogs             
- [36 of 55] Compiling Obuild.Build                  
- [37 of 55] Compiling Obuild.Exception              
- [38 of 55] Packing Obuild                        
- [39 of 55] Linking library dist/build/lib-obuild/obuild.cmxa
- [39 of 55] Linking library dist/build/lib-obuild/obuild.cmxs
- [39 of 55] Linking library dist/build/lib-obuild/obuild.cma
- [40 of 55] Checking dist/build/lib-obuild
- [41 of 55] Compiling Assimilate_oasis              
- [42 of 55] Compiling Simple                        
- [43 of 55] Compiling Install                       
- [44 of 55] Compiling Doc                           
- [45 of 55] Compiling Sdist                         
- [46 of 55] Compiling Help                          
- [47 of 55] Compiling Path_generated                
- [48 of 55] Compiling Init                          
- [49 of 55] Linking executable dist/build/obuild-from-oasis/obuild-from-oasis
- [50 of 55] Linking executable dist/build/obuild-simple/obuild-simple
- [51 of 55] Compiling Main                          
- [52 of 55] Checking dist/build/obuild-from-oasis
- [53 of 55] Checking dist/build/obuild-simple
- [54 of 55] Linking executable dist/build/obuild/obuild
- [55 of 55] Checking dist/build/obuild
- File "dag.ml", line 194, characters 23-34:
- Warning 3: deprecated: String.copy
- File "dag.ml", line 197, characters 39-62:
- Warning 3: deprecated: String.set
- Use Bytes.set instead.
- File "process.ml", line 57, characters 12-25:
- Warning 3: deprecated: String.create
- Use Bytes.create instead.
- File "ext/filesystem.ml", line 18, characters 11-216:
- Warning 4: this pattern-matching is fragile.
- It will remain exhaustive when constructors are added to type Unix.file_kind.
- File "ext/filesystem.ml", line 18, characters 11-216:
- Warning 4: this pattern-matching is fragile.
- It will remain exhaustive when constructors are added to type Unix.file_kind.
- 
- File "obuild/dag.ml", line 194, characters 23-34:
- Warning 3: deprecated: String.copy
- File "obuild/dag.ml", line 197, characters 39-62:
- Warning 3: deprecated: String.set
- Use Bytes.set instead.
- 
- File "obuild/expr.ml", line 157, characters 8-232:
- Warning 4: this pattern-matching is fragile.
- It will remain exhaustive when constructors are added to type Token.t.
- File "obuild/expr.ml", line 157, characters 8-232:
- Warning 4: this pattern-matching is fragile.
- It will remain exhaustive when constructors are added to type Token.t.
- File "obuild/expr.ml", line 150, characters 4-849:
- Warning 4: this pattern-matching is fragile.
- It will remain exhaustive when constructors are added to type Token.t.
- File "obuild/expr.ml", line 150, characters 4-849:
- Warning 4: this pattern-matching is fragile.
- It will remain exhaustive when constructors are added to type Token.t.
- File "obuild/expr.ml", line 174, characters 4-205:
- Warning 4: this pattern-matching is fragile.
- It will remain exhaustive when constructors are added to type Token.t.
- File "obuild/expr.ml", line 174, characters 4-205:
- Warning 4: this pattern-matching is fragile.
- It will remain exhaustive when constructors are added to type Token.t.
- File "obuild/expr.ml", line 209, characters 2-232:
- Warning 4: this pattern-matching is fragile.
- It will remain exhaustive when constructors are added to type Token.t.
- File "obuild/expr.ml", line 209, characters 2-232:
- Warning 4: this pattern-matching is fragile.
- It will remain exhaustive when constructors are added to type Token.t.
- 
- File "obuild/process.ml", line 57, characters 12-25:
- Warning 3: deprecated: String.create
- Use Bytes.create instead.
- File "obuild/process.ml", line 94, characters 2-193:
- Warning 4: this pattern-matching is fragile.
- It will remain exhaustive when constructors are added to type Unix.process_status.
- File "obuild/process.ml", line 94, characters 2-193:
- Warning 4: this pattern-matching is fragile.
- It will remain exhaustive when constructors are added to type Unix.process_status.
- 
- File "obuild/generators.ml", line 21, characters 10-102:
- Warning 4: this pattern-matching is fragile.
- It will remain exhaustive when constructors are added to type Filetype.t.
- File "obuild/generators.ml", line 21, characters 10-102:
- Warning 4: this pattern-matching is fragile.
- It will remain exhaustive when constructors are added to type Filetype.t.
- 
- File "obuild/meta.ml", line 125, characters 29-147:
- Warning 4: this pattern-matching is fragile.
- It will remain exhaustive when constructors are added to type Predicate.t.
- File "obuild/meta.ml", line 125, characters 29-147:
- Warning 4: this pattern-matching is fragile.
- It will remain exhaustive when constructors are added to type Predicate.t.
- File "obuild/meta.ml", line 301, characters 27-147:
- Warning 4: this pattern-matching is fragile.
- It will remain exhaustive when constructors are added to type t.
- File "obuild/meta.ml", line 301, characters 27-147:
- Warning 4: this pattern-matching is fragile.
- It will remain exhaustive when constructors are added to type t.
- File "obuild/meta.ml", line 305, characters 28-300:
- Warning 4: this pattern-matching is fragile.
- It will remain exhaustive when constructors are added to type t.
- File "obuild/meta.ml", line 305, characters 28-300:
- Warning 4: this pattern-matching is fragile.
- It will remain exhaustive when constructors are added to type t.
- File "obuild/meta.ml", line 314, characters 48-235:
- Warning 4: this pattern-matching is fragile.
- It will remain exhaustive when constructors are added to type t.
- File "obuild/meta.ml", line 314, characters 48-235:
- Warning 4: this pattern-matching is fragile.
- It will remain exhaustive when constructors are added to type t.
- File "obuild/meta.ml", line 320, characters 48-251:
- Warning 4: this pattern-matching is fragile.
- It will remain exhaustive when constructors are added to type t.
- File "obuild/meta.ml", line 320, characters 48-251:
- Warning 4: this pattern-matching is fragile.
- It will remain exhaustive when constructors are added to type t.
- File "obuild/meta.ml", line 311, characters 40-683:
- Warning 4: this pattern-matching is fragile.
- It will remain exhaustive when constructors are added to type t.
- File "obuild/meta.ml", line 311, characters 40-683:
- Warning 4: this pattern-matching is fragile.
- It will remain exhaustive when constructors are added to type t.
- File "obuild/meta.ml", line 327, characters 38-399:
- Warning 4: this pattern-matching is fragile.
- It will remain exhaustive when constructors are added to type t.
- File "obuild/meta.ml", line 327, characters 38-399:
- Warning 4: this pattern-matching is fragile.
- It will remain exhaustive when constructors are added to type t.
- File "obuild/meta.ml", line 348, characters 10-386:
- Warning 4: this pattern-matching is fragile.
- It will remain exhaustive when constructors are added to type t.
- File "obuild/meta.ml", line 348, characters 10-386:
- Warning 4: this pattern-matching is fragile.
- It will remain exhaustive when constructors are added to type t.
- File "obuild/meta.ml", line 344, characters 29-689:
- Warning 4: this pattern-matching is fragile.
- It will remain exhaustive when constructors are added to type t.
- File "obuild/meta.ml", line 344, characters 29-689:
- Warning 4: this pattern-matching is fragile.
- It will remain exhaustive when constructors are added to type t.
- File "obuild/meta.ml", line 364, characters 8-411:
- Warning 4: this pattern-matching is fragile.
- It will remain exhaustive when constructors are added to type t.
- File "obuild/meta.ml", line 364, characters 8-411:
- Warning 4: this pattern-matching is fragile.
- It will remain exhaustive when constructors are added to type t.
- File "obuild/meta.ml", line 377, characters 26-158:
- Warning 4: this pattern-matching is fragile.
- It will remain exhaustive when constructors are added to type t.
- File "obuild/meta.ml", line 377, characters 26-158:
- Warning 4: this pattern-matching is fragile.
- It will remain exhaustive when constructors are added to type t.
- File "obuild/meta.ml", line 382, characters 8-144:
- Warning 4: this pattern-matching is fragile.
- It will remain exhaustive when constructors are added to type t.
- File "obuild/meta.ml", line 382, characters 8-144:
- Warning 4: this pattern-matching is fragile.
- It will remain exhaustive when constructors are added to type t.
- File "obuild/meta.ml", line 388, characters 8-251:
- Warning 4: this pattern-matching is fragile.
- It will remain exhaustive when constructors are added to type t.
- File "obuild/meta.ml", line 388, characters 8-251:
- Warning 4: this pattern-matching is fragile.
- It will remain exhaustive when constructors are added to type t.
- File "obuild/meta.ml", line 336, characters 31-3144:
- Warning 4: this pattern-matching is fragile.
- It will remain exhaustive when constructors are added to type t.
- File "obuild/meta.ml", line 336, characters 31-3144:
- Warning 4: this pattern-matching is fragile.
- It will remain exhaustive when constructors are added to type t.
- 
- File "obuild/analyze.ml", line 74, characters 8-94:
- Warning 4: this pattern-matching is fragile.
- It will remain exhaustive when constructors are added to type Target.Name.t.
- File "obuild/analyze.ml", line 74, characters 8-94:
- Warning 4: this pattern-matching is fragile.
- It will remain exhaustive when constructors are added to type Target.Name.t.
- File "obuild/analyze.ml", line 200, characters 22-471:
- Warning 4: this pattern-matching is fragile.
- It will remain exhaustive when constructors are added to type Meta.Predicate.t.
- File "obuild/analyze.ml", line 200, characters 22-471:
- Warning 4: this pattern-matching is fragile.
- It will remain exhaustive when constructors are added to type Meta.Predicate.t.
- File "obuild/analyze.ml", line 224, characters 10-182:
- Warning 4: this pattern-matching is fragile.
- It will remain exhaustive when constructors are added to type Target.Name.t.
- File "obuild/analyze.ml", line 224, characters 10-182:
- Warning 4: this pattern-matching is fragile.
- It will remain exhaustive when constructors are added to type Target.Name.t.
- 
- File "obuild/prepare.ml", line 167, characters 8-93:
- Warning 4: this pattern-matching is fragile.
- It will remain exhaustive when constructors are added to type Analyze.dependency_tag.
- File "obuild/prepare.ml", line 167, characters 8-93:
- Warning 4: this pattern-matching is fragile.
- It will remain exhaustive when constructors are added to type Analyze.dependency_tag.
- File "obuild/prepare.ml", line 214, characters 17-315:
- Warning 4: this pattern-matching is fragile.
- It will remain exhaustive when constructors are added to type Filetype.t.
- File "obuild/prepare.ml", line 214, characters 17-315:
- Warning 4: this pattern-matching is fragile.
- It will remain exhaustive when constructors are added to type Filetype.t.
- File "obuild/prepare.ml", line 416, characters 10-224:
- Warning 4: this pattern-matching is fragile.
- It will remain exhaustive when constructors are added to type compile_step.
- File "obuild/prepare.ml", line 416, characters 10-224:
- Warning 4: this pattern-matching is fragile.
- It will remain exhaustive when constructors are added to type compile_step.
- File "obuild/prepare.ml", line 479, characters 6-99:
- Warning 4: this pattern-matching is fragile.
- It will remain exhaustive when constructors are added to type Analyze.dep_type.
- File "obuild/prepare.ml", line 479, characters 6-99:
- Warning 4: this pattern-matching is fragile.
- It will remain exhaustive when constructors are added to type Analyze.dep_type.
- 
- File "obuild/build.ml", line 60, characters 45-688:
- Warning 4: this pattern-matching is fragile.
- It will remain exhaustive when constructors are added to type Filetype.t.
- File "obuild/build.ml", line 60, characters 45-688:
- Warning 4: this pattern-matching is fragile.
- It will remain exhaustive when constructors are added to type Filetype.t.
- File "obuild/build.ml", line 59, characters 4-1138:
- Warning 4: this pattern-matching is fragile.
- It will remain exhaustive when constructors are added to type Filetype.t.
- File "obuild/build.ml", line 59, characters 4-1138:
- Warning 4: this pattern-matching is fragile.
- It will remain exhaustive when constructors are added to type Filetype.t.
- File "obuild/build.ml", line 89, characters 6-63:
- Warning 4: this pattern-matching is fragile.
- It will remain exhaustive when constructors are added to type Types.ocaml_compiled_type.
- File "obuild/build.ml", line 89, characters 6-63:
- Warning 4: this pattern-matching is fragile.
- It will remain exhaustive when constructors are added to type Types.ocaml_compilation_option.
- File "obuild/build.ml", line 89, characters 6-63:
- Warning 4: this pattern-matching is fragile.
- It will remain exhaustive when constructors are added to type Types.ocaml_compiled_type.
- File "obuild/build.ml", line 89, characters 6-63:
- Warning 4: this pattern-matching is fragile.
- It will remain exhaustive when constructors are added to type Types.ocaml_compilation_option.
- File "obuild/build.ml", line 327, characters 22-124:
- Warning 4: this pattern-matching is fragile.
- It will remain exhaustive when constructors are added to type Types.ocaml_compilation_option.
- File "obuild/build.ml", line 327, characters 22-124:
- Warning 4: this pattern-matching is fragile.
- It will remain exhaustive when constructors are added to type Types.ocaml_compilation_option.
- File "obuild/build.ml", line 338, characters 13-458:
- Warning 4: this pattern-matching is fragile.
- It will remain exhaustive when constructors are added to type Target.Name.t.
- File "obuild/build.ml", line 338, characters 13-458:
- Warning 4: this pattern-matching is fragile.
- It will remain exhaustive when constructors are added to type Target.Name.t.
- File "obuild/build.ml", line 455, characters 40-160:
- Warning 4: this pattern-matching is fragile.
- It will remain exhaustive when constructors are added to type Prepare.compile_step.
- File "obuild/build.ml", line 455, characters 40-160:
- Warning 4: this pattern-matching is fragile.
- It will remain exhaustive when constructors are added to type Prepare.compile_step.
- 
- File "src/install.ml", line 21, characters 6-245:
- Warning 4: this pattern-matching is fragile.
- It will remain exhaustive when constructors are added to type Obuild.Filetype.t.
- File "src/install.ml", line 21, characters 6-245:
- Warning 4: this pattern-matching is fragile.
- It will remain exhaustive when constructors are added to type Obuild.Filetype.t.
- File "src/install.ml", line 27, characters 4-116:
- Warning 4: this pattern-matching is fragile.
- It will remain exhaustive when constructors are added to type Obuild.Filetype.t.
- File "src/install.ml", line 27, characters 4-116:
- Warning 4: this pattern-matching is fragile.
- It will remain exhaustive when constructors are added to type Obuild.Filetype.t.
- File "src/install.ml", line 43, characters 31-137:
- Warning 4: this pattern-matching is fragile.
- It will remain exhaustive when constructors are added to type Obuild.Target.Name.t.
- File "src/install.ml", line 43, characters 31-137:
- Warning 4: this pattern-matching is fragile.
- It will remain exhaustive when constructors are added to type Obuild.Target.Name.t.
- File "src/install.ml", line 47, characters 31-137:
- Warning 4: this pattern-matching is fragile.
- It will remain exhaustive when constructors are added to type Obuild.Target.Name.t.
- File "src/install.ml", line 47, characters 31-137:
- Warning 4: this pattern-matching is fragile.
- It will remain exhaustive when constructors are added to type Obuild.Target.Name.t.
- 
- File "src/doc.ml", line 15, characters 8-16:
- Warning 27: unused variable projFile.
- 
- File "src/sdist.ml", line 27, characters 11-169:
- Warning 4: this pattern-matching is fragile.
- It will remain exhaustive when constructors are added to type Obuild.Filetype.t.
- File "src/sdist.ml", line 27, characters 11-169:
- Warning 4: this pattern-matching is fragile.
- It will remain exhaustive when constructors are added to type Obuild.Filetype.t.
- File "src/sdist.ml", line 35, characters 12-154:
- Warning 4: this pattern-matching is fragile.
- It will remain exhaustive when constructors are added to type Obuild.Filetype.t.
- File "src/sdist.ml", line 35, characters 12-154:
- Warning 4: this pattern-matching is fragile.
- It will remain exhaustive when constructors are added to type Obuild.Filetype.t.
- File "src/sdist.ml", line 9, characters 17-27:
- Warning 27: unused variable isSnapshot.
- 
- 
- real	0m2.806s
- user	0m2.334s
- sys	0m1.479s
-> installed obuild.0.1.2
+ make "opt" (CWD=/home/opam/.opam/system/build/ocamlfind.1.5.5)
- for p in findlib; do ( cd src/$p; make opt ) || exit; done
- make[1]: Entering directory `/home/opam/.opam/system/build/ocamlfind.1.5.5/src/findlib'
- ocamldep *.ml *.mli >depend
- make[1]: Leaving directory `/home/opam/.opam/system/build/ocamlfind.1.5.5/src/findlib'
- make[1]: Entering directory `/home/opam/.opam/system/build/ocamlfind.1.5.5/src/findlib'
- ocamlopt -I +compiler-libs -c findlib_config.ml
- ocamlopt -I +compiler-libs -c fl_split.ml
- ocamlopt -I +compiler-libs -c fl_metatoken.ml
- ocamlopt -I +compiler-libs -c fl_meta.ml
- ocamlopt -I +compiler-libs -c fl_metascanner.ml
- ocamlopt -I +compiler-libs -c fl_topo.ml
- ocamlopt -I +compiler-libs -c fl_package_base.ml
- ocamlopt -I +compiler-libs -c findlib.ml
- ocamlopt -I +compiler-libs -c fl_args.ml
- ocamlopt -I +compiler-libs -a -o findlib.cmxa findlib_config.cmx fl_split.cmx fl_metatoken.cmx fl_meta.cmx fl_metascanner.cmx fl_topo.cmx fl_package_base.cmx findlib.cmx fl_args.cmx
- if [ 1 -gt 0 ]; then \
- 	    ocamlopt -I +compiler-libs -shared -o findlib.cmxs findlib_config.cmx fl_split.cmx fl_metatoken.cmx fl_meta.cmx fl_metascanner.cmx fl_topo.cmx fl_package_base.cmx findlib.cmx fl_args.cmx; \
- 	fi
- ocamlopt -I +compiler-libs -c ocaml_args.ml
- ocamlopt -I +compiler-libs -c frontend.ml
- File "fl_split.ml", line 114, characters 10-21:
- Warning 3: deprecated: String.copy
- File "fl_split.ml", line 118, characters 43-62:
- Warning 3: deprecated: String.set
- Use Bytes.set instead.
- File "fl_split.ml", line 119, characters 37-56:
- Warning 3: deprecated: String.set
- Use Bytes.set instead.
- File "fl_split.ml", line 123, characters 34-47:
- Warning 3: deprecated: String.set
- Use Bytes.set instead.
- File "fl_split.ml", line 124, characters 34-47:
- Warning 3: deprecated: String.set
- Use Bytes.set instead.
- File "fl_split.ml", line 126, characters 26-39:
- Warning 3: deprecated: String.set
- Use Bytes.set instead.
- File "fl_split.ml", line 127, characters 45-64:
- Warning 3: deprecated: String.set
- Use Bytes.set instead.
- File "fl_split.ml", line 128, characters 38-57:
- Warning 3: deprecated: String.set
- Use Bytes.set instead.
- File "fl_split.ml", line 136, characters 13-26:
- Warning 3: deprecated: String.create
- Use Bytes.create instead.
- File "fl_split.ml", line 140, characters 1-19:
- Warning 3: deprecated: String.set
- Use Bytes.set instead.
- File "fl_meta.mll", line 57, characters 13-26:
- Warning 3: deprecated: String.create
- Use Bytes.create instead.
- File "fl_meta.mll", line 61, characters 11-29:
- Warning 3: deprecated: String.set
- Use Bytes.set instead.
- File "fl_meta.mll", line 62, characters 11-22:
- Warning 3: deprecated: String.set
- Use Bytes.set instead.
- File "fl_metascanner.ml", line 111, characters 23-32:
- Warning 3: deprecated: Sort.list
- Use List.sort instead.
- File "fl_metascanner.ml", line 372, characters 20-29:
- Warning 3: deprecated: Sort.list
- Use List.sort instead.
- File "frontend.ml", line 32, characters 9-20:
- Warning 3: deprecated: String.copy
- File "frontend.ml", line 34, characters 24-36:
- Warning 3: deprecated: String.set
- Use Bytes.set instead.
- File "frontend.ml", line 1769, characters 16-29:
- Warning 3: deprecated: String.create
- Use Bytes.create instead.
- ocamlopt -I +compiler-libs -o ocamlfind_opt findlib.cmxa unix.cmxa \
- 		   ocaml_args.cmx frontend.cmx
- make[1]: Leaving directory `/home/opam/.opam/system/build/ocamlfind.1.5.5/src/findlib'
[ocamlfind: make install] Command started
+ make "install" (CWD=/home/opam/.opam/system/build/ocamlfind.1.5.5)
- mkdir -p "/home/opam/.opam/system/bin"
- mkdir -p "/home/opam/.opam/system/man"
- make install-config
- make[1]: Entering directory `/home/opam/.opam/system/build/ocamlfind.1.5.5'
- mkdir -p "`dirname \"/home/opam/.opam/system/lib/findlib.conf\"`"
- test -f "/home/opam/.opam/system/lib/findlib.conf" || cp findlib.conf "/home/opam/.opam/system/lib/findlib.conf"
- make[1]: Leaving directory `/home/opam/.opam/system/build/ocamlfind.1.5.5'
- for p in findlib; do ( cd src/$p; make install ); done
- make[1]: Entering directory `/home/opam/.opam/system/build/ocamlfind.1.5.5/src/findlib'
- mkdir -p "/home/opam/.opam/system/lib/findlib"
- mkdir -p "/home/opam/.opam/system/bin"
- test 0 -eq 0 || cp topfind "/usr/lib/ocaml"
- files=`../../tools/collect_files ../../Makefile.config findlib.cmi findlib.mli findlib.cma topfind.cmi topfind.mli fl_package_base.mli fl_package_base.cmi fl_metascanner.mli fl_metascanner.cmi fl_metatoken.cmi findlib_top.cma findlib.cmxa findlib.a findlib.cmxs META` && \
- 	cp $files "/home/opam/.opam/system/lib/findlib"
- f="ocamlfind"; { test -f ocamlfind_opt && f="ocamlfind_opt"; }; \
- 	cp $f "/home/opam/.opam/system/bin/ocamlfind"
- # the following "if" block is only needed for 4.00beta2
- if [ 1 -eq 0 -a -f "/usr/lib/ocaml/compiler-libs/topdirs.cmi" ]; then \
- 	    cd "/usr/lib/ocaml/compiler-libs/"; \
- 	    cp topdirs.cmi toploop.cmi "/home/opam/.opam/system/lib/findlib/"; \
- 	fi
- make[1]: Leaving directory `/home/opam/.opam/system/build/ocamlfind.1.5.5/src/findlib'
- make install-meta
- make[1]: Entering directory `/home/opam/.opam/system/build/ocamlfind.1.5.5'
- for x in `ls site-lib-src`; do if [ "$x" != "CVS" -a -f "site-lib-src/$x/META" ]; then mkdir -p "/home/opam/.opam/system/lib/$x"; cp site-lib-src/$x/META "/home/opam/.opam/system/lib/$x"; fi; done
- make[1]: Leaving directory `/home/opam/.opam/system/build/ocamlfind.1.5.5'
- cd src/findlib; make install-num-top
- make[1]: Entering directory `/home/opam/.opam/system/build/ocamlfind.1.5.5/src/findlib'
- mkdir -p "/home/opam/.opam/system/lib/num-top"
- cp num_top.cma num_top.cmi num_top_printers.cmi \
- 		"/home/opam/.opam/system/lib/num-top"
- make[1]: Leaving directory `/home/opam/.opam/system/build/ocamlfind.1.5.5/src/findlib'
- if [ 1 -eq 1 ]; then \
- 		cp tools/safe_camlp4 "/home/opam/.opam/system/bin"; \
- 	fi
- make install-doc
- make[1]: Entering directory `/home/opam/.opam/system/build/ocamlfind.1.5.5'
- mkdir -p /home/opam/.opam/system/man/man1 /home/opam/.opam/system/man/man3 /home/opam/.opam/system/man/man5
- cp doc/ref-man/ocamlfind.1 /home/opam/.opam/system/man/man1
- cp doc/ref-man/META.5 doc/ref-man/site-lib.5 doc/ref-man/findlib.conf.5 /home/opam/.opam/system/man/man5
- make[1]: Leaving directory `/home/opam/.opam/system/build/ocamlfind.1.5.5'
-> installed ocamlfind.1.5.5
[ctypes: make] Command started
+ make  (CWD=/home/opam/.opam/system/build/ctypes.0.2.3)
- ocaml src/discover/discover.ml -ocamlc "ocamlfind ocamlc"
- testing for brew: .............................. unavailable
- testing for pkg-config: ........................ available
- testing for libffi: ............................ available
- ocamlfind opt -c -o _build/src/configure/make_primitive_details.cmx     -I _build/src/configure  src/configure/make_primitive_details.ml
- cd _build/src/configure && ocamlfind ocamlc -c -ccopt -fPIC -ccopt -Wall -ccopt -O3 -o make_primitive_details_stubs.o ../../../src/configure/make_primitive_details_stubs.c
- ocamlfind opt -I _build -linkpkg      -o _build/configure.native _build/src/configure/make_primitive_details.cmx _build/src/configure/make_primitive_details_stubs.o
- _build/configure.native > src/ctypes/ctypes_primitives.ml
- ocamlfind ocamlc -package bigarray    -c -o _build/src/ctypes/common.cmo -I _build/src/ctypes  src/ctypes/common.ml
- ocamlfind ocamlc -c -o _build/src/ctypes/unsigned.cmi -I _build/src/ctypes  src/ctypes/unsigned.mli
- ocamlfind ocamlc -package bigarray    -c -o _build/src/ctypes/unsigned.cmo -I _build/src/ctypes  src/ctypes/unsigned.ml
- ocamlfind ocamlc -c -o _build/src/ctypes/signed.cmi -I _build/src/ctypes  src/ctypes/signed.mli
- ocamlfind ocamlc -package bigarray    -c -o _build/src/ctypes/signed.cmo -I _build/src/ctypes  src/ctypes/signed.ml
- ocamlfind ocamlc -package bigarray    -c -o _build/src/ctypes/primitives.cmo -I _build/src/ctypes  src/ctypes/primitives.ml
- ocamlfind ocamlc -package bigarray    -c -o _build/src/ctypes/ctypes_primitives.cmo -I _build/src/ctypes  src/ctypes/ctypes_primitives.ml
- ocamlfind ocamlc -package bigarray    -c -o _build/src/ctypes/ctypes_raw.cmo -I _build/src/ctypes  src/ctypes/ctypes_raw.ml
- ocamlfind ocamlc -package bigarray    -c -o _build/src/ctypes/memory_stubs.cmo -I _build/src/ctypes  src/ctypes/memory_stubs.ml
- ocamlfind ocamlc -package bigarray    -c -o _build/src/ctypes/std_view_stubs.cmo -I _build/src/ctypes  src/ctypes/std_view_stubs.ml
- ocamlfind ocamlc -package bigarray    -c -o _build/src/ctypes/value_printing_stubs.cmo -I _build/src/ctypes  src/ctypes/value_printing_stubs.ml
- ocamlfind ocamlc -package bigarray    -c -o _build/src/ctypes/bigarray_stubs.cmo -I _build/src/ctypes  src/ctypes/bigarray_stubs.ml
- ocamlfind ocamlc -c -o _build/src/ctypes/ctypes_bigarray.cmi -I _build/src/ctypes  src/ctypes/ctypes_bigarray.mli
- ocamlfind ocamlc -package bigarray    -c -o _build/src/ctypes/ctypes_bigarray.cmo -I _build/src/ctypes  src/ctypes/ctypes_bigarray.ml
- ocamlfind ocamlc -package bigarray    -c -o _build/src/ctypes/static.cmo -I _build/src/ctypes  src/ctypes/static.ml
- ocamlfind ocamlc -c -o _build/src/ctypes/structs.cmi -I _build/src/ctypes  src/ctypes/structs.mli
- ocamlfind ocamlc -package bigarray    -c -o _build/src/ctypes/structs.cmo -I _build/src/ctypes  src/ctypes/structs.ml
- ocamlfind ocamlc -c -o _build/src/ctypes/structs_computed.cmi -I _build/src/ctypes  src/ctypes/structs_computed.mli
- ocamlfind ocamlc -package bigarray    -c -o _build/src/ctypes/structs_computed.cmo -I _build/src/ctypes  src/ctypes/structs_computed.ml
- ocamlfind ocamlc -package bigarray    -c -o _build/src/ctypes/type_printing.cmo -I _build/src/ctypes  src/ctypes/type_printing.ml
- ocamlfind ocamlc -package bigarray    -c -o _build/src/ctypes/memory.cmo -I _build/src/ctypes  src/ctypes/memory.ml
- ocamlfind ocamlc -c -o _build/src/ctypes/coerce.cmi -I _build/src/ctypes  src/ctypes/coerce.mli
- ocamlfind ocamlc -package bigarray    -c -o _build/src/ctypes/coerce.cmo -I _build/src/ctypes  src/ctypes/coerce.ml
- ocamlfind ocamlc -package bigarray    -c -o _build/src/ctypes/std_views.cmo -I _build/src/ctypes  src/ctypes/std_views.ml
- ocamlfind ocamlc -package bigarray    -c -o _build/src/ctypes/value_printing.cmo -I _build/src/ctypes  src/ctypes/value_printing.ml
- ocamlfind ocamlc -c -o _build/src/ctypes/ctypes.cmi -I _build/src/ctypes  src/ctypes/ctypes.mli
- ocamlfind ocamlc -package bigarray    -c -o _build/src/ctypes/ctypes.cmo -I _build/src/ctypes  src/ctypes/ctypes.ml
- ocamlfind ocamlc -c -o _build/src/ctypes/posixTypes.cmi -I _build/src/ctypes  src/ctypes/posixTypes.mli
- ocamlfind ocamlc -package bigarray    -c -o _build/src/ctypes/posixTypes.cmo -I _build/src/ctypes  src/ctypes/posixTypes.ml
- ocamlfind ocamlc -a  -cclib -lctypes_stubs -dllib -lctypes_stubs -package bigarray   -o _build/ctypes.cma _build/src/ctypes/common.cmo _build/src/ctypes/unsigned.cmo _build/src/ctypes/signed.cmo _build/src/ctypes/primitives.cmo _build/src/ctypes/ctypes_primitives.cmo _build/src/ctypes/ctypes_raw.cmo _build/src/ctypes/memory_stubs.cmo _build/src/ctypes/std_view_stubs.cmo _build/src/ctypes/value_printing_stubs.cmo _build/src/ctypes/bigarray_stubs.cmo _build/src/ctypes/ctypes_bigarray.cmo _build/src/ctypes/static.cmo _build/src/ctypes/structs.cmo _build/src/ctypes/structs_computed.cmo _build/src/ctypes/type_printing.cmo _build/src/ctypes/memory.cmo _build/src/ctypes/coerce.cmo _build/src/ctypes/std_views.cmo _build/src/ctypes/value_printing.cmo _build/src/ctypes/ctypes.cmo _build/src/ctypes/posixTypes.cmo
- cd _build/src/ctypes && ocamlfind ocamlc -c -ccopt -fPIC -ccopt -Wall -ccopt -O3 -o ctypes_bigarray_stubs.o ../../../src/ctypes/ctypes_bigarray_stubs.c
- cd _build/src/ctypes && ocamlfind ocamlc -c -ccopt -fPIC -ccopt -Wall -ccopt -O3 -o managed_buffer_stubs.o ../../../src/ctypes/managed_buffer_stubs.c
- cd _build/src/ctypes && ocamlfind ocamlc -c -ccopt -fPIC -ccopt -Wall -ccopt -O3 -o posix_types_stubs.o ../../../src/ctypes/posix_types_stubs.c
- cd _build/src/ctypes && ocamlfind ocamlc -c -ccopt -fPIC -ccopt -Wall -ccopt -O3 -o raw_pointer_stubs.o ../../../src/ctypes/raw_pointer_stubs.c
- File "src/ctypes/structs_computed.ml", line 28, characters 2-591:
- Warning 8: this pattern-matching is not exhaustive.
- Here is an example of a value that is not matched:
- Primitive _
- File "src/ctypes/structs_computed.ml", line 44, characters 61-820:
- Warning 8: this pattern-matching is not exhaustive.
- Here is an example of a value that is not matched:
- Primitive _
- File "src/ctypes/memory.ml", line 302, characters 15-72:
- Warning 8: this pattern-matching is not exhaustive.
- Here is an example of a value that is not matched:
- {reftype=Primitive _}
- File "src/ctypes/memory.ml", line 303, characters 15-101:
- Warning 8: this pattern-matching is not exhaustive.
- Here is an example of a value that is not matched:
- {reftype=Array (Primitive _, _)}
- File "src/ctypes/value_printing.ml", line 25, characters 12-182:
- Warning 8: this pattern-matching is not exhaustive.
- Here is an example of a value that is not matched:
- {structured={reftype=Primitive _}}
- File "src/ctypes/value_printing.ml", line 31, characters 12-184:
- Warning 8: this pattern-matching is not exhaustive.
- Here is an example of a value that is not matched:
- {structured={reftype=Primitive _}}
- cd _build/src/ctypes && ocamlfind ocamlc -c -ccopt -fPIC -ccopt -Wall -ccopt -O3 -o type_info_stubs.o ../../../src/ctypes/type_info_stubs.c
- cd _build/src/ctypes && ocamlfind ocamlc -c -ccopt -fPIC -ccopt -Wall -ccopt -O3 -o unsigned_stubs.o ../../../src/ctypes/unsigned_stubs.c
- ocamlmklib -o _build/ctypes_stubs _build/src/ctypes/ctypes_bigarray_stubs.o _build/src/ctypes/managed_buffer_stubs.o _build/src/ctypes/posix_types_stubs.o _build/src/ctypes/raw_pointer_stubs.o _build/src/ctypes/type_info_stubs.o _build/src/ctypes/unsigned_stubs.o 
- ocamlfind opt -c -o _build/src/ctypes/common.cmx  -package bigarray   -I _build/src/ctypes  src/ctypes/common.ml
- ocamlfind opt -c -o _build/src/ctypes/unsigned.cmx  -package bigarray   -I _build/src/ctypes  src/ctypes/unsigned.ml
- ocamlfind opt -c -o _build/src/ctypes/signed.cmx  -package bigarray   -I _build/src/ctypes  src/ctypes/signed.ml
- ocamlfind opt -c -o _build/src/ctypes/primitives.cmx  -package bigarray   -I _build/src/ctypes  src/ctypes/primitives.ml
- ocamlfind opt -c -o _build/src/ctypes/ctypes_primitives.cmx  -package bigarray   -I _build/src/ctypes  src/ctypes/ctypes_primitives.ml
- ocamlfind opt -c -o _build/src/ctypes/ctypes_raw.cmx  -package bigarray   -I _build/src/ctypes  src/ctypes/ctypes_raw.ml
- ocamlfind opt -c -o _build/src/ctypes/memory_stubs.cmx  -package bigarray   -I _build/src/ctypes  src/ctypes/memory_stubs.ml
- ocamlfind opt -c -o _build/src/ctypes/std_view_stubs.cmx  -package bigarray   -I _build/src/ctypes  src/ctypes/std_view_stubs.ml
- ocamlfind opt -c -o _build/src/ctypes/value_printing_stubs.cmx  -package bigarray   -I _build/src/ctypes  src/ctypes/value_printing_stubs.ml
- ocamlfind opt -c -o _build/src/ctypes/bigarray_stubs.cmx  -package bigarray   -I _build/src/ctypes  src/ctypes/bigarray_stubs.ml
- ../../../src/ctypes/type_info_stubs.c: In function 'ctypes_string_of_prim':
- ../../../src/ctypes/type_info_stubs.c:146:3: warning: format '%ld' expects argument of type 'long int', but argument 4 has type 'int64' [-Wformat=]
-    case Int64_t: snprintf(buf, sizeof buf, "%" PRId64, Int64_val(v)); break;
-    ^
- ../../../src/ctypes/type_info_stubs.c:146:3: warning: format '%ld' expects argument of type 'long int', but argument 4 has type 'int64' [-Wformat=]
- ocamlfind opt -c -o _build/src/ctypes/ctypes_bigarray.cmx  -package bigarray   -I _build/src/ctypes  src/ctypes/ctypes_bigarray.ml
- ocamlfind opt -c -o _build/src/ctypes/static.cmx  -package bigarray   -I _build/src/ctypes  src/ctypes/static.ml
- ocamlfind opt -c -o _build/src/ctypes/structs.cmx  -package bigarray   -I _build/src/ctypes  src/ctypes/structs.ml
- ocamlfind opt -c -o _build/src/ctypes/structs_computed.cmx  -package bigarray   -I _build/src/ctypes  src/ctypes/structs_computed.ml
- ocamlfind opt -c -o _build/src/ctypes/type_printing.cmx  -package bigarray   -I _build/src/ctypes  src/ctypes/type_printing.ml
- ocamlfind opt -c -o _build/src/ctypes/memory.cmx  -package bigarray   -I _build/src/ctypes  src/ctypes/memory.ml
- ocamlfind opt -c -o _build/src/ctypes/coerce.cmx  -package bigarray   -I _build/src/ctypes  src/ctypes/coerce.ml
- ocamlfind opt -c -o _build/src/ctypes/std_views.cmx  -package bigarray   -I _build/src/ctypes  src/ctypes/std_views.ml
- ocamlfind opt -c -o _build/src/ctypes/value_printing.cmx  -package bigarray   -I _build/src/ctypes  src/ctypes/value_printing.ml
- ocamlfind opt -c -o _build/src/ctypes/ctypes.cmx  -package bigarray   -I _build/src/ctypes  src/ctypes/ctypes.ml
- ocamlfind opt -c -o _build/src/ctypes/posixTypes.cmx  -package bigarray   -I _build/src/ctypes  src/ctypes/posixTypes.ml
- ocamlfind opt -a -linkall  -package bigarray  -cclib -lctypes_stubs  -o _build/ctypes.cmxa _build/src/ctypes/common.cmx _build/src/ctypes/unsigned.cmx _build/src/ctypes/signed.cmx _build/src/ctypes/primitives.cmx _build/src/ctypes/ctypes_primitives.cmx _build/src/ctypes/ctypes_raw.cmx _build/src/ctypes/memory_stubs.cmx _build/src/ctypes/std_view_stubs.cmx _build/src/ctypes/value_printing_stubs.cmx _build/src/ctypes/bigarray_stubs.cmx _build/src/ctypes/ctypes_bigarray.cmx _build/src/ctypes/static.cmx _build/src/ctypes/structs.cmx _build/src/ctypes/structs_computed.cmx _build/src/ctypes/type_printing.cmx _build/src/ctypes/memory.cmx _build/src/ctypes/coerce.cmx _build/src/ctypes/std_views.cmx _build/src/ctypes/value_printing.cmx _build/src/ctypes/ctypes.cmx _build/src/ctypes/posixTypes.cmx
- ocamlfind opt -shared -linkall  -package bigarray   -o _build/ctypes.cmxs _build/src/ctypes/common.cmx _build/src/ctypes/unsigned.cmx _build/src/ctypes/signed.cmx _build/src/ctypes/primitives.cmx _build/src/ctypes/ctypes_primitives.cmx _build/src/ctypes/ctypes_raw.cmx _build/src/ctypes/memory_stubs.cmx _build/src/ctypes/std_view_stubs.cmx _build/src/ctypes/value_printing_stubs.cmx _build/src/ctypes/bigarray_stubs.cmx _build/src/ctypes/ctypes_bigarray.cmx _build/src/ctypes/static.cmx _build/src/ctypes/structs.cmx _build/src/ctypes/structs_computed.cmx _build/src/ctypes/type_printing.cmx _build/src/ctypes/memory.cmx _build/src/ctypes/coerce.cmx _build/src/ctypes/std_views.cmx _build/src/ctypes/value_printing.cmx _build/src/ctypes/ctypes.cmx _build/src/ctypes/posixTypes.cmx
- ocamlfind ocamlc -c -o _build/src/ctypes-foreign-base/closure_properties.cmi -I _build/src/ctypes-foreign-base -I _build/src/ctypes src/ctypes-foreign-base/closure_properties.mli
- ocamlfind ocamlc     -c -o _build/src/ctypes-foreign-base/closure_properties.cmo -I _build/src/ctypes-foreign-base -I _build/src/ctypes src/ctypes-foreign-base/closure_properties.ml
- ocamlfind ocamlc -c -o _build/src/ctypes-foreign-base/dl.cmi -I _build/src/ctypes-foreign-base -I _build/src/ctypes src/ctypes-foreign-base/dl.mli
- ocamlfind ocamlc     -c -o _build/src/ctypes-foreign-base/dl.cmo -I _build/src/ctypes-foreign-base -I _build/src/ctypes src/ctypes-foreign-base/dl.ml
- ocamlfind ocamlc     -c -o _build/src/ctypes-foreign-base/ffi_stubs.cmo -I _build/src/ctypes-foreign-base -I _build/src/ctypes src/ctypes-foreign-base/ffi_stubs.ml
- ocamlfind ocamlc -c -o _build/src/ctypes-foreign-base/weakRef.cmi -I _build/src/ctypes-foreign-base -I _build/src/ctypes src/ctypes-foreign-base/weakRef.mli
- ocamlfind ocamlc     -c -o _build/src/ctypes-foreign-base/weakRef.cmo -I _build/src/ctypes-foreign-base -I _build/src/ctypes src/ctypes-foreign-base/weakRef.ml
- ocamlfind ocamlc -c -o _build/src/ctypes-foreign-base/ffi.cmi -I _build/src/ctypes-foreign-base -I _build/src/ctypes src/ctypes-foreign-base/ffi.mli
- ocamlfind ocamlc     -c -o _build/src/ctypes-foreign-base/ffi.cmo -I _build/src/ctypes-foreign-base -I _build/src/ctypes src/ctypes-foreign-base/ffi.ml
- ocamlfind ocamlc     -c -o _build/src/ctypes-foreign-base/foreign_basis.cmo -I _build/src/ctypes-foreign-base -I _build/src/ctypes src/ctypes-foreign-base/foreign_basis.ml
- File "src/ctypes/structs_computed.ml", line 28, characters 2-591:
- Warning 8: this pattern-matching is not exhaustive.
- Here is an example of a value that is not matched:
- Primitive _
- File "src/ctypes/structs_computed.ml", line 44, characters 61-820:
- Warning 8: this pattern-matching is not exhaustive.
- Here is an example of a value that is not matched:
- Primitive _
- File "src/ctypes/memory.ml", line 302, characters 15-72:
- Warning 8: this pattern-matching is not exhaustive.
- Here is an example of a value that is not matched:
- {reftype=Primitive _}
- File "src/ctypes/memory.ml", line 303, characters 15-101:
- Warning 8: this pattern-matching is not exhaustive.
- Here is an example of a value that is not matched:
- {reftype=Array (Primitive _, _)}
- File "src/ctypes/value_printing.ml", line 25, characters 12-182:
- Warning 8: this pattern-matching is not exhaustive.
- Here is an example of a value that is not matched:
- {structured={reftype=Primitive _}}
- File "src/ctypes/value_printing.ml", line 31, characters 12-184:
- Warning 8: this pattern-matching is not exhaustive.
- Here is an example of a value that is not matched:
- {structured={reftype=Primitive _}}
- File "src/ctypes-foreign-base/ffi.ml", line 135, characters 41-43:
- Warning 10: this expression should have type unit.
- ocamlfind ocamlc -a  -cclib -lctypes-foreign-base_stubs -dllib -lctypes-foreign-base_stubs   -cclib -lffi -o _build/ctypes-foreign-base.cma _build/src/ctypes-foreign-base/closure_properties.cmo _build/src/ctypes-foreign-base/dl.cmo _build/src/ctypes-foreign-base/ffi_stubs.cmo _build/src/ctypes-foreign-base/weakRef.cmo _build/src/ctypes-foreign-base/ffi.cmo _build/src/ctypes-foreign-base/foreign_basis.cmo
- cd _build/src/ctypes-foreign-base && ocamlfind ocamlc -c -ccopt -fPIC -ccopt -Wall -ccopt -O3 -o dl_stubs.o ../../../src/ctypes-foreign-base/dl_stubs.c
- cd _build/src/ctypes-foreign-base && ocamlfind ocamlc -c -ccopt -fPIC -ccopt -Wall -ccopt -O3 -o ffi_call_stubs.o ../../../src/ctypes-foreign-base/ffi_call_stubs.c
- cd _build/src/ctypes-foreign-base && ocamlfind ocamlc -c -ccopt -fPIC -ccopt -Wall -ccopt -O3 -o ffi_type_stubs.o ../../../src/ctypes-foreign-base/ffi_type_stubs.c
- ocamlmklib -o _build/ctypes-foreign-base_stubs _build/src/ctypes-foreign-base/dl_stubs.o _build/src/ctypes-foreign-base/ffi_call_stubs.o _build/src/ctypes-foreign-base/ffi_type_stubs.o -lffi
- ocamlfind opt -c -o _build/src/ctypes-foreign-base/closure_properties.cmx     -I _build/src/ctypes-foreign-base -I _build/src/ctypes src/ctypes-foreign-base/closure_properties.ml
- ocamlfind opt -c -o _build/src/ctypes-foreign-base/dl.cmx     -I _build/src/ctypes-foreign-base -I _build/src/ctypes src/ctypes-foreign-base/dl.ml
- ocamlfind opt -c -o _build/src/ctypes-foreign-base/ffi_stubs.cmx     -I _build/src/ctypes-foreign-base -I _build/src/ctypes src/ctypes-foreign-base/ffi_stubs.ml
- ocamlfind opt -c -o _build/src/ctypes-foreign-base/weakRef.cmx     -I _build/src/ctypes-foreign-base -I _build/src/ctypes src/ctypes-foreign-base/weakRef.ml
- ocamlfind opt -c -o _build/src/ctypes-foreign-base/ffi.cmx     -I _build/src/ctypes-foreign-base -I _build/src/ctypes src/ctypes-foreign-base/ffi.ml
- ocamlfind opt -c -o _build/src/ctypes-foreign-base/foreign_basis.cmx     -I _build/src/ctypes-foreign-base -I _build/src/ctypes src/ctypes-foreign-base/foreign_basis.ml
- ocamlfind opt -a -linkall    -cclib -lctypes-foreign-base_stubs -cclib -lffi -o _build/ctypes-foreign-base.cmxa _build/src/ctypes-foreign-base/closure_properties.cmx _build/src/ctypes-foreign-base/dl.cmx _build/src/ctypes-foreign-base/ffi_stubs.cmx _build/src/ctypes-foreign-base/weakRef.cmx _build/src/ctypes-foreign-base/ffi.cmx _build/src/ctypes-foreign-base/foreign_basis.cmx
- ocamlfind opt -shared -linkall    -cclib -lffi -o _build/ctypes-foreign-base.cmxs _build/src/ctypes-foreign-base/closure_properties.cmx _build/src/ctypes-foreign-base/dl.cmx _build/src/ctypes-foreign-base/ffi_stubs.cmx _build/src/ctypes-foreign-base/weakRef.cmx _build/src/ctypes-foreign-base/ffi.cmx _build/src/ctypes-foreign-base/foreign_basis.cmx
- ocamlfind ocamlc -c -o _build/src/ctypes-foreign-threaded/foreign.cmi -I _build/src/ctypes-foreign-threaded -I _build/src/ctypes -I _build/src/ctypes-foreign-base src/ctypes-foreign-threaded/foreign.mli
- ocamlfind ocamlc  -package threads -thread  -c -o _build/src/ctypes-foreign-threaded/foreign.cmo -I _build/src/ctypes-foreign-threaded -I _build/src/ctypes -I _build/src/ctypes-foreign-base src/ctypes-foreign-threaded/foreign.ml
- ocamlfind ocamlc -a -thread   -package threads -cclib -lffi -o _build/ctypes-foreign-threaded.cma _build/src/ctypes-foreign-threaded/foreign.cmo
- ocamlfind opt -c -o _build/src/ctypes-foreign-threaded/foreign.cmx -thread  -package threads  -I _build/src/ctypes-foreign-threaded -I _build/src/ctypes -I _build/src/ctypes-foreign-base src/ctypes-foreign-threaded/foreign.ml
- ocamlfind opt -a -linkall -thread  -package threads  -cclib -lffi -o _build/ctypes-foreign-threaded.cmxa _build/src/ctypes-foreign-threaded/foreign.cmx
- ocamlfind opt -shared -linkall -thread  -package threads -cclib -lffi -o _build/ctypes-foreign-threaded.cmxs _build/src/ctypes-foreign-threaded/foreign.cmx
- ocamlfind ocamlc     -c -o _build/src/ctypes-foreign-unthreaded/gc_mutex.cmo -I _build/src/ctypes-foreign-unthreaded -I _build/src/ctypes -I _build/src/ctypes-foreign-base src/ctypes-foreign-unthreaded/gc_mutex.ml
- ocamlfind ocamlc -c -o _build/src/ctypes-foreign-unthreaded/foreign.cmi -I _build/src/ctypes-foreign-unthreaded -I _build/src/ctypes -I _build/src/ctypes-foreign-base src/ctypes-foreign-unthreaded/foreign.mli
- File "src/ctypes-foreign-base/ffi.ml", line 135, characters 41-43:
- Warning 10: this expression should have type unit.
- ocamlfind ocamlc     -c -o _build/src/ctypes-foreign-unthreaded/foreign.cmo -I _build/src/ctypes-foreign-unthreaded -I _build/src/ctypes -I _build/src/ctypes-foreign-base src/ctypes-foreign-unthreaded/foreign.ml
- ocamlfind ocamlc -a     -cclib -lffi -o _build/ctypes-foreign-unthreaded.cma _build/src/ctypes-foreign-unthreaded/gc_mutex.cmo _build/src/ctypes-foreign-unthreaded/foreign.cmo
- ocamlfind opt -c -o _build/src/ctypes-foreign-unthreaded/gc_mutex.cmx     -I _build/src/ctypes-foreign-unthreaded -I _build/src/ctypes -I _build/src/ctypes-foreign-base src/ctypes-foreign-unthreaded/gc_mutex.ml
- ocamlfind opt -c -o _build/src/ctypes-foreign-unthreaded/foreign.cmx     -I _build/src/ctypes-foreign-unthreaded -I _build/src/ctypes -I _build/src/ctypes-foreign-base src/ctypes-foreign-unthreaded/foreign.ml
- ocamlfind opt -a -linkall     -cclib -lffi -o _build/ctypes-foreign-unthreaded.cmxa _build/src/ctypes-foreign-unthreaded/gc_mutex.cmx _build/src/ctypes-foreign-unthreaded/foreign.cmx
- ocamlfind opt -shared -linkall    -cclib -lffi -o _build/ctypes-foreign-unthreaded.cmxs _build/src/ctypes-foreign-unthreaded/gc_mutex.cmx _build/src/ctypes-foreign-unthreaded/foreign.cmx
- ocamlfind ocamlc -c -o _build/src/ctypes-top/ctypes_printers.cmi -I _build/src/ctypes-top -I _build/src/ctypes src/ctypes-top/ctypes_printers.mli
- ocamlfind ocamlc -package compiler-libs    -c -o _build/src/ctypes-top/ctypes_printers.cmo -I _build/src/ctypes-top -I _build/src/ctypes src/ctypes-top/ctypes_printers.ml
- ocamlfind ocamlc -package compiler-libs    -c -o _build/src/ctypes-top/install_printers.cmo -I _build/src/ctypes-top -I _build/src/ctypes src/ctypes-top/install_printers.ml
- ocamlfind ocamlc -a   -package compiler-libs   -o _build/ctypes-top.cma _build/src/ctypes-top/ctypes_printers.cmo _build/src/ctypes-top/install_printers.cmo
- ocamlfind opt -c -o _build/src/ctypes-top/ctypes_printers.cmx  -package compiler-libs   -I _build/src/ctypes-top -I _build/src/ctypes src/ctypes-top/ctypes_printers.ml
- ocamlfind opt -c -o _build/src/ctypes-top/install_printers.cmx  -package compiler-libs   -I _build/src/ctypes-top -I _build/src/ctypes src/ctypes-top/install_printers.ml
- ocamlfind opt -a -linkall  -package compiler-libs    -o _build/ctypes-top.cmxa _build/src/ctypes-top/ctypes_printers.cmx _build/src/ctypes-top/install_printers.cmx
- ocamlfind opt -shared -linkall  -package compiler-libs   -o _build/ctypes-top.cmxs _build/src/ctypes-top/ctypes_printers.cmx _build/src/ctypes-top/install_printers.cmx
- findlib: [WARNING] Interface topdirs.cmi occurs in several directories: /usr/lib/ocaml, /usr/lib/ocaml/compiler-libs
- findlib: [WARNING] Interface topdirs.cmi occurs in several directories: /usr/lib/ocaml, /usr/lib/ocaml/compiler-libs
- findlib: [WARNING] Interface topdirs.cmi occurs in several directories: /usr/lib/ocaml, /usr/lib/ocaml/compiler-libs
- findlib: [WARNING] Interface topdirs.cmi occurs in several directories: /usr/lib/ocaml, /usr/lib/ocaml/compiler-libs
- findlib: [WARNING] Interface topdirs.cmi occurs in several directories: /usr/lib/ocaml, /usr/lib/ocaml/compiler-libs
- findlib: [WARNING] Interface topdirs.cmi occurs in several directories: /usr/lib/ocaml, /usr/lib/ocaml/compiler-libs
- findlib: [WARNING] Interface topdirs.cmi occurs in several directories: /usr/lib/ocaml, /usr/lib/ocaml/compiler-libs
[ctypes: make install] Command started
+ make "install" (CWD=/home/opam/.opam/system/build/ctypes.0.2.3)
- ocamlfind install ctypes META
- ocamlfind install -add ctypes  _build/ctypes.cma _build/dllctypes_stubs.so _build/ctypes.cmxa _build/ctypes.cmxs _build/libctypes_stubs.a _build/ctypes.a src/ctypes/unsigned.mli src/ctypes/signed.mli src/ctypes/structs.mli src/ctypes/ctypes.mli src/ctypes/posixTypes.mli _build/src/ctypes/unsigned.cmi _build/src/ctypes/signed.cmi _build/src/ctypes/structs.cmi _build/src/ctypes/ctypes.cmi _build/src/ctypes/posixTypes.cmi _build/src/ctypes/common.cmx _build/src/ctypes/unsigned.cmx _build/src/ctypes/signed.cmx _build/src/ctypes/primitives.cmx _build/src/ctypes/ctypes_primitives.cmx _build/src/ctypes/ctypes_raw.cmx _build/src/ctypes/memory_stubs.cmx _build/src/ctypes/std_view_stubs.cmx _build/src/ctypes/value_printing_stubs.cmx _build/src/ctypes/bigarray_stubs.cmx _build/src/ctypes/ctypes_bigarray.cmx _build/src/ctypes/static.cmx _build/src/ctypes/structs.cmx _build/src/ctypes/structs_computed.cmx _build/src/ctypes/type_printing.cmx _build/src/ctypes/memory.cmx _build/src/ctypes/coerce.cmx _build/src/ctypes/std_views.cmx _build/src/ctypes/value_printing.cmx _build/src/ctypes/ctypes.cmx _build/src/ctypes/posixTypes.cmx
- ocamlfind install -add ctypes  _build/ctypes-foreign-base.cma _build/dllctypes-foreign-base_stubs.so _build/ctypes-foreign-base.cmxa _build/ctypes-foreign-base.cmxs _build/libctypes-foreign-base_stubs.a _build/ctypes-foreign-base.a src/ctypes-foreign-base/dl.mli _build/src/ctypes-foreign-base/dl.cmi _build/src/ctypes-foreign-base/closure_properties.cmx _build/src/ctypes-foreign-base/dl.cmx _build/src/ctypes-foreign-base/ffi_stubs.cmx _build/src/ctypes-foreign-base/weakRef.cmx _build/src/ctypes-foreign-base/ffi.cmx _build/src/ctypes-foreign-base/foreign_basis.cmx
- ocamlfind install -add ctypes  _build/ctypes-foreign-threaded.cma  _build/ctypes-foreign-threaded.cmxa _build/ctypes-foreign-threaded.cmxs  _build/ctypes-foreign-threaded.a src/ctypes-foreign-threaded/foreign.mli _build/src/ctypes-foreign-threaded/foreign.cmi 
- ocamlfind install -add ctypes  _build/ctypes-foreign-unthreaded.cma  _build/ctypes-foreign-unthreaded.cmxa _build/ctypes-foreign-unthreaded.cmxs  _build/ctypes-foreign-unthreaded.a src/ctypes-foreign-unthreaded/foreign.mli _build/src/ctypes-foreign-unthreaded/foreign.cmi 
- ocamlfind install -add ctypes  _build/ctypes-top.cma  _build/ctypes-top.cmxa _build/ctypes-top.cmxs  _build/ctypes-top.a src/ctypes-top/ctypes_printers.mli _build/src/ctypes-top/ctypes_printers.cmi _build/src/ctypes-top/ctypes_printers.cmx _build/src/ctypes-top/install_printers.cmx
- Installed /home/opam/.opam/system/lib/ctypes/META
- Installed /home/opam/.opam/system/lib/ctypes/posixTypes.cmx
- Installed /home/opam/.opam/system/lib/ctypes/ctypes.cmx
- Installed /home/opam/.opam/system/lib/ctypes/value_printing.cmx
- Installed /home/opam/.opam/system/lib/ctypes/std_views.cmx
- Installed /home/opam/.opam/system/lib/ctypes/coerce.cmx
- Installed /home/opam/.opam/system/lib/ctypes/memory.cmx
- Installed /home/opam/.opam/system/lib/ctypes/type_printing.cmx
- Installed /home/opam/.opam/system/lib/ctypes/structs_computed.cmx
- Installed /home/opam/.opam/system/lib/ctypes/structs.cmx
- Installed /home/opam/.opam/system/lib/ctypes/static.cmx
- Installed /home/opam/.opam/system/lib/ctypes/ctypes_bigarray.cmx
- Installed /home/opam/.opam/system/lib/ctypes/bigarray_stubs.cmx
- Installed /home/opam/.opam/system/lib/ctypes/value_printing_stubs.cmx
- Installed /home/opam/.opam/system/lib/ctypes/std_view_stubs.cmx
- Installed /home/opam/.opam/system/lib/ctypes/memory_stubs.cmx
- Installed /home/opam/.opam/system/lib/ctypes/ctypes_raw.cmx
- Installed /home/opam/.opam/system/lib/ctypes/ctypes_primitives.cmx
- Installed /home/opam/.opam/system/lib/ctypes/primitives.cmx
- Installed /home/opam/.opam/system/lib/ctypes/signed.cmx
- Installed /home/opam/.opam/system/lib/ctypes/unsigned.cmx
- Installed /home/opam/.opam/system/lib/ctypes/common.cmx
- Installed /home/opam/.opam/system/lib/ctypes/posixTypes.cmi
- Installed /home/opam/.opam/system/lib/ctypes/ctypes.cmi
- Installed /home/opam/.opam/system/lib/ctypes/structs.cmi
- Installed /home/opam/.opam/system/lib/ctypes/signed.cmi
- Installed /home/opam/.opam/system/lib/ctypes/unsigned.cmi
- Installed /home/opam/.opam/system/lib/ctypes/posixTypes.mli
- Installed /home/opam/.opam/system/lib/ctypes/ctypes.mli
- Installed /home/opam/.opam/system/lib/ctypes/structs.mli
- Installed /home/opam/.opam/system/lib/ctypes/signed.mli
- Installed /home/opam/.opam/system/lib/ctypes/unsigned.mli
- Installed /home/opam/.opam/system/lib/ctypes/ctypes.a
- Installed /home/opam/.opam/system/lib/ctypes/libctypes_stubs.a
- Installed /home/opam/.opam/system/lib/ctypes/ctypes.cmxs
- Installed /home/opam/.opam/system/lib/ctypes/ctypes.cmxa
- Installed /home/opam/.opam/system/lib/ctypes/ctypes.cma
- Installed /home/opam/.opam/system/lib/stublibs/dllctypes_stubs.so
- Installed /home/opam/.opam/system/lib/stublibs/dllctypes_stubs.so.owner
- ocamlfind: [WARNING] You have installed DLLs but the directory /home/opam/.opam/system/lib/stublibs is not mentioned in ld.conf
- Installed /home/opam/.opam/system/lib/ctypes/foreign_basis.cmx
- Installed /home/opam/.opam/system/lib/ctypes/ffi.cmx
- Installed /home/opam/.opam/system/lib/ctypes/weakRef.cmx
- Installed /home/opam/.opam/system/lib/ctypes/ffi_stubs.cmx
- Installed /home/opam/.opam/system/lib/ctypes/dl.cmx
- Installed /home/opam/.opam/system/lib/ctypes/closure_properties.cmx
- Installed /home/opam/.opam/system/lib/ctypes/dl.cmi
- Installed /home/opam/.opam/system/lib/ctypes/dl.mli
- Installed /home/opam/.opam/system/lib/ctypes/ctypes-foreign-base.a
- Installed /home/opam/.opam/system/lib/ctypes/libctypes-foreign-base_stubs.a
- Installed /home/opam/.opam/system/lib/ctypes/ctypes-foreign-base.cmxs
- Installed /home/opam/.opam/system/lib/ctypes/ctypes-foreign-base.cmxa
- Installed /home/opam/.opam/system/lib/ctypes/ctypes-foreign-base.cma
- Installed /home/opam/.opam/system/lib/stublibs/dllctypes-foreign-base_stubs.so
- Installed /home/opam/.opam/system/lib/stublibs/dllctypes-foreign-base_stubs.so.owner
- ocamlfind: [WARNING] You have installed DLLs but the directory /home/opam/.opam/system/lib/stublibs is not mentioned in ld.conf
- Installed /home/opam/.opam/system/lib/ctypes/foreign.cmi
- Installed /home/opam/.opam/system/lib/ctypes/foreign.mli
- Installed /home/opam/.opam/system/lib/ctypes/ctypes-foreign-threaded.a
- Installed /home/opam/.opam/system/lib/ctypes/ctypes-foreign-threaded.cmxs
- Installed /home/opam/.opam/system/lib/ctypes/ctypes-foreign-threaded.cmxa
- Installed /home/opam/.opam/system/lib/ctypes/ctypes-foreign-threaded.cma
- ocamlfind: [WARNING] Overwriting file /home/opam/.opam/system/lib/ctypes/foreign.cmi
- Installed /home/opam/.opam/system/lib/ctypes/foreign.cmi
- ocamlfind: [WARNING] Overwriting file /home/opam/.opam/system/lib/ctypes/foreign.mli
- Installed /home/opam/.opam/system/lib/ctypes/foreign.mli
- Installed /home/opam/.opam/system/lib/ctypes/ctypes-foreign-unthreaded.a
- Installed /home/opam/.opam/system/lib/ctypes/ctypes-foreign-unthreaded.cmxs
- Installed /home/opam/.opam/system/lib/ctypes/ctypes-foreign-unthreaded.cmxa
- Installed /home/opam/.opam/system/lib/ctypes/ctypes-foreign-unthreaded.cma
- Installed /home/opam/.opam/system/lib/ctypes/install_printers.cmx
- Installed /home/opam/.opam/system/lib/ctypes/ctypes_printers.cmx
- Installed /home/opam/.opam/system/lib/ctypes/ctypes_printers.cmi
- Installed /home/opam/.opam/system/lib/ctypes/ctypes_printers.mli
- Installed /home/opam/.opam/system/lib/ctypes/ctypes-top.a
- Installed /home/opam/.opam/system/lib/ctypes/ctypes-top.cmxs
- Installed /home/opam/.opam/system/lib/ctypes/ctypes-top.cmxa
- Installed /home/opam/.opam/system/lib/ctypes/ctypes-top.cma
-> installed ctypes.0.2.3
[netlink: make] Command started
+ make  (CWD=/home/opam/.opam/system/build/netlink.0.1.0)
- obuild configure
- Configuring ocaml-libnl-0.1...
- obuild build
- [1 of 6] Compiling Netlink                       
- [2 of 6] Linking library dist/build/lib-netlink/netlink.cmxa
- [2 of 6] Linking library dist/build/lib-netlink/netlink.cmxs
- [2 of 6] Linking library dist/build/lib-netlink/netlink.cma
- [3 of 6] Checking dist/build/lib-netlink
- [4 of 6] Compiling Test                          
- [5 of 6] Linking executable dist/build/test/test
[ERROR] The compilation of netlink failed at "make".

#=== ERROR while installing netlink.0.1.0 =====================================#
# opam-version         1.2.1 (ab224ffd593a168871a14182d6e69d3a902c3f27)
# os                   linux
# command              make
# path                 /home/opam/.opam/system/build/netlink.0.1.0
# compiler             system (4.02.1)
# exit-code            2
# env-file             /home/opam/.opam/system/build/netlink.0.1.0/netlink-5-736596.env
# stdout-file          /home/opam/.opam/system/build/netlink.0.1.0/netlink-5-736596.out
# stderr-file          /home/opam/.opam/system/build/netlink.0.1.0/netlink-5-736596.err
### stdout ###
# [...]
# obuild configure
# Configuring ocaml-libnl-0.1...
# obuild build
# [1 of 6] Compiling Netlink                       
# [2 of 6] Linking library dist/build/lib-netlink/netlink.cmxa
# [2 of 6] Linking library dist/build/lib-netlink/netlink.cmxs
# [2 of 6] Linking library dist/build/lib-netlink/netlink.cma
# [3 of 6] Checking dist/build/lib-netlink
# [4 of 6] Compiling Test                          
# [5 of 6] Linking executable dist/build/test/test
### stderr ###
# warning: obuild META search paths and ocaml config mismatch
# [...]
#   * making sure that the ocamlfind program in your path is the right one (ocamlfind printconf)
# 
#   this is likely to cause various compilation problems
# 
# File "_none_", line 1:
# Error: No implementations provided for the following modules:
#          Mutex referenced from /home/opam/.opam/system/lib/ctypes/ctypes-foreign-threaded.cmxa(Foreign)
# 
# make: *** [build] Error 6


The former state can be restored with:
    opam switch import "~/.opam/system/backup/state-20150303212048.export"
'opam install netlink' failed.
- warning: obuild META search paths and ocaml config mismatch
- 
-   The ocamlfind configuration file used doesn't list the ocaml standard library 
-   as part of his search paths. something fishy is going on
-   You can solve the issue by:
-   * pointing OCAMLFIND_CONF environment to the right configuration file
-   * making sure that the ocamlfind program in your path is the right one (ocamlfind printconf)
- 
-   this is likely to cause various compilation problems
- warning: obuild META search paths and ocaml config mismatch
- 
-   The ocamlfind configuration file used doesn't list the ocaml standard library 
-   as part of his search paths. something fishy is going on
-   You can solve the issue by:
-   * pointing OCAMLFIND_CONF environment to the right configuration file
-   * making sure that the ocamlfind program in your path is the right one (ocamlfind printconf)
- 
-   this is likely to cause various compilation problems
- 
- File "_none_", line 1:
- Error: No implementations provided for the following modules:
-          Mutex referenced from /home/opam/.opam/system/lib/ctypes/ctypes-foreign-threaded.cmxa(Foreign)
- 
- make: *** [build] Error 6
[netlink: make uninstall] Command started
+ make "uninstall" (CWD=/home/opam/.opam/system/build/netlink.0.1.0)
- ocamlfind remove netlink
- ocamlfind: [WARNING] No such directory: /home/opam/.opam/system/lib/netlink


=-=- Error report -=-=-=-=-=-=-=-=-=-=-=-=-=-=-=-=-=-=-=-=-=-=-=-=-=-=-=-=-=-=-=
The following actions failed
  - install netlink 0.1.0
The following changes have been performed
  - install ctypes    0.2.3
  - install obuild    0.1.2
  - install ocamlfind 1.5.5
