+ uname -m
# Detecting depexts using flags: x86_64 linux debian
+ uname -s
+ lsb_release -i -s
+ opam list --safe --recursive --external=x86_64,linux,debian --required-by=p3
# The following system packages are needed:
#  - m4
+ opam list --safe --recursive --external=source,x86_64,linux,debian --required-by=p3
+ sudo apt-get update
Not running as root, the following command will be run through "sudo":
    apt-get update
Hit http://security.debian.org stable/updates InRelease
Ign http://download.opensuse.org  InRelease
Hit http://httpredir.debian.org stable InRelease
Get:1 http://httpredir.debian.org stable-updates InRelease [126 kB]
Hit http://download.opensuse.org  Release.gpg
Hit http://download.opensuse.org  Release
Get:2 http://security.debian.org stable/updates/main amd64 Packages [121 kB]
Get:3 http://httpredir.debian.org stable/main amd64 Packages [9038 kB]
Get:4 http://download.opensuse.org  Packages [5783 B]
Get:5 http://httpredir.debian.org stable-updates/main amd64 Packages [3612 B]
Fetched 9293 kB in 5s (1556 kB/s)
Reading package lists...
# OS package update successful
Not running as root, the following command will be run through "sudo":
    apt-get install -qq -yy m4
+ sudo apt-get install -qq -yy m4
# OS packages installation successful
The following actions will be performed:
  - install ocamlfind 1.5.5                                     [required by p3]
  - install p3        0.0.6
===== 2 to install =====

=-=- Gathering sources =-=-=-=-=-=-=-=-=-=-=-=-=-=-=-=-=-=-=-=-=-=-=-=-=-=-=-=-=
[ocamlfind: from default] Command started
[p3: http] Command started
[ocamlfind: from default] Command started
[default] http://opam-archive:8080/archives/ocamlfind.1.5.5+opam.tar.gz downloaded
[p3: http] Command started
[ERROR] Bad checksum for
        /home/opam/.opam/packages.dev/p3.0.0.6/v.2014-10-30.zip:
          - 03c718949f4f1e2fa5bd1bbbd39291df [expected result]
          - 81a07952b7dc23a976c981a6f7fb204d [actual result]
        This may be fixed by running `opam update`.

[ERROR] The sources of the following couldn't be obtained, aborting:
          - p3.0.0.6
        (This may be fixed by running 'opam update')
'opam install p3' failed.
