# Detecting depexts using flags: x86_64 linux centos
# The following system packages are needed:
#  - pcre-devel
Not running as root, system installation will be done through "sudo"
Loaded plugins: fastestmirror
Loading mirror speeds from cached hostfile
 * base: centos.openitc.uk
 * extras: anorien.csc.warwick.ac.uk
 * updates: mirror.sov.uk.goscomb.net
No packages marked for update
# OS package update successful
Not running as root, system installation will be done through "sudo"
Loaded plugins: fastestmirror
Loading mirror speeds from cached hostfile
 * base: mirrors.vooservers.com
 * extras: anorien.csc.warwick.ac.uk
 * updates: mirror.sov.uk.goscomb.net
Resolving Dependencies
--> Running transaction check
---> Package pcre-devel.x86_64 0:8.32-12.el7 will be installed
--> Finished Dependency Resolution

Dependencies Resolved

================================================================================
 Package             Arch            Version                Repository     Size
================================================================================
Installing:
 pcre-devel          x86_64          8.32-12.el7            base          477 k

Transaction Summary
================================================================================
Install  1 Package

Total download size: 477 k
Installed size: 1.4 M
Downloading packages:
Running transaction check
Running transaction test
Transaction test succeeded
Running transaction
  Installing : pcre-devel-8.32-12.el7.x86_64                                1/1 
  Verifying  : pcre-devel-8.32-12.el7.x86_64                                1/1 

Installed:
  pcre-devel.x86_64 0:8.32-12.el7                                               

Complete!
# OS packages installation successful
The following actions will be performed:
  - install camlp4          4.02.1+system                       [required by async, core_extended]
  - install conf-pkg-config 1.0                                 [required by conf-libpcre]
  - install ocamlfind       1.5.5                               [required by omake-mode]
  - install conf-libpcre    1                                   [required by pcre]
  - install type_conv       112.01.01                           [required by bin_prot]
  - install pipebang        110.01.00                           [required by core_extended]
  - install ounit           2.0.0                               [required by omake-mode]
  - install omake           0.9.8.6-0.rc1                       [required by omake-mode]
  - install inotify         2.0                                 [required by omake-mode]
  - install herelib         109.35.02                           [required by async_kernel, async_unix]
  - install pcre            7.1.3                               [required by omake-mode]
  - install variantslib     109.15.03                           [required by core_kernel, core]
  - install sexplib         112.24.00                           [required by core_extended]
  - install fieldslib       109.20.03                           [required by core_extended]
  - install enumerate       111.08.00                           [required by core_kernel, core]
  - install comparelib      109.60.00                           [required by core_extended]
  - install bin_prot        112.24.00                           [required by core_extended]
  - install pa_ounit        112.24.00                           [required by core_extended]
  - install pa_test         112.24.00                           [required by core_extended]
  - install typerep         112.24.00                           [required by core_kernel]
  - install pa_bench        112.06.00                           [required by core_kernel, core]
  - install custom_printf   112.24.00                           [required by core_extended]
  - install core_kernel     112.24.00                           [required by async_kernel]
  - install core            112.24.00                           [required by omake-mode]
  - install async_kernel    112.24.00                           [required by async]
  - install textutils       112.17.00                           [required by core_extended]
  - install re2             112.06.00                           [required by core_extended]
  - install async_unix      112.24.00                           [required by async]
  - install core_extended   112.24.00                           [required by omake-mode]
  - install async_extra     112.24.00                           [required by async]
  - install async           112.24.00                           [required by omake-mode]
  - install omake-mode      1.1.1        
===== 32 to install =====

=-=- Gathering sources =-=-=-=-=-=-=-=-=-=-=-=-=-=-=-=-=-=-=-=-=-=-=-=-=-=-=-=-=
[async: from default] Command started
[async_extra: from default] Command started
[async_kernel: from default] Command started
[async_extra: from default] Command started
[async: from default] Command started
[default] http://opam-archive:8080/archives/async.112.24.00+opam.tar.gz downloaded
[async_unix: from default] Command started
[default] http://opam-archive:8080/archives/async_extra.112.24.00+opam.tar.gz downloaded
[bin_prot: from default] Command started
[bin_prot: from default] Command started
[default] http://opam-archive:8080/archives/bin_prot.112.24.00+opam.tar.gz downloaded
[comparelib: from default] Command started
[async_kernel: from default] Command started
[default] http://opam-archive:8080/archives/async_kernel.112.24.00+opam.tar.gz downloaded
[core: from default] Command started
[comparelib: from default] Command started
[default] http://opam-archive:8080/archives/comparelib.109.60.00+opam.tar.gz downloaded
[core_extended: from default] Command started
[core: from default] Command started
[default] http://opam-archive:8080/archives/core.112.24.00+opam.tar.gz downloaded
[core_kernel: from default] Command started
[async_unix: from default] Command started
[core_kernel: from default] Command started
[default] http://opam-archive:8080/archives/async_unix.112.24.00+opam.tar.gz downloaded
[custom_printf: from default] Command started
[default] http://opam-archive:8080/archives/core_kernel.112.24.00+opam.tar.gz downloaded
[enumerate: from default] Command started
[enumerate: from default] Command started
[default] http://opam-archive:8080/archives/enumerate.111.08.00+opam.tar.gz downloaded
[fieldslib: from default] Command started
[fieldslib: from default] Command started
[default] http://opam-archive:8080/archives/fieldslib.109.20.03+opam.tar.gz downloaded
[herelib: from default] Command started
[core_extended: from default] Command started
[default] http://opam-archive:8080/archives/core_extended.112.24.00+opam.tar.gz downloaded
[inotify: from default] Command started
[herelib: from default] Command started
[default] http://opam-archive:8080/archives/herelib.109.35.02+opam.tar.gz downloaded
[ocamlfind: from default] Command started
[inotify: from default] Command started
[default] http://opam-archive:8080/archives/inotify.2.0+opam.tar.gz downloaded
[omake: from default] Command started
[ocamlfind: from default] Command started
[custom_printf: from default] Command started
[default] http://opam-archive:8080/archives/ocamlfind.1.5.5+opam.tar.gz downloaded
[omake-mode: http] Command started
[omake: from default] Command started
[default] http://opam-archive:8080/archives/custom_printf.112.24.00+opam.tar.gz downloaded
[ounit: from default] Command started
[default] http://opam-archive:8080/archives/omake.0.9.8.6-0.rc1+opam.tar.gz downloaded
[pa_bench: from default] Command started
[ounit: from default] Command started
[default] http://opam-archive:8080/archives/ounit.2.0.0+opam.tar.gz downloaded
[pa_ounit: from default] Command started
[pa_bench: from default] Command started
[default] http://opam-archive:8080/archives/pa_bench.112.06.00+opam.tar.gz downloaded
[pa_test: from default] Command started
[pa_ounit: from default] Command started
[default] http://opam-archive:8080/archives/pa_ounit.112.24.00+opam.tar.gz downloaded
[pcre: from default] Command started
[pa_test: from default] Command started
[default] http://opam-archive:8080/archives/pa_test.112.24.00+opam.tar.gz downloaded
[pipebang: from default] Command started
[pcre: from default] Command started
[default] http://opam-archive:8080/archives/pcre.7.1.3+opam.tar.gz downloaded
[re2: from default] Command started
[pipebang: from default] Command started
[default] http://opam-archive:8080/archives/pipebang.110.01.00+opam.tar.gz downloaded
[sexplib: http] Command started
[re2: from default] Command started
[default] http://opam-archive:8080/archives/re2.112.06.00+opam.tar.gz downloaded
[textutils: from default] Command started
[textutils: from default] Command started
[ERROR] curl: code 406 while downloading
        https://github.com/seanmcl/omake-mode/archive/1.1.1.tar.gz
[default] http://opam-archive:8080/archives/textutils.112.17.00+opam.tar.gz downloaded
[type_conv: from default] Command started
[type_conv: from default] Command started
[default] http://opam-archive:8080/archives/type_conv.112.01.01+opam.tar.gz downloaded
[typerep: from default] Command started
[typerep: from default] Command started
[default] http://opam-archive:8080/archives/typerep.112.24.00+opam.tar.gz downloaded
[variantslib: from default] Command started
[variantslib: from default] Command started
[default] http://opam-archive:8080/archives/variantslib.109.15.03+opam.tar.gz downloaded
[ERROR] The sources of the following couldn't be obtained, aborting:
          - omake-mode.1.1.1
        (This may be fixed by running 'opam update')
[sexplib: http] Command started
[sexplib.112.24.00] https://ocaml.janestreet.com/ocaml-core/112.24/files/sexplib-112.24.tar.gz downloaded
'opam install omake-mode' failed.
