+ uname -m
+ uname -s
+ lsb_release -i -s
+ opam list --safe --recursive --external=x86_64,linux,ubuntu --required-by=riakc_ppx
# Detecting depexts using flags: x86_64 linux ubuntu
+ opam list --safe --recursive --external=source,x86_64,linux,ubuntu --required-by=riakc_ppx
# The following system packages are needed:
#  - m4
#  - time
+ sudo apt-get update
Not running as root, the following command will be run through "sudo":
    apt-get update
Ign http://archive.ubuntu.com trusty InRelease
Ign http://archive.ubuntu.com trusty-updates InRelease
Ign http://archive.ubuntu.com trusty-security InRelease
Hit http://archive.ubuntu.com trusty Release.gpg
Ign http://download.opensuse.org  InRelease
Get:1 http://archive.ubuntu.com trusty-updates Release.gpg [933 B]
Get:2 http://archive.ubuntu.com trusty-security Release.gpg [933 B]
Hit http://archive.ubuntu.com trusty Release
Get:3 http://archive.ubuntu.com trusty-updates Release [63.5 kB]
Hit http://download.opensuse.org  Release.gpg
Get:4 http://archive.ubuntu.com trusty-security Release [63.5 kB]
Hit http://download.opensuse.org  Release
Hit http://archive.ubuntu.com trusty/main Sources
Hit http://archive.ubuntu.com trusty/restricted Sources
Hit http://archive.ubuntu.com trusty/universe Sources
Hit http://archive.ubuntu.com trusty/main amd64 Packages
Hit http://archive.ubuntu.com trusty/restricted amd64 Packages
Hit http://archive.ubuntu.com trusty/universe amd64 Packages
Get:5 http://archive.ubuntu.com trusty-updates/main Sources [262 kB]
Get:6 http://archive.ubuntu.com trusty-updates/restricted Sources [3158 B]
Get:7 http://archive.ubuntu.com trusty-updates/universe Sources [150 kB]
Get:8 http://archive.ubuntu.com trusty-updates/main amd64 Packages [681 kB]
Hit http://download.opensuse.org  Packages
Get:9 http://archive.ubuntu.com trusty-updates/restricted amd64 Packages [18.1 kB]
Get:10 http://archive.ubuntu.com trusty-updates/universe amd64 Packages [374 kB]
Get:11 http://archive.ubuntu.com trusty-security/main Sources [106 kB]
Get:12 http://archive.ubuntu.com trusty-security/restricted Sources [1874 B]
Get:13 http://archive.ubuntu.com trusty-security/universe Sources [29.1 kB]
Get:14 http://archive.ubuntu.com trusty-security/main amd64 Packages [368 kB]
Get:15 http://archive.ubuntu.com trusty-security/restricted amd64 Packages [14.8 kB]
Get:16 http://archive.ubuntu.com trusty-security/universe amd64 Packages [139 kB]
Fetched 2276 kB in 5s (408 kB/s)
Reading package lists...
W: Size of file /var/lib/apt/lists/archive.ubuntu.com_ubuntu_dists_trusty-updates_main_binary-amd64_Packages.gz is not what the server reported 680913 680942# OS package update successful
Not running as root, the following command will be run through "sudo":
    apt-get install -qq -yy m4 time

W: Size of file /var/lib/apt/lists/archive.ubuntu.com_ubuntu_dists_trusty-updates_universe_binary-amd64_Packages.gz is not what the server reported 374297 374341
+ sudo apt-get install -qq -yy m4 time
debconf: unable to initialize frontend: Dialog
debconf: (Dialog frontend will not work on a dumb terminal, an emacs shell buffer, or without a controlling terminal.)
debconf: falling back to frontend: Readline
debconf: unable to initialize frontend: Readline
debconf: (This frontend requires a controlling tty.)
debconf: falling back to frontend: Teletype
dpkg-preconfigure: unable to re-open stdin: 
Selecting previously unselected package time.
(Reading database ... 22842 files and directories currently installed.)
Preparing to unpack .../archives/time_1.7-24_amd64.deb ...
Unpacking time (1.7-24) ...
Setting up time (1.7-24) ...
# OS packages installation successful
The following actions will be performed:
  - install ocamlfind             1.5.5                         [required by riakc_ppx]
  - install camlp4                4.02.1+system                 [required by async, bitstring]
  - install ppx_tools             0.99.2                        [required by ppx_deriving]
  - install ounit                 2.0.0                         [required by pa_ounit]
  - install omake                 0.9.8.6-0.rc1                 [required by riakc_ppx]
  - install type_conv             112.01.01                     [required by bin_prot]
  - install pipebang              110.01.00                     [required by async_extra]
  - install herelib               109.35.02                     [required by async_kernel, async_unix]
  - install bitstring             2.0.4                         [required by riakc_ppx]
  - install ppx_deriving          2.0                           [required by ppx_deriving_protobuf]
  - install variantslib           109.15.03                     [required by core_kernel, core]
  - install sexplib               112.24.01                     [required by async_extra]
  - install pa_ounit              112.24.00                     [required by async_extra]
  - install fieldslib             109.20.03                     [required by async_extra]
  - install enumerate             111.08.00                     [required by core_kernel, core]
  - install comparelib            109.60.00                     [required by async_unix]
  - install bin_prot              112.24.00                     [required by async_extra]
  - install ppx_deriving_protobuf 2.1                           [required by riakc_ppx]
  - install pa_bench              112.06.00                     [required by core_kernel, core]
  - install custom_printf         112.24.00                     [required by core_kernel, core]
  - install pa_test               112.24.00                     [required by async_kernel, async_unix]
  - install typerep               112.24.00                     [required by core_kernel]
  - install core_kernel           112.24.00                     [required by async_kernel]
  - install core                  112.24.01                     [required by riakc_ppx]
  - install async_kernel          112.24.00                     [required by async]
  - install async_unix            112.24.00                     [required by async]
  - install async_extra           112.24.00                     [required by async]
  - install async                 112.24.00                     [required by riakc_ppx]
  - install riakc_ppx             3.1.2        
===== 29 to install =====

=-=- Gathering sources =-=-=-=-=-=-=-=-=-=-=-=-=-=-=-=-=-=-=-=-=-=-=-=-=-=-=-=-=
[async: from default] Command started
[async_extra: from default] Command started
[async_kernel: from default] Command started
[async: from default] Command started
[async_extra: from default] Command started
[async_kernel: from default] Command started
[default] http://opam-archive:8080/archives/async.112.24.00+opam.tar.gz downloaded
[async_unix: from default] Command started
[default] http://opam-archive:8080/archives/async_extra.112.24.00+opam.tar.gz downloaded
[bin_prot: from default] Command started
[default] http://opam-archive:8080/archives/async_kernel.112.24.00+opam.tar.gz downloaded
[bitstring: from default] Command started
[async_unix: from default] Command started
[bin_prot: from default] Command started
[default] http://opam-archive:8080/archives/async_unix.112.24.00+opam.tar.gz downloaded
[comparelib: from default] Command started
[default] http://opam-archive:8080/archives/bin_prot.112.24.00+opam.tar.gz downloaded
[core: from default] Command started
[bitstring: from default] Command started
[comparelib: from default] Command started
[default] http://opam-archive:8080/archives/bitstring.2.0.4+opam.tar.gz downloaded
[core_kernel: from default] Command started
[default] http://opam-archive:8080/archives/comparelib.109.60.00+opam.tar.gz downloaded
[custom_printf: from default] Command started
[core: from default] Command started
[default] http://opam-archive:8080/archives/core.112.24.01+opam.tar.gz downloaded
[enumerate: from default] Command started
[core_kernel: from default] Command started
[custom_printf: from default] Command started
[enumerate: from default] Command started
[default] http://opam-archive:8080/archives/core_kernel.112.24.00+opam.tar.gz downloaded
[fieldslib: from default] Command started
[default] http://opam-archive:8080/archives/custom_printf.112.24.00+opam.tar.gz downloaded
[herelib: from default] Command started
[default] http://opam-archive:8080/archives/enumerate.111.08.00+opam.tar.gz downloaded
[ocamlfind: from default] Command started
[fieldslib: from default] Command started
[herelib: from default] Command started
[default] http://opam-archive:8080/archives/fieldslib.109.20.03+opam.tar.gz downloaded
[omake: from default] Command started
[ocamlfind: from default] Command started
[default] http://opam-archive:8080/archives/herelib.109.35.02+opam.tar.gz downloaded
[ounit: from default] Command started
[default] http://opam-archive:8080/archives/ocamlfind.1.5.5+opam.tar.gz downloaded
[pa_bench: from default] Command started
[ounit: from default] Command started
[default] http://opam-archive:8080/archives/ounit.2.0.0+opam.tar.gz downloaded
[pa_ounit: from default] Command started
[omake: from default] Command started
[pa_bench: from default] Command started
[pa_ounit: from default] Command started
[default] http://opam-archive:8080/archives/omake.0.9.8.6-0.rc1+opam.tar.gz downloaded
[pa_test: from default] Command started
[default] http://opam-archive:8080/archives/pa_bench.112.06.00+opam.tar.gz downloaded
[pipebang: from default] Command started
[default] http://opam-archive:8080/archives/pa_ounit.112.24.00+opam.tar.gz downloaded
[ppx_deriving: from default] Command started
[pa_test: from default] Command started
[pipebang: from default] Command started
[default] http://opam-archive:8080/archives/pa_test.112.24.00+opam.tar.gz downloaded
[ppx_deriving_protobuf: from default] Command started
[ppx_deriving: from default] Command started
[default] http://opam-archive:8080/archives/pipebang.110.01.00+opam.tar.gz downloaded
[ppx_tools: from default] Command started
[default] http://opam-archive:8080/archives/ppx_deriving.2.0+opam.tar.gz downloaded
[riakc_ppx: http] Command started
[ppx_deriving_protobuf: from default] Command started
[ppx_tools: from default] Command started
[default] http://opam-archive:8080/archives/ppx_deriving_protobuf.2.1+opam.tar.gz downloaded
[sexplib: from default] Command started
[default] http://opam-archive:8080/archives/ppx_tools.0.99.2+opam.tar.gz downloaded
[type_conv: from default] Command started
[sexplib: from default] Command started
[default] http://opam-archive:8080/archives/sexplib.112.24.01+opam.tar.gz downloaded
[typerep: from default] Command started
[type_conv: from default] Command started
[default] http://opam-archive:8080/archives/type_conv.112.01.01+opam.tar.gz downloaded
[variantslib: from default] Command started
[typerep: from default] Command started
[default] http://opam-archive:8080/archives/typerep.112.24.00+opam.tar.gz downloaded
[variantslib: from default] Command started
[default] http://opam-archive:8080/archives/variantslib.109.15.03+opam.tar.gz downloaded
[riakc_ppx: http] Command started
[ERROR] Bad checksum for
        /home/opam/.opam/packages.dev/riakc_ppx.3.1.2/3.1.2.zip:
          - 47079b4da143a4a1bdd4a3c1bd4261b3 [expected result]
          - f070c3232075da0f35e7c0798b74cba9 [actual result]
        This may be fixed by running `opam update`.

[ERROR] The sources of the following couldn't be obtained, aborting:
          - riakc_ppx.3.1.2
        (This may be fixed by running 'opam update')
'opam install riakc_ppx' failed.
