+ uname -m
+ uname -s
+ opam list --safe --recursive --external=x86_64,linux,debian --required-by=omake-mode
# Detecting depexts using flags: x86_64 linux debian
# The following system packages are needed:
#  - libpcre3-dev
#  - m4
#  - pkg-config
+ opam list --safe --recursive --external=source,x86_64,linux,debian --required-by=omake-mode
Not running as root, the following command will be run through "sudo":
    apt-get update
+ sudo apt-get update
Get:1 http://security.debian.org stable/updates Release.gpg [1571 B]
Get:2 http://security.debian.org stable/updates Release [61.5 kB]
Hit http://httpredir.debian.org stable Release.gpg
Get:3 http://httpredir.debian.org stable-updates Release.gpg [1571 B]
Hit http://httpredir.debian.org stable Release
Get:4 http://httpredir.debian.org stable-updates Release [117 kB]
Get:5 http://security.debian.org stable/updates/main amd64 Packages [48.4 kB]
Get:6 http://httpredir.debian.org stable/main amd64 Packages [9019 kB]
Get:7 http://httpredir.debian.org stable-updates/main amd64 Packages [20 B]
Fetched 9249 kB in 5s (1718 kB/s)
Reading package lists...
# OS package update successful
Not running as root, the following command will be run through "sudo":
    apt-get install -qq -yy libpcre3-dev m4 pkg-config
+ sudo apt-get install -qq -yy libpcre3-dev m4 pkg-config
debconf: delaying package configuration, since apt-utils is not installed
(Reading database ... 20210 files and directories currently installed.)
Preparing to replace libc6-dev:amd64 2.13-38+deb7u8 (using .../libc6-dev_2.19-18_amd64.deb) ...
Unpacking replacement libc6-dev:amd64 ...
Preparing to replace libc-dev-bin 2.13-38+deb7u8 (using .../libc-dev-bin_2.19-18_amd64.deb) ...
Unpacking replacement libc-dev-bin ...
Preparing to replace libc6:amd64 2.13-38+deb7u8 (using .../libc6_2.19-18_amd64.deb) ...
debconf: unable to initialize frontend: Dialog
debconf: (Dialog frontend will not work on a dumb terminal, an emacs shell buffer, or without a controlling terminal.)
debconf: falling back to frontend: Readline
debconf: unable to initialize frontend: Readline
debconf: (This frontend requires a controlling tty.)
debconf: falling back to frontend: Teletype
Checking for services that may need to be restarted...
Checking init scripts...
Unpacking replacement libc6:amd64 ...
Setting up libc6:amd64 (2.19-18) ...
debconf: unable to initialize frontend: Dialog
debconf: (Dialog frontend will not work on a dumb terminal, an emacs shell buffer, or without a controlling terminal.)
debconf: falling back to frontend: Readline
debconf: unable to initialize frontend: Readline
debconf: (This frontend requires a controlling tty.)
debconf: falling back to frontend: Teletype
Checking for services that may need to be restarted...
Checking init scripts...
Nothing to restart.
(Reading database ... 20230 files and directories currently installed.)
Preparing to replace libpcre3:amd64 1:8.30-5 (using .../libpcre3_2%3a8.35-3.3_amd64.deb) ...
Unpacking replacement libpcre3:amd64 ...
Selecting previously unselected package libpcrecpp0:amd64.
Unpacking libpcrecpp0:amd64 (from .../libpcrecpp0_2%3a8.35-3.3_amd64.deb) ...
Selecting previously unselected package libsigsegv2:amd64.
Unpacking libsigsegv2:amd64 (from .../libsigsegv2_2.10-4+b1_amd64.deb) ...
Preparing to replace m4 1.4.16-3 (using .../archives/m4_1.4.17-4_amd64.deb) ...
Unpacking replacement m4 ...
Selecting previously unselected package libpcre3-dev:amd64.
Unpacking libpcre3-dev:amd64 (from .../libpcre3-dev_2%3a8.35-3.3_amd64.deb) ...
Preparing to replace pkg-config 0.26-1 (using .../pkg-config_0.28-1_amd64.deb) ...
Unpacking replacement pkg-config ...
Setting up libc-dev-bin (2.19-18) ...
Setting up libc6-dev:amd64 (2.19-18) ...
Setting up libpcre3:amd64 (2:8.35-3.3) ...
Setting up libpcrecpp0:amd64 (2:8.35-3.3) ...
Setting up libsigsegv2:amd64 (2.10-4+b1) ...
Setting up m4 (1.4.17-4) ...
Setting up libpcre3-dev:amd64 (2:8.35-3.3) ...
Setting up pkg-config (0.28-1) ...
# OS packages installation successful
The following actions will be performed:
  - install conf-pkg-config 1.0                                 [required by conf-libpcre]
  - install ocamlfind       1.5.5                               [required by omake-mode]
  - install camlp4          4.01.0                              [required by async, core_extended]
  - install conf-libpcre    1                                   [required by pcre]
  - install ounit           2.0.0                               [required by omake-mode]
  - install omake           0.9.8.6-0.rc1                       [required by omake-mode]
  - install inotify         2.0                                 [required by omake-mode]
  - install base-bytes      legacy                              [required by pcre]
  - install type_conv       111.13.00                           [required by bin_prot]
  - install pipebang        110.01.00                           [required by core_extended]
  - install herelib         109.35.02                           [required by async_kernel, async_unix]
  - install pcre            7.1.5                               [required by omake-mode]
  - install variantslib     109.15.03                           [required by core]
  - install sexplib         111.25.00                           [required by core_extended]
  - install pa_ounit        111.28.00                           [required by core_extended]
  - install fieldslib       109.20.03                           [required by core_extended]
  - install enumerate       111.08.00                           [required by core]
  - install comparelib      109.60.00                           [required by core_extended]
  - install bin_prot        111.03.00                           [required by core_extended]
  - install pa_bench        111.28.00                           [required by core]
  - install custom_printf   111.25.00                           [required by core_extended]
  - install pa_test         111.08.00                           [required by core_extended]
  - install typerep         111.17.00                           [required by core_kernel]
  - install core_kernel     111.28.00                           [required by core]
  - install core            111.28.01                           [required by omake-mode]
  - install textutils       111.28.00                           [required by core_extended]
  - install re2             111.08.00                           [required by core_extended]
  - install async_kernel    111.28.00                           [required by async]
  - install core_extended   111.28.00                           [required by omake-mode]
  - install async_unix      111.28.00                           [required by async]
  - install async_extra     111.28.00                           [required by async]
  - install async           111.25.00                           [required by omake-mode]
  - install omake-mode      1.1.1        
===== 33 to install =====

=-=- Gathering sources =-=-=-=-=-=-=-=-=-=-=-=-=-=-=-=-=-=-=-=-=-=-=-=-=-=-=-=-=
[async: from default] Command started
[async_extra: from default] Command started
[async_kernel: from default] Command started
[async_kernel: from default] Command started
[async: from default] Command started
[async_extra: from default] Command started
[default] http://opam-archive:8080/archives/async.111.25.00+opam.tar.gz downloaded
[async_unix: from default] Command started
[default] http://opam-archive:8080/archives/async_kernel.111.28.00+opam.tar.gz downloaded
[bin_prot: from default] Command started
[default] http://opam-archive:8080/archives/async_extra.111.28.00+opam.tar.gz downloaded
[comparelib: from default] Command started
[async_unix: from default] Command started
[bin_prot: from default] Command started
[default] http://opam-archive:8080/archives/async_unix.111.28.00+opam.tar.gz downloaded
[core: from default] Command started
[comparelib: from default] Command started
[default] http://opam-archive:8080/archives/bin_prot.111.03.00+opam.tar.gz downloaded
[core_extended: from default] Command started
[default] http://opam-archive:8080/archives/comparelib.109.60.00+opam.tar.gz downloaded
[core_kernel: from default] Command started
[core: from default] Command started
[core_extended: from default] Command started
[default] http://opam-archive:8080/archives/core.111.28.01+opam.tar.gz downloaded
[custom_printf: from default] Command started
[default] http://opam-archive:8080/archives/core_extended.111.28.00+opam.tar.gz downloaded
[enumerate: from default] Command started
[core_kernel: from default] Command started
[custom_printf: from default] Command started
[default] http://opam-archive:8080/archives/core_kernel.111.28.00+opam.tar.gz downloaded
[fieldslib: from default] Command started
[enumerate: from default] Command started
[default] http://opam-archive:8080/archives/custom_printf.111.25.00+opam.tar.gz downloaded
[herelib: from default] Command started
[fieldslib: from default] Command started
[default] http://opam-archive:8080/archives/enumerate.111.08.00+opam.tar.gz downloaded
[inotify: from default] Command started
[default] http://opam-archive:8080/archives/fieldslib.109.20.03+opam.tar.gz downloaded
[ocamlfind: from default] Command started
[herelib: from default] Command started
[inotify: from default] Command started
[default] http://opam-archive:8080/archives/herelib.109.35.02+opam.tar.gz downloaded
[omake: from default] Command started
[ocamlfind: from default] Command started
[default] http://opam-archive:8080/archives/inotify.2.0+opam.tar.gz downloaded
[omake-mode: http] Command started
[default] http://opam-archive:8080/archives/ocamlfind.1.5.5+opam.tar.gz downloaded
[ounit: from default] Command started
[ounit: from default] Command started
[default] http://opam-archive:8080/archives/ounit.2.0.0+opam.tar.gz downloaded
[pa_bench: from default] Command started
[omake: from default] Command started
[default] http://opam-archive:8080/archives/omake.0.9.8.6-0.rc1+opam.tar.gz downloaded
[pa_ounit: from default] Command started
[pa_bench: from default] Command started
[default] http://opam-archive:8080/archives/pa_bench.111.28.00+opam.tar.gz downloaded
[pa_test: from default] Command started
[pa_ounit: from default] Command started
[default] http://opam-archive:8080/archives/pa_ounit.111.28.00+opam.tar.gz downloaded
[pcre: from default] Command started
[pa_test: from default] Command started
[default] http://opam-archive:8080/archives/pa_test.111.08.00+opam.tar.gz downloaded
[pipebang: from default] Command started
[pcre: from default] Command started
[default] http://opam-archive:8080/archives/pcre.7.1.5+opam.tar.gz downloaded
[re2: from default] Command started
[pipebang: from default] Command started
[default] http://opam-archive:8080/archives/pipebang.110.01.00+opam.tar.gz downloaded
[sexplib: from default] Command started
[re2: from default] Command started
[default] http://opam-archive:8080/archives/re2.111.08.00+opam.tar.gz downloaded
[textutils: from default] Command started
[sexplib: from default] Command started
[default] http://opam-archive:8080/archives/sexplib.111.25.00+opam.tar.gz downloaded
[type_conv: from default] Command started
[textutils: from default] Command started
[default] http://opam-archive:8080/archives/textutils.111.28.00+opam.tar.gz downloaded
[typerep: from default] Command started
[type_conv: from default] Command started
[default] http://opam-archive:8080/archives/type_conv.111.13.00+opam.tar.gz downloaded
[variantslib: from default] Command started
[typerep: from default] Command started
[default] http://opam-archive:8080/archives/typerep.111.17.00+opam.tar.gz downloaded
[variantslib: from default] Command started
[default] http://opam-archive:8080/archives/variantslib.109.15.03+opam.tar.gz downloaded
[ERROR] curl: code 406 while downloading
        https://github.com/seanmcl/omake-mode/archive/1.1.1.tar.gz
[ERROR] The sources of the following couldn't be obtained, aborting:
          - omake-mode.1.1.1
        (This may be fixed by running 'opam update')
'opam install omake-mode' failed.
