# Detecting depexts using flags: x86_64 linux debian
+ uname -m
+ uname -s
+ opam list --safe --recursive --external=x86_64,linux,debian --required-by=frenetic
# The following system packages are needed:
#  - m4
#  - time
+ opam list --safe --recursive --external=source,x86_64,linux,debian --required-by=frenetic
Not running as root, the following command will be run through "sudo":
    apt-get update
+ sudo apt-get update
Get:1 http://security.debian.org stable/updates Release.gpg [836 B]
Get:2 http://security.debian.org stable/updates Release [102 kB]
Hit http://httpredir.debian.org stable Release.gpg
Get:3 http://httpredir.debian.org stable-updates Release.gpg [836 B]
Get:4 http://security.debian.org stable/updates/main amd64 Packages [382 kB]
Hit http://httpredir.debian.org stable Release
Get:5 http://httpredir.debian.org stable-updates Release [124 kB]
Hit http://httpredir.debian.org stable/main amd64 Packages
Get:6 http://httpredir.debian.org stable-updates/main amd64 Packages [4369 B]
Fetched 614 kB in 10s (56.8 kB/s)
Reading package lists...
# OS package update successful
Not running as root, the following command will be run through "sudo":
    apt-get install -qq -yy m4 time
+ sudo apt-get install -qq -yy m4 time
debconf: delaying package configuration, since apt-utils is not installed
Selecting previously unselected package time.
(Reading database ... 20210 files and directories currently installed.)
Unpacking time (from .../archives/time_1.7-24_amd64.deb) ...
Setting up time (1.7-24) ...
# OS packages installation successful
The following actions will be performed:
  - install ocamlfind     1.5.5                                 [required by frenetic]
  - install base-no-ppx   base                                  [required by lwt]
  - install ounit         2.0.0                                 [required by frenetic]
  - install cppo          1.1.2                                 [required by ocplib-endian]
  - install base-bytes    legacy                                [required by ocplib-endian]
  - install lwt           2.4.8                                 [required by frenetic]
  - install ocplib-endian 0.8                                   [required by cstruct]
  - install cstruct       0.7.0                                 [required by frenetic]
  - install packet        0.1                                   [required by frenetic]
  - install openflow      0.2.0                                 [required by frenetic]
  - install frenetic      1.0.1 
===== 11 to install =====

=-=- Gathering sources =-=-=-=-=-=-=-=-=-=-=-=-=-=-=-=-=-=-=-=-=-=-=-=-=-=-=-=-=
[cppo: from default] Command started
[cstruct: from default] Command started
[frenetic: from default] Command started
[frenetic: from default] Command started
[cppo: from default] Command started
[cstruct: from default] Command started
[default] http://opam-archive:8080/archives/cstruct.0.7.0+opam.tar.gz downloaded
[lwt: from default] Command started
[default] http://opam-archive:8080/archives/frenetic.1.0.1+opam.tar.gz downloaded
[ocamlfind: from default] Command started
[default] http://opam-archive:8080/archives/cppo.1.1.2+opam.tar.gz downloaded
[ocplib-endian: from default] Command started
[lwt: from default] Command started
[ocamlfind: from default] Command started
[default] http://opam-archive:8080/archives/lwt.2.4.8+opam.tar.gz downloaded
[openflow: from default] Command started
[ocplib-endian: from default] Command started
[default] http://opam-archive:8080/archives/ocamlfind.1.5.5+opam.tar.gz downloaded
[ounit: from default] Command started
[default] http://opam-archive:8080/archives/ocplib-endian.0.8+opam.tar.gz downloaded
[packet: http] Command started
[openflow: from default] Command started
[ounit: from default] Command started
[default] http://opam-archive:8080/archives/openflow.0.2.0+opam.tar.gz downloaded
[default] http://opam-archive:8080/archives/ounit.2.0.0+opam.tar.gz downloaded
[ERROR] curl: code 404 while downloading
        https://people.cs.umass.edu/~arjun/download/packet.0.1.tar.gz
[ERROR] The sources of the following couldn't be obtained, aborting:
          - packet.0.1
        (This may be fixed by running 'opam update')
'opam install frenetic' failed.
