++ opam install sarek -e debian
+ depext=
+ echo Debian depexts:
+ '[' '' '!=' '' ']'
Debian depexts:
++ opam install sarek -e source,linux
+ srcext=
+ echo Debian srcexts:
+ '[' '' '!=' '' ']'
Debian srcexts:
+ opam install sarek
The following actions will be performed:
 - install   ocp-build.0.1                         [required by sarek]
 - install   spoc.20140620                         [required by sarek]
 - install   sarek.20140620
=== 3 to install ===

=-=- Synchronizing package archives -=-=-=-=-=-=-=-=-=-=-=-=-=-=-=-=-=-=-=-=-=-=
[default] Downloading http://opam-archive:8080/archives/ocp-build.0.1+opam.tar.gz
[default] Downloading http://opam-archive:8080/archives/sarek.20140620+opam.tar.gz
[default] Downloading http://opam-archive:8080/archives/spoc.20140620+opam.tar.gz
  % Total    % Received % Xferd  Average Speed   Time    Time     Time  Current
                                 Dload  Upload   Total   Spent    Left  Speed
  0     0    0     0    0     0      0      0 --:--:-- --:--:-- --:--:--     0  % Total    % Received % Xferd  Average Speed   Time    Time     Time  Current
                                 Dload  Upload   Total   Spent    Left  Speed
  0     0    0     0    0     0      0      0 --:--:-- --:--:-- --:--:--     0  % Total    % Received % Xferd  Average Speed   Time    Time     Time  Current
                                 Dload  Upload   Total   Spent    Left  Speed
  0     0    0     0    0     0      0      0 --:--:-- --:--:-- --:--:--     0100  843k  100  843k    0     0  34.1M      0 --:--:-- --:--:-- --:--:-- 35.8M
200
100 1155k  100 1155k    0     0  6141k      0 --:--:-- --:--:-- --:--:-- 6178k
200
100 1013k  100 1013k    0     0  4975k      0 --:--:-- --:--:-- --:--:-- 4993k
200

=-=- Installing packages =-=-=-=-=-=-=-=-=-=-=-=-=-=-=-=-=-=-=-=-=-=-=-=-=-=-=-=
Building ocp-build.0.1:
  make
mkdir -p ./_obuild
ocamlc -o ./_obuild/unixrun -make-runtime unix.cma
_obuild/unixrun boot/ocp-build.boot -init -scan -sanitize -v 0 ocp-build
ocp-build: Entering directory `/home/opam/.opam/system/build/ocp-build.0.1'
Cache: 0 digests loaded
No error. 293 commands executed, 397 files generated.
ocp-build: Leaving directory `/home/opam/.opam/system/build/ocp-build.0.1'
Compilation successful
Installing ocp-build.0.1.
Building spoc.20140620:
  make build
  make install
ocp-build -init
ocp-build: Entering directory `/home/opam/.opam/system/build/spoc.20140620'
ocp-build: Leaving directory `/home/opam/.opam/system/build/spoc.20140620'
Cache: 0 digests loaded
cd extension && make
make[1]: Entering directory `/home/opam/.opam/system/build/spoc.20140620/extension'
ocamlfind ocamlc -I +camlp4 -pp camlp4of dynlink.cma camlp4lib.cma kernels_ext.ml
make[1]: ocamlfind: Command not found
make[1]: *** [kernels_ext.cma] Error 127
make[1]: Leaving directory `/home/opam/.opam/system/build/spoc.20140620/extension'
make: *** [build] Error 2
Removing spoc.20140620.
[ERROR] The compilation of spoc.20140620 failed.
  make uninstall
ocamlfind remove spoc
make: ocamlfind: Command not found
make: *** [uninstall] Error 127


#=== ERROR while installing spoc.20140620 =====================================#
# opam-version         1.2.0 (75c4bf0dd32913f9218ffa882e683e01d6cdfb0f)
# os                   linux
# command              make build
# path                 /home/opam/.opam/system/build/spoc.20140620
# compiler             system (4.01.0)
# exit-code            2
# env-file             /home/opam/.opam/system/build/spoc.20140620/spoc-647-e7966f.env
# stdout-file          /home/opam/.opam/system/build/spoc.20140620/spoc-647-e7966f.out
# stderr-file          /home/opam/.opam/system/build/spoc.20140620/spoc-647-e7966f.err
### stdout ###
# ocp-build -init
# ocp-build: Entering directory `/home/opam/.opam/system/build/spoc.20140620'
# ocp-build: Leaving directory `/home/opam/.opam/system/build/spoc.20140620'
# cd extension && make
# make[1]: Entering directory `/home/opam/.opam/system/build/spoc.20140620/extension'
# ocamlfind ocamlc -I +camlp4 -pp camlp4of dynlink.cma camlp4lib.cma kernels_ext.ml
# make[1]: Leaving directory `/home/opam/.opam/system/build/spoc.20140620/extension'
### stderr ###
# Cache: 0 digests loaded
# make[1]: ocamlfind: Command not found
# make[1]: *** [kernels_ext.cma] Error 127
# make: *** [build] Error 2


=-=- Error report -=-=-=-=-=-=-=-=-=-=-=-=-=-=-=-=-=-=-=-=-=-=-=-=-=-=-=-=-=-=-=
These actions have been completed successfully
 - install   ocp-build.0.1
The following failed
 - install   spoc.20140620
Due to the errors, the following have been cancelled
 - install   sarek.20140620

The former state can be restored with opam switch import "/home/opam/.opam/system/backup/state-20150010145416.export"
'opam install sarek' failed.
