+ uname -m
# Detecting depexts using flags: x86_64 linux centos
+ uname -s
+ opam list --safe --recursive --external=x86_64,linux,centos --required-by=openflow
+ opam list --safe --recursive --external=source,x86_64,linux,centos --required-by=openflow
# No extra OS packages requirements found.
The following actions will be performed:
  - install ocamlfind     1.5.5                                 [required by openflow]
  - install camlp4        4.02.1+system                         [required by async, cstruct]
  - install ounit         2.0.0                                 [required by pa_ounit]
  - install type_conv     112.01.01                             [required by cstruct, packet]
  - install pipebang      110.01.00                             [required by async_extra]
  - install optcomp       1.6                                   [required by ocplib-endian, quickcheck]
  - install herelib       109.35.02                             [required by async_kernel, async_unix]
  - install variantslib   109.15.03                             [required by core_kernel, core]
  - install sexplib       112.24.01                             [required by openflow]
  - install pa_ounit      112.24.00                             [required by async_extra]
  - install fieldslib     109.20.03                             [required by async_extra]
  - install enumerate     111.08.00                             [required by core_kernel, core]
  - install comparelib    109.60.00                             [required by async_unix]
  - install bin_prot      112.24.00                             [required by async_extra]
  - install quickcheck    1.0.2                                 [required by openflow]
  - install ocplib-endian 0.4                                   [required by cstruct]
  - install pa_bench      112.06.00                             [required by core_kernel, core]
  - install custom_printf 112.24.00                             [required by core_kernel, core]
  - install pa_test       112.24.00                             [required by async_kernel, async_unix]
  - install typerep       112.24.00                             [required by core_kernel]
  - install core_kernel   112.24.00                             [required by async_kernel]
  - install core          112.24.01                             [required by openflow]
  - install async_kernel  112.24.00                             [required by async]
  - install async_unix    112.24.00                             [required by async]
  - install async_extra   112.24.00                             [required by async]
  - install async         112.24.00                             [required by openflow]
  - install cstruct       1.6.0                                 [required by openflow]
  - install packet        0.3.1                                 [required by openflow]
  - install openflow      0.9.1        
===== 29 to install =====

=-=- Gathering sources =-=-=-=-=-=-=-=-=-=-=-=-=-=-=-=-=-=-=-=-=-=-=-=-=-=-=-=-=
[async: from default] Command started
[async_extra: from default] Command started
[async_kernel: from default] Command started
[async_extra: from default] Command started
[async: from default] Command started
[default] http://opam-archive:8080/archives/async_extra.112.24.00+opam.tar.gz downloaded
[async_unix: from default] Command started
[default] http://opam-archive:8080/archives/async.112.24.00+opam.tar.gz downloaded
[bin_prot: from default] Command started
[async_unix: from default] Command started
[default] http://opam-archive:8080/archives/async_unix.112.24.00+opam.tar.gz downloaded
[comparelib: from default] Command started
[bin_prot: from default] Command started
[default] http://opam-archive:8080/archives/bin_prot.112.24.00+opam.tar.gz downloaded
[core: from default] Command started
[core: from default] Command started
[async_kernel: from default] Command started
[default] http://opam-archive:8080/archives/core.112.24.01+opam.tar.gz downloaded
[core_kernel: from default] Command started
[default] http://opam-archive:8080/archives/async_kernel.112.24.00+opam.tar.gz downloaded
[cstruct: from default] Command started
[core_kernel: from default] Command started
[comparelib: from default] Command started
[cstruct: from default] Command started
[default] http://opam-archive:8080/archives/core_kernel.112.24.00+opam.tar.gz downloaded
[custom_printf: from default] Command started
[default] http://opam-archive:8080/archives/comparelib.109.60.00+opam.tar.gz downloaded
[enumerate: from default] Command started
[default] http://opam-archive:8080/archives/cstruct.1.6.0+opam.tar.gz downloaded
[fieldslib: from default] Command started
[custom_printf: from default] Command started
[enumerate: from default] Command started
[default] http://opam-archive:8080/archives/custom_printf.112.24.00+opam.tar.gz downloaded
[herelib: from default] Command started
[fieldslib: from default] Command started
[default] http://opam-archive:8080/archives/enumerate.111.08.00+opam.tar.gz downloaded
[ocamlfind: from default] Command started
[herelib: from default] Command started
[default] http://opam-archive:8080/archives/fieldslib.109.20.03+opam.tar.gz downloaded
[ocplib-endian: from default] Command started
[ocamlfind: from default] Command started
[default] http://opam-archive:8080/archives/herelib.109.35.02+opam.tar.gz downloaded
[openflow: from default] Command started
[default] http://opam-archive:8080/archives/ocamlfind.1.5.5+opam.tar.gz downloaded
[optcomp: from default] Command started
[openflow: from default] Command started
[default] http://opam-archive:8080/archives/openflow.0.9.1+opam.tar.gz downloaded
[ounit: from default] Command started
[ocplib-endian: from default] Command started
[optcomp: from default] Command started
[default] http://opam-archive:8080/archives/ocplib-endian.0.4+opam.tar.gz downloaded
[pa_bench: from default] Command started
[ounit: from default] Command started
[default] http://opam-archive:8080/archives/optcomp.1.6+opam.tar.gz downloaded
[pa_ounit: from default] Command started
[pa_bench: from default] Command started
[default] http://opam-archive:8080/archives/ounit.2.0.0+opam.tar.gz downloaded
[pa_test: from default] Command started
[pa_ounit: from default] Command started
[default] http://opam-archive:8080/archives/pa_bench.112.06.00+opam.tar.gz downloaded
[packet: from default] Command started
[pa_test: from default] Command started
[default] http://opam-archive:8080/archives/pa_ounit.112.24.00+opam.tar.gz downloaded
[pipebang: from default] Command started
[packet: from default] Command started
[default] http://opam-archive:8080/archives/pa_test.112.24.00+opam.tar.gz downloaded
[quickcheck: http] Command started
[pipebang: from default] Command started
[default] http://opam-archive:8080/archives/packet.0.3.1+opam.tar.gz downloaded
[sexplib: from default] Command started
[default] http://opam-archive:8080/archives/pipebang.110.01.00+opam.tar.gz downloaded
[type_conv: from default] Command started
[type_conv: from default] Command started
[default] http://opam-archive:8080/archives/type_conv.112.01.01+opam.tar.gz downloaded
[typerep: from default] Command started
[typerep: from default] Command started
[default] http://opam-archive:8080/archives/typerep.112.24.00+opam.tar.gz downloaded
[variantslib: from default] Command started
[variantslib: from default] Command started
[default] http://opam-archive:8080/archives/variantslib.109.15.03+opam.tar.gz downloaded
[sexplib: from default] Command started
[default] http://opam-archive:8080/archives/sexplib.112.24.01+opam.tar.gz downloaded
[quickcheck: http] Command started
[ERROR] Bad checksum for
        /home/opam/.opam/packages.dev/quickcheck.1.0.2/1.0.2.zip:
          - bb8b8180995030c8880cc2aaf9002964 [expected result]
          - 286b23c81a22bbca060e4e39d0a6c12c [actual result]
        This may be fixed by running `opam update`.

[ERROR] The sources of the following couldn't be obtained, aborting:
          - quickcheck.1.0.2
        (This may be fixed by running 'opam update')
'opam install openflow' failed.
