+ uname -m
+ uname -s
+ opam list --safe --recursive --external=x86_64,linux,centos --required-by=wget
# Detecting depexts using flags: x86_64 linux centos
+ opam list --safe --recursive --external=source,x86_64,linux,centos --required-by=wget
# No extra OS packages requirements found.
The following actions will be performed:
  - install ocp-build 0.1                                       [required by wget]
  - install wget      0.1.0
===== 2 to install =====

=-=- Gathering sources =-=-=-=-=-=-=-=-=-=-=-=-=-=-=-=-=-=-=-=-=-=-=-=-=-=-=-=-=
[ocp-build: from default] Command started
[wget: from default] Command started
[wget: from default] Command started
[default] http://opam-archive:8080/archives/wget.0.1.0+opam.tar.gz downloaded
[ocp-build: from default] Command started
[ERROR] The compilation of ocp-build failed at "make".
[default] http://opam-archive:8080/archives/ocp-build.0.1+opam.tar.gz downloaded

=-=- Processing actions -=-=-=-=-=-=-=-=-=-=-=-=-=-=-=-=-=-=-=-=-=-=-=-=-=-=-=-=
[ocp-build: make] Command started
+ make  (CWD=/home/opam/.opam/system/build/ocp-build.0.1)
- mkdir -p ./_obuild
- ocamlc -o ./_obuild/unixrun -make-runtime unix.cma
- _obuild/unixrun boot/ocp-build.boot -init -scan -sanitize -v 0 ocp-build
- Fatal error: the file 'boot/ocp-build.boot' is not a bytecode executable file
- make: *** [compile] Error 2


=-=- Error report -=-=-=-=-=-=-=-=-=-=-=-=-=-=-=-=-=-=-=-=-=-=-=-=-=-=-=-=-=-=-=
The following actions were aborted
  - install wget 0.1.0
The following actions failed
  - install ocp-build 0.1
No changes have been performed

#=== ERROR while installing ocp-build.0.1 =====================================#
# opam-version         1.2.1 (ab224ffd593a168871a14182d6e69d3a902c3f27)
# os                   linux
# command              make
# path                 /home/opam/.opam/system/build/ocp-build.0.1
# compiler             system (4.02.1)
# exit-code            2
# env-file             /home/opam/.opam/system/build/ocp-build.0.1/ocp-build-1-c61e7b.env
# stdout-file          /home/opam/.opam/system/build/ocp-build.0.1/ocp-build-1-c61e7b.out
# stderr-file          /home/opam/.opam/system/build/ocp-build.0.1/ocp-build-1-c61e7b.err
### stdout ###
# mkdir -p ./_obuild
# ocamlc -o ./_obuild/unixrun -make-runtime unix.cma
# _obuild/unixrun boot/ocp-build.boot -init -scan -sanitize -v 0 ocp-build
### stderr ###
# Fatal error: the file 'boot/ocp-build.boot' is not a bytecode executable file
# make: *** [compile] Error 2

'opam install wget' failed.
