+ uname -m
+ uname -s
# Detecting depexts using flags: x86_64 linux centos
+ opam list --safe --recursive --external=x86_64,linux,centos --required-by=frenetic
+ opam list --safe --recursive --external=source,x86_64,linux,centos --required-by=frenetic
# The following system packages are needed:
#  - pcre-devel
#  - zlib-devel
+ sudo yum -y update
Not running as root, the following command will be run through "sudo":
    yum -y update
Loaded plugins: fastestmirror
Repodata is over 2 weeks old. Install yum-cron? Or run: yum makecache fast
Determining fastest mirrors
 * base: mirrors.melbourne.co.uk
 * extras: anorien.csc.warwick.ac.uk
 * updates: anorien.csc.warwick.ac.uk
Resolving Dependencies
--> Running transaction check
---> Package openssl-libs.x86_64 1:1.0.1e-42.el7.4 will be updated
---> Package openssl-libs.x86_64 1:1.0.1e-42.el7.6 will be an update
--> Finished Dependency Resolution

Dependencies Resolved

================================================================================
 Package            Arch         Version                    Repository     Size
================================================================================
Updating:
 openssl-libs       x86_64       1:1.0.1e-42.el7.6          updates       948 k

Transaction Summary
================================================================================
Upgrade  1 Package

Total download size: 948 k
Downloading packages:
Delta RPMs disabled because /usr/bin/applydeltarpm not installed.
Running transaction check
Running transaction test
Transaction test succeeded
Running transaction
  Updating   : 1:openssl-libs-1.0.1e-42.el7.6.x86_64                        1/2 
  Cleanup    : 1:openssl-libs-1.0.1e-42.el7.4.x86_64                        2/2+ sudo yum install -y pcre-devel zlib-devel
 
  Verifying  : 1:openssl-libs-1.0.1e-42.el7.6.x86_64                        1/2 
  Verifying  : 1:openssl-libs-1.0.1e-42.el7.4.x86_64                        2/2 

Updated:
  openssl-libs.x86_64 1:1.0.1e-42.el7.6                                         

Complete!
# OS package update successful
Not running as root, the following command will be run through "sudo":
    yum install -y pcre-devel zlib-devel
Not running as root, the following command will be run through "sudo":
    rpm -q pcre-devel zlib-devel
Loaded plugins: fastestmirror
Loading mirror speeds from cached hostfile
 * base: mirrors.melbourne.co.uk
 * extras: anorien.csc.warwick.ac.uk
 * updates: anorien.csc.warwick.ac.uk
Resolving Dependencies
--> Running transaction check
---> Package pcre-devel.x86_64 0:8.32-14.el7 will be installed
---> Package zlib-devel.x86_64 0:1.2.7-13.el7 will be installed
--> Finished Dependency Resolution

Dependencies Resolved

================================================================================
 Package             Arch            Version                Repository     Size
================================================================================
Installing:
 pcre-devel          x86_64          8.32-14.el7            base          477 k
 zlib-devel          x86_64          1.2.7-13.el7           base           49 k

Transaction Summary
================================================================================
Install  2 Packages

Total download size: 527 k
Installed size: 1.6 M
Downloading packages:
--------------------------------------------------------------------------------
Total                                              1.1 MB/s | 527 kB  00:00     
Running transaction check
Running transaction test
Transaction test succeeded
Running transaction
  Installing : pcre-devel-8.32-14.el7.x86_64                                1/2+ sudo rpm -q pcre-devel zlib-devel
 
  Installing : zlib-devel-1.2.7-13.el7.x86_64                               2/2 
  Verifying  : zlib-devel-1.2.7-13.el7.x86_64                               1/2 
  Verifying  : pcre-devel-8.32-14.el7.x86_64                                2/2 

Installed:
  pcre-devel.x86_64 0:8.32-14.el7        zlib-devel.x86_64 0:1.2.7-13.el7       

Complete!
pcre-devel-8.32-14.el7.x86_64
zlib-devel-1.2.7-13.el7.x86_64
# OS packages installation successful
The following actions will be performed:
  - install ocamlfind          1.5.5                            [required by frenetic]
  - install camlp4             4.02.1+system                    [required by cstruct, async, async_extended, ulex]
  - install ounit              2.0.0                            [required by cohttp]
  - install ocamlgraph         1.8.6                            [required by topology]
  - install easy-format        1.0.2                            [required by yojson]
  - install cppo               1.1.2                            [required by yojson]
  - install camlzip            1.05                             [required by async_extended]
  - install base-bytes         base                             [required by base64, ipaddr]
  - install ulex               1.1                              [required by frenetic]
  - install type_conv          112.01.01                        [required by cstruct, ipaddr]
  - install pipebang           110.01.00                        [required by async_extra, core_extended]
  - install optcomp            1.6                              [required by quickcheck]
  - install lwt                2.4.5                            [required by cohttp, cstruct]
  - install herelib            109.35.02                        [required by async_kernel, async_unix]
  - install biniou             1.0.9                            [required by yojson]
  - install re                 1.4.1                            [required by cohttp]
  - install ocplib-endian      0.8                              [required by cstruct]
  - install base64             2.0.0                            [required by frenetic]
  - install variantslib        109.15.03                        [required by core_kernel, core]
  - install sexplib            112.24.01                        [required by frenetic]
  - install pa_ounit           112.24.00                        [required by async_extra, core_extended]
  - install fieldslib          109.20.03                        [required by frenetic]
  - install enumerate          111.08.00                        [required by core_kernel, core]
  - install comparelib         109.60.00                        [required by core_extended]
  - install bin_prot           112.24.00                        [required by async_extended]
  - install quickcheck         1.0.2                            [required by frenetic]
  - install yojson             1.2.1                            [required by frenetic]
  - install uri                1.4.0                            [required by cohttp]
  - install ipaddr             2.6.1                            [required by frenetic]
  - install pa_bench           112.06.00                        [required by core_kernel, core]
  - install custom_printf      112.24.00                        [required by core_extended]
  - install pa_test            112.24.00                        [required by core_extended]
  - install typerep            112.24.00                        [required by core_kernel]
  - install tuntap             1.3.0                            [required by mirage-net-unix]
  - install core_kernel        112.24.00                        [required by topology]
  - install core               112.24.01                        [required by frenetic]
  - install async_kernel       112.24.00                        [required by async]
  - install textutils          112.17.00                        [required by async_extended]
  - install re2                112.06.00                        [required by core_extended]
  - install async_unix         112.24.00                        [required by async]
  - install core_extended      112.24.00                        [required by async_extended]
  - install async_extra        112.24.00                        [required by async]
  - install async              112.24.00                        [required by frenetic]
  - install cstruct            1.6.0                            [required by frenetic]
  - install cohttp             0.10.0                           [required by frenetic]
  - install async_extended     112.24.00                        [required by frenetic]
  - install shared-memory-ring 1.1.0                            [required by mirage-console]
  - install io-page            1.2.0                            [required by tcpip]
  - install mirage-types       2.1.1                            [required by tcpip]
  - install mirage-types-lwt   2.1.1                            [required by tcpip]
  - install mirage-net-unix    2.2.0                            [required by tcpip]
  - install mirage-clock-unix  1.0.0                            [required by tcpip]
  - install mirage-unix        2.0.1                            [required by tcpip]
  - install mirage-console     2.1.3                            [required by tcpip]
  - install tcpip              2.0.3                            [required by packet]
  - install packet             0.4.0                            [required by frenetic]
  - install topology           0.4.0                            [required by frenetic]
  - install openflow           0.9.1                            [required by frenetic]
  - install frenetic           3.4.1        
===== 59 to install =====

=-=- Gathering sources =-=-=-=-=-=-=-=-=-=-=-=-=-=-=-=-=-=-=-=-=-=-=-=-=-=-=-=-=
[async: from default] Command started
[async_extended: from default] Command started
[async_extra: from default] Command started
[async: from default] Command started
[async_extended: from default] Command started
[async_extra: from default] Command started
[default] http://opam-archive:8080/archives/async.112.24.00+opam.tar.gz downloaded
[async_kernel: from default] Command started
[default] http://opam-archive:8080/archives/async_extended.112.24.00+opam.tar.gz downloaded
[async_unix: from default] Command started
[default] http://opam-archive:8080/archives/async_extra.112.24.00+opam.tar.gz downloaded
[base64: from default] Command started
[async_kernel: from default] Command started
[async_unix: from default] Command started
[default] http://opam-archive:8080/archives/async_kernel.112.24.00+opam.tar.gz downloaded
[bin_prot: from default] Command started
[base64: from default] Command started
[default] http://opam-archive:8080/archives/async_unix.112.24.00+opam.tar.gz downloaded
[biniou: from default] Command started
[default] http://opam-archive:8080/archives/base64.2.0.0+opam.tar.gz downloaded
[camlzip: from default] Command started
[camlzip: from default] Command started
[bin_prot: from default] Command started
[biniou: from default] Command started
[default] http://opam-archive:8080/archives/camlzip.1.05+opam.tar.gz downloaded
[cohttp: from default] Command started
[default] http://opam-archive:8080/archives/bin_prot.112.24.00+opam.tar.gz downloaded
[comparelib: from default] Command started
[default] http://opam-archive:8080/archives/biniou.1.0.9+opam.tar.gz downloaded
[core: from default] Command started
[comparelib: from default] Command started
[default] http://opam-archive:8080/archives/comparelib.109.60.00+opam.tar.gz downloaded
[core_extended: from default] Command started
[core: from default] Command started
[core_extended: from default] Command started
[default] http://opam-archive:8080/archives/core.112.24.01+opam.tar.gz downloaded
[core_kernel: from default] Command started
[default] http://opam-archive:8080/archives/core_extended.112.24.00+opam.tar.gz downloaded
[cppo: from default] Command started
[core_kernel: from default] Command started
[cppo: from default] Command started
[default] http://opam-archive:8080/archives/core_kernel.112.24.00+opam.tar.gz downloaded
[cstruct: from default] Command started
[default] http://opam-archive:8080/archives/cppo.1.1.2+opam.tar.gz downloaded
[custom_printf: from default] Command started
[cohttp: from default] Command started
[cstruct: from default] Command started
[default] http://opam-archive:8080/archives/cohttp.0.10.0+opam.tar.gz downloaded
[easy-format: from default] Command started
[custom_printf: from default] Command started
[default] http://opam-archive:8080/archives/cstruct.1.6.0+opam.tar.gz downloaded
[enumerate: from default] Command started
[easy-format: from default] Command started
[default] http://opam-archive:8080/archives/custom_printf.112.24.00+opam.tar.gz downloaded
[fieldslib: from default] Command started
[enumerate: from default] Command started
[default] http://opam-archive:8080/archives/easy-format.1.0.2+opam.tar.gz downloaded
[frenetic: from default] Command started
[fieldslib: from default] Command started
[default] http://opam-archive:8080/archives/enumerate.111.08.00+opam.tar.gz downloaded
[herelib: from default] Command started
[default] http://opam-archive:8080/archives/fieldslib.109.20.03+opam.tar.gz downloaded
[io-page: from default] Command started
[frenetic: from default] Command started
[herelib: from default] Command started
[default] http://opam-archive:8080/archives/frenetic.3.4.1+opam.tar.gz downloaded
[ipaddr: from default] Command started
[io-page: from default] Command started
[default] http://opam-archive:8080/archives/herelib.109.35.02+opam.tar.gz downloaded
[lwt: from default] Command started
[ipaddr: from default] Command started
[default] http://opam-archive:8080/archives/io-page.1.2.0+opam.tar.gz downloaded
[mirage-clock-unix: from default] Command started
[default] http://opam-archive:8080/archives/ipaddr.2.6.1+opam.tar.gz downloaded
[mirage-console: from default] Command started
[lwt: from default] Command started
[mirage-clock-unix: from default] Command started
[default] http://opam-archive:8080/archives/lwt.2.4.5+opam.tar.gz downloaded
[mirage-net-unix: from default] Command started
[mirage-console: from default] Command started
[default] http://opam-archive:8080/archives/mirage-clock-unix.1.0.0+opam.tar.gz downloaded
[mirage-types: from default] Command started
[mirage-net-unix: from default] Command started
[default] http://opam-archive:8080/archives/mirage-console.2.1.3+opam.tar.gz downloaded
[mirage-unix: from default] Command started
[mirage-types: from default] Command started
[default] http://opam-archive:8080/archives/mirage-net-unix.2.2.0+opam.tar.gz downloaded
[ocamlfind: from default] Command started
[default] http://opam-archive:8080/archives/mirage-types.2.1.1+opam.tar.gz downloaded
[ocamlgraph: from default] Command started
[mirage-unix: from default] Command started
[ocamlfind: from default] Command started
[default] http://opam-archive:8080/archives/mirage-unix.2.0.1+opam.tar.gz downloaded
[ocplib-endian: from default] Command started
[ocamlgraph: from default] Command started
[default] http://opam-archive:8080/archives/ocamlfind.1.5.5+opam.tar.gz downloaded
[openflow: from default] Command started
[ocplib-endian: from default] Command started
[default] http://opam-archive:8080/archives/ocamlgraph.1.8.6+opam.tar.gz downloaded
[optcomp: from default] Command started
[openflow: from default] Command started
[default] http://opam-archive:8080/archives/ocplib-endian.0.8+opam.tar.gz downloaded
[ounit: from default] Command started
[optcomp: from default] Command started
[default] http://opam-archive:8080/archives/openflow.0.9.1+opam.tar.gz downloaded
[pa_bench: from default] Command started
[ounit: from default] Command started
[default] http://opam-archive:8080/archives/optcomp.1.6+opam.tar.gz downloaded
[pa_ounit: from default] Command started
[default] http://opam-archive:8080/archives/ounit.2.0.0+opam.tar.gz downloaded
[pa_test: from default] Command started
[pa_bench: from default] Command started
[pa_ounit: from default] Command started
[default] http://opam-archive:8080/archives/pa_bench.112.06.00+opam.tar.gz downloaded
[packet: from default] Command started
[pa_test: from default] Command started
[default] http://opam-archive:8080/archives/pa_ounit.112.24.00+opam.tar.gz downloaded
[pipebang: from default] Command started
[packet: from default] Command started
[default] http://opam-archive:8080/archives/pa_test.112.24.00+opam.tar.gz downloaded
[quickcheck: http] Command started
[default] http://opam-archive:8080/archives/packet.0.4.0+opam.tar.gz downloaded
[re: from default] Command started
[pipebang: from default] Command started
[default] http://opam-archive:8080/archives/pipebang.110.01.00+opam.tar.gz downloaded
[re2: from default] Command started
[re: from default] Command started
[default] http://opam-archive:8080/archives/re.1.4.1+opam.tar.gz downloaded
[sexplib: from default] Command started
[re2: from default] Command started
[sexplib: from default] Command started
[default] http://opam-archive:8080/archives/re2.112.06.00+opam.tar.gz downloaded
[shared-memory-ring: from default] Command started
[default] http://opam-archive:8080/archives/sexplib.112.24.01+opam.tar.gz downloaded
[tcpip: from default] Command started
[shared-memory-ring: from default] Command started
[default] http://opam-archive:8080/archives/shared-memory-ring.1.1.0+opam.tar.gz downloaded
[textutils: from default] Command started
[tcpip: from default] Command started
[default] http://opam-archive:8080/archives/tcpip.2.0.3+opam.tar.gz downloaded
[topology: from default] Command started
[textutils: from default] Command started
[default] http://opam-archive:8080/archives/textutils.112.17.00+opam.tar.gz downloaded
[tuntap: from default] Command started
[topology: from default] Command started
[default] http://opam-archive:8080/archives/topology.0.4.0+opam.tar.gz downloaded
[type_conv: from default] Command started
[tuntap: from default] Command started
[default] http://opam-archive:8080/archives/tuntap.1.3.0+opam.tar.gz downloaded
[typerep: from default] Command started
[type_conv: from default] Command started
[default] http://opam-archive:8080/archives/type_conv.112.01.01+opam.tar.gz downloaded
[ulex: from default] Command started
[typerep: from default] Command started
[default] http://opam-archive:8080/archives/typerep.112.24.00+opam.tar.gz downloaded
[uri: from default] Command started
[ulex: from default] Command started
[default] http://opam-archive:8080/archives/ulex.1.1+opam.tar.gz downloaded
[variantslib: from default] Command started
[uri: from default] Command started
[default] http://opam-archive:8080/archives/uri.1.4.0+opam.tar.gz downloaded
[yojson: from default] Command started
[variantslib: from default] Command started
[default] http://opam-archive:8080/archives/variantslib.109.15.03+opam.tar.gz downloaded
[yojson: from default] Command started
[default] http://opam-archive:8080/archives/yojson.1.2.1+opam.tar.gz downloaded
[quickcheck: http] Command started
[ERROR] Bad checksum for
        /home/opam/.opam/packages.dev/quickcheck.1.0.2/1.0.2.zip:
          - bb8b8180995030c8880cc2aaf9002964 [expected result]
          - 286b23c81a22bbca060e4e39d0a6c12c [actual result]
        This may be fixed by running `opam update`.

[ERROR] The sources of the following couldn't be obtained, aborting:
          - quickcheck.1.0.2
        (This may be fixed by running 'opam update')
'opam install frenetic' failed.
