+ uname -m
+ uname -s
# Detecting depexts using flags: x86_64 linux centos
+ opam list --safe --recursive --external=x86_64,linux,centos --required-by=patoline
# The following system packages are needed:
#  - sqlite-devel
#  - zlib-devel
+ opam list --safe --recursive --external=source,x86_64,linux,centos --required-by=patoline
Not running as root, the following command will be run through "sudo":
    yum -y update
+ sudo yum -y update
Loaded plugins: fastestmirror
Repodata is over 2 weeks old. Install yum-cron? Or run: yum makecache fast
Determining fastest mirrors
 * base: anorien.csc.warwick.ac.uk
 * extras: centos.serverspace.co.uk
 * updates: anorien.csc.warwick.ac.uk
Resolving Dependencies
--> Running transaction check
---> Package openssl-libs.x86_64 1:1.0.1e-42.el7.4 will be updated
---> Package openssl-libs.x86_64 1:1.0.1e-42.el7.6 will be an update
--> Finished Dependency Resolution

Dependencies Resolved

================================================================================
 Package            Arch         Version                    Repository     Size
================================================================================
Updating:
 openssl-libs       x86_64       1:1.0.1e-42.el7.6          updates       948 k

Transaction Summary
================================================================================
Upgrade  1 Package

Total download size: 948 k
Downloading packages:
Delta RPMs disabled because /usr/bin/applydeltarpm not installed.
Running transaction check
+ sudo yum install -y sqlite-devel zlib-devel
Running transaction test
Transaction test succeeded
Running transaction
  Updating   : 1:openssl-libs-1.0.1e-42.el7.6.x86_64                        1/2 
  Cleanup    : 1:openssl-libs-1.0.1e-42.el7.4.x86_64                        2/2 
  Verifying  : 1:openssl-libs-1.0.1e-42.el7.6.x86_64                        1/2 
  Verifying  : 1:openssl-libs-1.0.1e-42.el7.4.x86_64                        2/2 

Updated:
  openssl-libs.x86_64 1:1.0.1e-42.el7.6                                         

Complete!
# OS package update successful
Not running as root, the following command will be run through "sudo":
    yum install -y sqlite-devel zlib-devel
Not running as root, the following command will be run through "sudo":
    rpm -q sqlite-devel zlib-devel
Loaded plugins: fastestmirror
Loading mirror speeds from cached hostfile
 * base: anorien.csc.warwick.ac.uk
 * extras: centos.serverspace.co.uk
 * updates: anorien.csc.warwick.ac.uk
Resolving Dependencies
--> Running transaction check
---> Package sqlite-devel.x86_64 0:3.7.17-4.el7 will be installed
---> Package zlib-devel.x86_64 0:1.2.7-13.el7 will be installed
--> Finished Dependency Resolution

Dependencies Resolved

================================================================================
 Package              Arch           Version                 Repository    Size
================================================================================
Installing:
 sqlite-devel         x86_64         3.7.17-4.el7            base         104 k
 zlib-devel           x86_64         1.2.7-13.el7            base          49 k

Transaction Summary
================================================================================
Install  2 Packages

Total download size: 153 k
Installed size: 498 k
Downloading packages:
--------------------------------------------------------------------------------
Total                                              525 kB/s | 153 kB  00:00     
Running transaction check
Running transaction test
Transaction test succeeded
Running transaction
  Installing : zlib-devel-1.2.7-13.el7.x86_64                               1/2 
  Installing : sqlite-devel-3.7.17-4.el7.x86_64                             2/2 
  Verifying  : sqlite-devel-3.7.17-4.el7.x86_64                             1/2 
  Verifying  : zlib-devel-1.2.7-13.el7.x86_64                               2/2 

Installed:
  sqlite-devel.x86_64 0:3.7.17-4.el7      zlib-devel.x86_64 0:1.2.7-13.el7     

+ sudo rpm -q sqlite-devel zlib-devel
Complete!
sqlite-devel-3.7.17-4.el7.x86_64
zlib-devel-1.2.7-13.el7.x86_64
# OS packages installation successful
The following actions will be performed:
[ERROR] curl: code 404 while downloading
        http://patoline.org/darcs/patoline/patoline-0.1.tar.gz
  - install ocamlfind  1.5.5                                    [required by patoline]
  - install sqlite3    2.0.9                                    [required by patoline]
  - install omake      0.9.8.6-0.rc1                            [required by camlimages]
  - install dypgen     20120619-1                               [required by patoline]
  - install camomile   0.8.5                                    [required by patoline]
  - install camlzip    1.05                                     [required by patoline]
  - install camlimages 4.2.0                                    [required by patoline]
  - install patoline   0.1          
===== 8 to install =====

=-=- Gathering sources =-=-=-=-=-=-=-=-=-=-=-=-=-=-=-=-=-=-=-=-=-=-=-=-=-=-=-=-=
[camlimages: from default] Command started
[camlzip: from default] Command started
[camomile: from default] Command started
[camlzip: from default] Command started
[default] http://opam-archive:8080/archives/camlzip.1.05+opam.tar.gz downloaded
[dypgen: from default] Command started
[camlimages: from default] Command started
[default] http://opam-archive:8080/archives/camlimages.4.2.0+opam.tar.gz downloaded
[ocamlfind: from default] Command started
[dypgen: from default] Command started
[default] http://opam-archive:8080/archives/dypgen.20120619-1+opam.tar.gz downloaded
[omake: from default] Command started
[camomile: from default] Command started
[ocamlfind: from default] Command started
[default] http://opam-archive:8080/archives/camomile.0.8.5+opam.tar.gz downloaded
[patoline: http] Command started
[default] http://opam-archive:8080/archives/ocamlfind.1.5.5+opam.tar.gz downloaded
[sqlite3: from default] Command started
[omake: from default] Command started
[default] http://opam-archive:8080/archives/omake.0.9.8.6-0.rc1+opam.tar.gz downloaded
[sqlite3: from default] Command started
[default] http://opam-archive:8080/archives/sqlite3.2.0.9+opam.tar.gz downloaded
[ERROR] The sources of the following couldn't be obtained, aborting:
          - patoline.0.1
        (This may be fixed by running 'opam update')
'opam install patoline' failed.
