+ uname -m
# Detecting depexts using flags: x86_64 linux centos
+ uname -s
+ opam list --safe --recursive --external=x86_64,linux,centos --required-by=conf-python-2-7-dev
+ opam list --safe --recursive --external=source,x86_64,linux,centos --required-by=conf-python-2-7-dev
# No extra OS packages requirements found.
The following actions will be performed:
  - install conf-python-2-7-dev 1.0

=-=- Gathering sources =-=-=-=-=-=-=-=-=-=-=-=-=-=-=-=-=-=-=-=-=-=-=-=-=-=-=-=-=

=-=- Processing actions -=-=-=-=-=-=-=-=-=-=-=-=-=-=-=-=-=-=-=-=-=-=-=-=-=-=-=-=
[conf-python-2-7-dev: cc test.c] Command started
+ cc "test.c" (CWD=/home/opam/.opam/system/build/conf-python-2-7-dev.1.0)
- test.c:1:30: fatal error: python2.7/Python.h: No such file or directory
-  #include "python2.7/Python.h"
-                               ^
- compilation terminated.


=-=- Error report -=-=-=-=-=-=-=-=-=-=-=-=-=-=-=-=-=-=-=-=-=-=-=-=-=-=-=-=-=-=-=
The following actions failed
  - install conf-python-2-7-dev 1.0
No changes have been performed
[ERROR] The compilation of conf-python-2-7-dev failed at "cc test.c".

#=== ERROR while installing conf-python-2-7-dev.1.0 ===========================#
# opam-version         1.2.1 (ab224ffd593a168871a14182d6e69d3a902c3f27)
# os                   linux
# command              cc test.c
# path                 /home/opam/.opam/system/build/conf-python-2-7-dev.1.0
# compiler             system (4.02.1)
# exit-code            1
# env-file             /home/opam/.opam/system/build/conf-python-2-7-dev.1.0/conf-python-2-7-dev-1-42bb52.env
# stdout-file          /home/opam/.opam/system/build/conf-python-2-7-dev.1.0/conf-python-2-7-dev-1-42bb52.out
# stderr-file          /home/opam/.opam/system/build/conf-python-2-7-dev.1.0/conf-python-2-7-dev-1-42bb52.err
### stderr ###
# test.c:1:30: fatal error: python2.7/Python.h: No such file or directory
#  #include "python2.7/Python.h"
#                               ^
# compilation terminated.

'opam install conf-python-2-7-dev' failed.
