+ uname -m
+ uname -s
# Detecting depexts using flags: x86_64 linux centos
+ opam list --safe --recursive --external=x86_64,linux,centos --required-by=conf-leveldb
+ opam list --safe --recursive --external=source,x86_64,linux,centos --required-by=conf-leveldb
# No extra OS packages requirements found.
The following actions will be performed:
  - install conf-leveldb 1

=-=- Gathering sources =-=-=-=-=-=-=-=-=-=-=-=-=-=-=-=-=-=-=-=-=-=-=-=-=-=-=-=-=

=-=- Processing actions -=-=-=-=-=-=-=-=-=-=-=-=-=-=-=-=-=-=-=-=-=-=-=-=-=-=-=-=
[conf-leveldb: cc test.cc] Command started
+ cc "-c" "test.cc" (CWD=/home/opam/.opam/system/build/conf-leveldb.1)
[ERROR] The compilation of conf-leveldb failed at "cc -c test.cc".
- test.cc:1:24: fatal error: leveldb/db.h: No such file or directory
-  #include <leveldb/db.h>
-                         ^
- compilation terminated.


=-=- Error report -=-=-=-=-=-=-=-=-=-=-=-=-=-=-=-=-=-=-=-=-=-=-=-=-=-=-=-=-=-=-=
The following actions failed
  - install conf-leveldb 1
No changes have been performed

=-=- conf-leveldb.1 troobleshooting -=-=-=-=-=-=-=-=-=-=-=-=-=-=-=-=-=-=-=-=-=-=
=> This package relies on external (system) dependencies that may be missing.
   `opam depext conf-leveldb.1' may help you find the correct installation for
   your system.

#=== ERROR while installing conf-leveldb.1 ====================================#
# opam-version         1.2.2 (96efec2011c66532520b3222536e4ebc9f7a6032)
# os                   linux
# command              cc -c test.cc
# path                 /home/opam/.opam/system/build/conf-leveldb.1
# compiler             system (4.02.1)
# exit-code            1
# env-file             /home/opam/.opam/system/build/conf-leveldb.1/conf-leveldb-1-42bb52.env
# stdout-file          /home/opam/.opam/system/build/conf-leveldb.1/conf-leveldb-1-42bb52.out
# stderr-file          /home/opam/.opam/system/build/conf-leveldb.1/conf-leveldb-1-42bb52.err
### stderr ###
# test.cc:1:24: fatal error: leveldb/db.h: No such file or directory
#  #include <leveldb/db.h>
#                         ^
# compilation terminated.

'opam install conf-leveldb' failed.
