+ uname -m
# Detecting depexts using flags: x86_64 linux "centos"
+ uname -s
+ opam list --safe --recursive --external=x86_64,linux,"centos" --required-by=prob-cache
+ opam list --safe --recursive --external=source,x86_64,linux,"centos" --required-by=prob-cache
# No extra OS packages requirements found.
The following actions will be performed:
  - install ocamlfind             1.5.5                         [required by prob-cache]
  - install camlp4                4.02+system                   [required by async]
  - install ppx_tools             0.99.2                        [required by ppx_deriving]
  - install ounit                 2.0.0                         [required by pa_ounit]
  - install omake                 0.9.8.6-0.rc1                 [required by riakc_ppx]
  - install cppo                  1.1.2                         [required by containers]
  - install base-bytes            base                          [required by containers]
  - install type_conv             112.01.01                     [required by bin_prot]
  - install pipebang              110.01.00                     [required by async_extra]
  - install herelib               109.35.02                     [required by async_kernel, async_unix]
  - install bitstring             2.0.4                         [required by riakc_ppx]
  - install ppx_deriving          2.1                           [required by prob-cache]
  - install sequence              0.5.5                         [required by prob-cache]
  - install variantslib           109.15.03                     [required by core_kernel, core]
  - install sexplib               112.24.01                     [required by async_extra]
  - install pa_ounit              112.24.00                     [required by async_extra]
  - install fieldslib             109.20.03                     [required by async_extra]
  - install enumerate             111.08.00                     [required by core_kernel, core]
  - install comparelib            109.60.00                     [required by async_unix]
  - install bin_prot              112.24.00                     [required by async_extra]
  - install ppx_deriving_protobuf 2.1                           [required by prob-cache]
  - install containers            0.11                          [required by prob-cache]
  - install pa_bench              112.06.00                     [required by core_kernel, core]
  - install custom_printf         112.24.00                     [required by core_kernel, core]
  - install pa_test               112.24.00                     [required by async_kernel, async_unix]
  - install typerep               112.24.00                     [required by core_kernel]
  - install core_kernel           112.24.00                     [required by async_kernel]
  - install core                  112.24.01                     [required by prob-cache]
  - install async_kernel          112.24.00                     [required by async]
  - install async_unix            112.24.00                     [required by async]
  - install async_extra           112.24.00                     [required by async]
  - install async                 112.24.00                     [required by prob-cache]
  - install riakc_ppx             3.1.2                         [required by prob-cache]
  - install prob-cache            1.0.0        
===== 34 to install =====

=-=- Gathering sources =-=-=-=-=-=-=-=-=-=-=-=-=-=-=-=-=-=-=-=-=-=-=-=-=-=-=-=-=
[async: from default] Command started
[async_extra: from default] Command started
[async_kernel: from default] Command started
[async: from default] Command started
[async_kernel: from default] Command started
[default] http://opam-archive:8080/archives/async.112.24.00+opam.tar.gz downloaded
[async_unix: from default] Command started
[default] http://opam-archive:8080/archives/async_kernel.112.24.00+opam.tar.gz downloaded
[bin_prot: from default] Command started
[async_unix: from default] Command started
[default] http://opam-archive:8080/archives/async_unix.112.24.00+opam.tar.gz downloaded
[bitstring: from default] Command started
[bin_prot: from default] Command started
[default] http://opam-archive:8080/archives/bin_prot.112.24.00+opam.tar.gz downloaded
[comparelib: from default] Command started
[bitstring: from default] Command started
[async_extra: from default] Command started
[default] http://opam-archive:8080/archives/bitstring.2.0.4+opam.tar.gz downloaded
[containers: from default] Command started
[comparelib: from default] Command started
[default] http://opam-archive:8080/archives/async_extra.112.24.00+opam.tar.gz downloaded
[core: from default] Command started
[containers: from default] Command started
[default] http://opam-archive:8080/archives/comparelib.109.60.00+opam.tar.gz downloaded
[core_kernel: from default] Command started
[core: from default] Command started
[default] http://opam-archive:8080/archives/containers.0.11+opam.tar.gz downloaded
[cppo: from default] Command started
[default] http://opam-archive:8080/archives/core.112.24.01+opam.tar.gz downloaded
[custom_printf: from default] Command started
[cppo: from default] Command started
[default] http://opam-archive:8080/archives/cppo.1.1.2+opam.tar.gz downloaded
[enumerate: from default] Command started
[custom_printf: from default] Command started
[default] http://opam-archive:8080/archives/custom_printf.112.24.00+opam.tar.gz downloaded
[fieldslib: from default] Command started
[fieldslib: from default] Command started
[default] http://opam-archive:8080/archives/fieldslib.109.20.03+opam.tar.gz downloaded
[herelib: from default] Command started
[herelib: from default] Command started
[default] http://opam-archive:8080/archives/herelib.109.35.02+opam.tar.gz downloaded
[ocamlfind: from default] Command started
[core_kernel: from default] Command started
[default] http://opam-archive:8080/archives/core_kernel.112.24.00+opam.tar.gz downloaded
[omake: from default] Command started
[enumerate: from default] Command started
[default] http://opam-archive:8080/archives/enumerate.111.08.00+opam.tar.gz downloaded
[ounit: from default] Command started
[ounit: from default] Command started
[default] http://opam-archive:8080/archives/ounit.2.0.0+opam.tar.gz downloaded
[pa_bench: from default] Command started
[omake: from default] Command started
[default] http://opam-archive:8080/archives/omake.0.9.8.6-0.rc1+opam.tar.gz downloaded
[pa_ounit: from default] Command started
[pa_ounit: from default] Command started
[default] http://opam-archive:8080/archives/pa_ounit.112.24.00+opam.tar.gz downloaded
[pa_test: from default] Command started
[ocamlfind: from default] Command started
[default] http://opam-archive:8080/archives/ocamlfind.1.5.5+opam.tar.gz downloaded
[pipebang: from default] Command started
[pa_bench: from default] Command started
[default] http://opam-archive:8080/archives/pa_bench.112.06.00+opam.tar.gz downloaded
[ppx_deriving: from default] Command started
[pa_test: from default] Command started
[default] http://opam-archive:8080/archives/pa_test.112.24.00+opam.tar.gz downloaded
[ppx_deriving_protobuf: from default] Command started
[ppx_deriving_protobuf: from default] Command started
[default] http://opam-archive:8080/archives/ppx_deriving_protobuf.2.1+opam.tar.gz downloaded
[ppx_tools: from default] Command started
[pipebang: from default] Command started
[default] http://opam-archive:8080/archives/pipebang.110.01.00+opam.tar.gz downloaded
[prob-cache: http] Command started
[ppx_tools: from default] Command started
[default] http://opam-archive:8080/archives/ppx_tools.0.99.2+opam.tar.gz downloaded
[riakc_ppx: http] Command started
[ppx_deriving: from default] Command started
[default] http://opam-archive:8080/archives/ppx_deriving.2.1+opam.tar.gz downloaded
[sequence: from default] Command started
[sequence: from default] Command started
[default] http://opam-archive:8080/archives/sequence.0.5.5+opam.tar.gz downloaded
[sexplib: from default] Command started
[sexplib: from default] Command started
[default] http://opam-archive:8080/archives/sexplib.112.24.01+opam.tar.gz downloaded
[type_conv: from default] Command started
[type_conv: from default] Command started
[default] http://opam-archive:8080/archives/type_conv.112.01.01+opam.tar.gz downloaded
[typerep: from default] Command started
[typerep: from default] Command started
[default] http://opam-archive:8080/archives/typerep.112.24.00+opam.tar.gz downloaded
[variantslib: from default] Command started
[variantslib: from default] Command started
[default] http://opam-archive:8080/archives/variantslib.109.15.03+opam.tar.gz downloaded
[riakc_ppx: http] Command started
[ERROR] Bad checksum for
        /home/opam/.opam/packages.dev/riakc_ppx.3.1.2/3.1.2.zip:
          - 47079b4da143a4a1bdd4a3c1bd4261b3 [expected result]
          - f070c3232075da0f35e7c0798b74cba9 [actual result]
        This may be fixed by running `opam update`.

[prob-cache: http] Command started
[ERROR] Bad checksum for
        /home/opam/.opam/packages.dev/prob-cache.1.0.0/1.0.0.zip:
          - b4f5fec9393742312f30f90af1a21756 [expected result]
          - a0a542bfca32d65f029742f3db893b55 [actual result]
        This may be fixed by running `opam update`.

[ERROR] The sources of the following couldn't be obtained, aborting:
          - prob-cache.1.0.0
          - riakc_ppx.3.1.2
        (This may be fixed by running 'opam update')
'opam install prob-cache' failed.
