+ uname -m
+ uname -s
+ opam list --safe --recursive --external=x86_64,linux,centos --required-by=vrt
# Detecting depexts using flags: x86_64 linux centos
# The following system packages are needed:
#  - pcre-devel
+ opam list --safe --recursive --external=source,x86_64,linux,centos --required-by=vrt
Not running as root, the following command will be run through "sudo":
    yum -y update
+ sudo yum -y update
Loaded plugins: fastestmirror
Repodata is over 2 weeks old. Install yum-cron? Or run: yum makecache fast
Determining fastest mirrors
 * base: mirrors.coreix.net
 * extras: anorien.csc.warwick.ac.uk
 * updates: centos.serverspace.co.uk
Resolving Dependencies
--> Running transaction check
---> Package openssl-libs.x86_64 1:1.0.1e-42.el7.4 will be updated
---> Package openssl-libs.x86_64 1:1.0.1e-42.el7.6 will be an update
--> Finished Dependency Resolution

Dependencies Resolved

================================================================================
 Package            Arch         Version                    Repository     Size
================================================================================
Updating:
 openssl-libs       x86_64       1:1.0.1e-42.el7.6          updates       948 k

Transaction Summary
================================================================================
Upgrade  1 Package

Total download size: 948 k
Downloading packages:
Delta RPMs disabled because /usr/bin/applydeltarpm not installed.
Running transaction check
Running transaction test
Transaction test succeeded
Running transaction
  Updating   : 1:openssl-libs-1.0.1e-42.el7.6.x86_64                        1/2 
  Cleanup    : 1:openssl-libs-1.0.1e-42.el7.4.x86_64                        2/2 
  Verifying  : 1:openssl-libs-1.0.1e-42.el7.6.x86_64                        1/2 
  Verifying  : 1:openssl-libs-1.0.1e-42.el7.4.x86_64                        2/2 

Updated:
  openssl-libs.x86_64 1:1.0.1e-42.el7.6                                         

Complete!
# OS package update successful
Not running as root, the following command will be run through "sudo":
    yum install -y pcre-devel
Not running as root, the following command will be run through "sudo":
    rpm -q pcre-devel
+ sudo yum install -y pcre-devel
Loaded plugins: fastestmirror
Loading mirror speeds from cached hostfile
 * base: mirrors.coreix.net
 * extras: anorien.csc.warwick.ac.uk
 * updates: centos.serverspace.co.uk
Resolving Dependencies
--> Running transaction check
---> Package pcre-devel.x86_64 0:8.32-14.el7 will be installed
--> Finished Dependency Resolution

Dependencies Resolved

================================================================================
 Package             Arch            Version                Repository     Size
================================================================================
Installing:
 pcre-devel          x86_64          8.32-14.el7            base          477 k

Transaction Summary
================================================================================
Install  1 Package

Total download size: 477 k
Installed size: 1.4 M
Downloading packages:
Running transaction check
Running transaction test
Transaction test succeeded
Running transaction
  Installing : pcre-devel-8.32-14.el7.x86_64                                1/1 
  Verifying  : pcre-devel-8.32-14.el7.x86_64                                1/1 

Installed:
  pcre-devel.x86_64 0:8.32-14.el7                                               

Complete!
pcre-devel-8.32-14.el7.x86_64
# OS packages installation successful
+ sudo rpm -q pcre-devel
The following actions will be performed:
  - install ocamlfind     1.5.5                                 [required by vrt]
  - install camlp4        4.02.1+system                         [required by async_find, async, async_shell]
  - install ounit         2.0.0                                 [required by pa_ounit]
  - install type_conv     112.01.01                             [required by bin_prot]
  - install pipebang      110.01.00                             [required by async_extra, core_extended]
  - install herelib       109.35.02                             [required by async_kernel, async_unix]
  - install variantslib   109.15.03                             [required by core_kernel, core]
  - install sexplib       112.24.01                             [required by vrt]
  - install pa_ounit      112.24.00                             [required by async_extra, core_extended]
  - install fieldslib     109.20.03                             [required by async_extra, core_extended]
  - install enumerate     111.08.00                             [required by core_kernel, core]
  - install comparelib    109.60.00                             [required by core_extended]
  - install bin_prot      112.24.00                             [required by async_extra, core_extended]
  - install pa_bench      112.06.00                             [required by core_kernel, core]
  - install custom_printf 112.24.00                             [required by core_extended]
  - install pa_test       112.24.00                             [required by core_extended]
  - install typerep       112.24.00                             [required by core_kernel]
  - install core_kernel   112.24.00                             [required by async_kernel]
  - install core          112.24.01                             [required by vrt]
  - install async_kernel  112.24.00                             [required by async]
  - install textutils     112.17.00                             [required by core_extended]
  - install re2           112.06.00                             [required by core_extended]
  - install async_unix    112.24.00                             [required by vrt]
  - install core_extended 112.24.00                             [required by vrt]
  - install async_extra   112.24.00                             [required by vrt]
  - install async         112.24.00                             [required by vrt]
  - install async_shell   109.28.03                             [required by vrt]
  - install async_find    111.28.00                             [required by vrt]
  - install vrt           0.1.0        
===== 29 to install =====

=-=- Gathering sources =-=-=-=-=-=-=-=-=-=-=-=-=-=-=-=-=-=-=-=-=-=-=-=-=-=-=-=-=
[async: from default] Command started
[async_extra: from default] Command started
[async_find: from default] Command started
[async: from default] Command started
[default] http://opam-archive:8080/archives/async.112.24.00+opam.tar.gz downloaded
[async_kernel: from default] Command started
[async_extra: from default] Command started
[async_find: from default] Command started
[default] http://opam-archive:8080/archives/async_extra.112.24.00+opam.tar.gz downloaded
[async_shell: from default] Command started
[async_kernel: from default] Command started
[default] http://opam-archive:8080/archives/async_find.111.28.00+opam.tar.gz downloaded
[async_unix: from default] Command started
[async_shell: from default] Command started
[default] http://opam-archive:8080/archives/async_kernel.112.24.00+opam.tar.gz downloaded
[bin_prot: from default] Command started
[async_unix: from default] Command started
[default] http://opam-archive:8080/archives/async_shell.109.28.03+opam.tar.gz downloaded
[comparelib: from default] Command started
[bin_prot: from default] Command started
[default] http://opam-archive:8080/archives/async_unix.112.24.00+opam.tar.gz downloaded
[core: from default] Command started
[comparelib: from default] Command started
[default] http://opam-archive:8080/archives/bin_prot.112.24.00+opam.tar.gz downloaded
[core_extended: from default] Command started
[default] http://opam-archive:8080/archives/comparelib.109.60.00+opam.tar.gz downloaded
[core_kernel: from default] Command started
[core: from default] Command started
[core_extended: from default] Command started
[default] http://opam-archive:8080/archives/core_extended.112.24.00+opam.tar.gz downloaded
[custom_printf: from default] Command started
[default] http://opam-archive:8080/archives/core.112.24.01+opam.tar.gz downloaded
[enumerate: from default] Command started
[core_kernel: from default] Command started
[custom_printf: from default] Command started
[default] http://opam-archive:8080/archives/core_kernel.112.24.00+opam.tar.gz downloaded
[fieldslib: from default] Command started
[enumerate: from default] Command started
[default] http://opam-archive:8080/archives/custom_printf.112.24.00+opam.tar.gz downloaded
[herelib: from default] Command started
[fieldslib: from default] Command started
[default] http://opam-archive:8080/archives/enumerate.111.08.00+opam.tar.gz downloaded
[ocamlfind: from default] Command started
[herelib: from default] Command started
[default] http://opam-archive:8080/archives/fieldslib.109.20.03+opam.tar.gz downloaded
[ounit: from default] Command started
[ocamlfind: from default] Command started
[default] http://opam-archive:8080/archives/herelib.109.35.02+opam.tar.gz downloaded
[pa_bench: from default] Command started
[ounit: from default] Command started
[default] http://opam-archive:8080/archives/ocamlfind.1.5.5+opam.tar.gz downloaded
[pa_ounit: from default] Command started
[pa_bench: from default] Command started
[default] http://opam-archive:8080/archives/ounit.2.0.0+opam.tar.gz downloaded
[pa_test: from default] Command started
[pa_ounit: from default] Command started
[default] http://opam-archive:8080/archives/pa_bench.112.06.00+opam.tar.gz downloaded
[pipebang: from default] Command started
[default] http://opam-archive:8080/archives/pa_ounit.112.24.00+opam.tar.gz downloaded
[re2: from default] Command started
[pa_test: from default] Command started
[default] http://opam-archive:8080/archives/pa_test.112.24.00+opam.tar.gz downloaded
[sexplib: from default] Command started
[re2: from default] Command started
[default] http://opam-archive:8080/archives/re2.112.06.00+opam.tar.gz downloaded
[textutils: from default] Command started
[sexplib: from default] Command started
[default] http://opam-archive:8080/archives/sexplib.112.24.01+opam.tar.gz downloaded
[type_conv: from default] Command started
[textutils: from default] Command started
[default] http://opam-archive:8080/archives/textutils.112.17.00+opam.tar.gz downloaded
[typerep: from default] Command started
[type_conv: from default] Command started
[default] http://opam-archive:8080/archives/type_conv.112.01.01+opam.tar.gz downloaded
[variantslib: from default] Command started
[variantslib: from default] Command started
[default] http://opam-archive:8080/archives/variantslib.109.15.03+opam.tar.gz downloaded
[vrt: http] Command started
[pipebang: from default] Command started
[default] http://opam-archive:8080/archives/pipebang.110.01.00+opam.tar.gz downloaded
[typerep: from default] Command started
[default] http://opam-archive:8080/archives/typerep.112.24.00+opam.tar.gz downloaded
[ERROR] curl: code 404 while downloading
        https://github.com/afiniate/vrt/archive/v0.1.0.tar.gz
[ERROR] The sources of the following couldn't be obtained, aborting:
          - vrt.0.1.0
        (This may be fixed by running 'opam update')
'opam install vrt' failed.
