+ uname -m
+ uname -s
# Detecting depexts using flags: x86_64 linux debian
+ opam list --safe --recursive --external=x86_64,linux,debian --required-by=patoline
# The following system packages are needed:
#  - libsqlite3-dev
#  - m4
#  - zlib1g-dev
+ opam list --safe --recursive --external=source,x86_64,linux,debian --required-by=patoline
+ sudo apt-get update
Not running as root, system installation will be done through "sudo"
Hit http://download.opensuse.org  Release.gpg
Hit http://http.debian.net stable Release.gpg
Hit http://download.opensuse.org  Release
Get:1 http://http.debian.net stable-updates Release.gpg [836 B]
Hit http://http.debian.net stable Release
Get:2 http://http.debian.net stable-updates Release [124 kB]
Hit http://download.opensuse.org  Packages
Hit http://http.debian.net stable/main amd64 Packages
Get:3 http://http.debian.net stable-updates/main amd64 Packages [4437 B]
Hit http://security.debian.org stable/updates Release.gpg
Hit http://security.debian.org stable/updates Release
Hit http://security.debian.org stable/updates/main amd64 Packages
Fetched 129 kB in 1s (103 kB/s)
Reading package lists...
# OS package update successful
Not running as root, system installation will be done through "sudo"
+ sudo apt-get install -qq -yy libsqlite3-dev m4 zlib1g-dev
debconf: delaying package configuration, since apt-utils is not installed
Selecting previously unselected package libsqlite3-dev.
(Reading database ... 19958 files and directories currently installed.)
Unpacking libsqlite3-dev (from .../libsqlite3-dev_3.7.13-1+deb7u1_amd64.deb) ...
Selecting previously unselected package zlib1g-dev:amd64.
Unpacking zlib1g-dev:amd64 (from .../zlib1g-dev_1%3a1.2.7.dfsg-13_amd64.deb) ...
Setting up libsqlite3-dev (3.7.13-1+deb7u1) ...
Setting up zlib1g-dev:amd64 (1:1.2.7.dfsg-13) ...
# OS packages installation successful
The following actions will be performed:
  - install ocamlfind  1.5.5                                    [required by patoline]
  - install sqlite3    2.0.9                                    [required by patoline]
  - install omake      0.9.8.6-0.rc1                            [required by camlimages]
  - install dypgen     20120619-1                               [required by patoline]
  - install camomile   0.8.5                                    [required by patoline]
  - install camlzip    1.05                                     [required by patoline]
  - install camlimages 4.2.0                                    [required by patoline]
  - install patoline   0.1          
===== 8 to install =====

=-=- Gathering sources =-=-=-=-=-=-=-=-=-=-=-=-=-=-=-=-=-=-=-=-=-=-=-=-=-=-=-=-=
[camlimages: from default] Command started
[camlzip: from default] Command started
[camomile: from default] Command started
[camlzip: from default] Command started
[default] http://opam-archive:8080/archives/camlzip.1.05+opam.tar.gz downloaded
[dypgen: from default] Command started
[camlimages: from default] Command started
[camomile: from default] Command started
[default] http://opam-archive:8080/archives/camlimages.4.2.0+opam.tar.gz downloaded
[ocamlfind: from default] Command started
[dypgen: from default] Command started
[default] http://opam-archive:8080/archives/camomile.0.8.5+opam.tar.gz downloaded
[omake: from default] Command started
[ocamlfind: from default] Command started
[default] http://opam-archive:8080/archives/dypgen.20120619-1+opam.tar.gz downloaded
[patoline: http] Command started
[default] http://opam-archive:8080/archives/ocamlfind.1.5.5+opam.tar.gz downloaded
[sqlite3: from default] Command started
[omake: from default] Command started
[sqlite3: from default] Command started
[default] http://opam-archive:8080/archives/omake.0.9.8.6-0.rc1+opam.tar.gz downloaded
[ERROR] curl: code 404 while downloading
        http://patoline.org/darcs/patoline/patoline-0.1.tar.gz
[default] http://opam-archive:8080/archives/sqlite3.2.0.9+opam.tar.gz downloaded
[ERROR] The sources of the following couldn't be obtained, aborting:
          - patoline.0.1
        (This may be fixed by running 'opam update')
'opam install patoline' failed.
