+ uname -m
+ uname -s
+ opam list --safe --recursive --external=x86_64,linux,debian --required-by=omake-mode
# Detecting depexts using flags: x86_64 linux debian
# The following system packages are needed:
#  - libpcre3-dev
#  - m4
#  - pkg-config
+ opam list --safe --recursive --external=source,x86_64,linux,debian --required-by=omake-mode
Not running as root, the following command will be run through "sudo":
    apt-get update
+ sudo apt-get update
Hit http://http.debian.net stable Release.gpg
Hit http://download.opensuse.org  Release.gpg
Get:1 http://http.debian.net stable-updates Release.gpg [836 B]
Hit http://http.debian.net stable Release
Hit http://download.opensuse.org  Release
Get:2 http://http.debian.net stable-updates Release [124 kB]
Get:3 http://security.debian.org stable/updates Release.gpg [836 B]
Get:4 http://security.debian.org stable/updates Release [102 kB]
Hit http://http.debian.net stable/main amd64 Packages
Hit http://download.opensuse.org  Packages
Get:5 http://http.debian.net stable-updates/main amd64 Packages [4369 B]
Get:6 http://security.debian.org stable/updates/main amd64 Packages [382 kB]
Fetched 614 kB in 2s (217 kB/s)
Reading package lists...
+ sudo apt-get install -qq -yy libpcre3-dev m4 pkg-config
# OS package update successful
Not running as root, the following command will be run through "sudo":
    apt-get install -qq -yy libpcre3-dev m4 pkg-config
debconf: delaying package configuration, since apt-utils is not installed
Selecting previously unselected package libpcrecpp0:amd64.
(Reading database ... 20020 files and directories currently installed.)
Unpacking libpcrecpp0:amd64 (from .../libpcrecpp0_1%3a8.30-5_amd64.deb) ...
Selecting previously unselected package libpcre3-dev.
Unpacking libpcre3-dev (from .../libpcre3-dev_1%3a8.30-5_amd64.deb) ...
Setting up libpcrecpp0:amd64 (1:8.30-5) ...
Setting up libpcre3-dev (1:8.30-5) ...
# OS packages installation successful
The following actions will be performed:
  - install ocamlfind       1.5.5                               [required by omake-mode]
  - install conf-pkg-config 1.0                                 [required by conf-libpcre]
  - install ounit           2.0.0                               [required by omake-mode]
  - install omake           0.9.8.6-0.rc1                       [required by omake-mode]
  - install inotify         2.0                                 [required by omake-mode]
  - install camlp4          4.02.1+2                            [required by async, core_extended]
  - install base-bytes      base                                [required by pcre]
  - install conf-libpcre    1                                   [required by pcre]
  - install type_conv       112.01.01                           [required by bin_prot]
  - install pipebang        110.01.00                           [required by core_extended]
  - install herelib         109.35.02                           [required by async_kernel, async_unix]
  - install pcre            7.1.5                               [required by omake-mode]
  - install variantslib     109.15.03                           [required by core_kernel, core]
  - install sexplib         112.24.01                           [required by core_extended]
  - install pa_ounit        112.24.00                           [required by core_extended]
  - install fieldslib       109.20.03                           [required by core_extended]
  - install enumerate       111.08.00                           [required by core_kernel, core]
  - install comparelib      109.60.00                           [required by core_extended]
  - install bin_prot        112.24.00                           [required by core_extended]
  - install pa_bench        112.06.00                           [required by core_kernel, core]
  - install custom_printf   112.24.00                           [required by core_extended]
  - install pa_test         112.24.00                           [required by core_extended]
  - install typerep         112.24.00                           [required by core_kernel]
  - install core_kernel     112.24.00                           [required by async_kernel]
  - install core            112.24.01                           [required by omake-mode]
  - install async_kernel    112.24.00                           [required by async]
  - install textutils       112.17.00                           [required by core_extended]
  - install re2             112.06.00                           [required by core_extended]
  - install async_unix      112.24.00                           [required by async]
  - install core_extended   112.24.00                           [required by omake-mode]
  - install async_extra     112.24.00                           [required by async]
  - install async           112.24.00                           [required by omake-mode]
  - install omake-mode      1.1.1        
===== 33 to install =====

=-=- Gathering sources =-=-=-=-=-=-=-=-=-=-=-=-=-=-=-=-=-=-=-=-=-=-=-=-=-=-=-=-=
[async: from default] Command started
[async_extra: from default] Command started
[async_kernel: from default] Command started
[async_extra: from default] Command started
[async: from default] Command started
[async_kernel: from default] Command started
[default] http://opam-archive:8080/archives/async_extra.112.24.00+opam.tar.gz downloaded
[async_unix: from default] Command started
[default] http://opam-archive:8080/archives/async.112.24.00+opam.tar.gz downloaded
[bin_prot: from default] Command started
[default] http://opam-archive:8080/archives/async_kernel.112.24.00+opam.tar.gz downloaded
[camlp4: from default] Command started
[bin_prot: from default] Command started
[async_unix: from default] Command started
[default] http://opam-archive:8080/archives/bin_prot.112.24.00+opam.tar.gz downloaded
[comparelib: from default] Command started
[camlp4: from default] Command started
[default] http://opam-archive:8080/archives/async_unix.112.24.00+opam.tar.gz downloaded
[core: from default] Command started
[comparelib: from default] Command started
[default] http://opam-archive:8080/archives/camlp4.4.02.1+2+opam.tar.gz downloaded
[core_extended: from default] Command started
[default] http://opam-archive:8080/archives/comparelib.109.60.00+opam.tar.gz downloaded
[core_kernel: from default] Command started
[core: from default] Command started
[default] http://opam-archive:8080/archives/core.112.24.01+opam.tar.gz downloaded
[custom_printf: from default] Command started
[core_extended: from default] Command started
[core_kernel: from default] Command started
[default] http://opam-archive:8080/archives/core_extended.112.24.00+opam.tar.gz downloaded
[enumerate: from default] Command started
[default] http://opam-archive:8080/archives/core_kernel.112.24.00+opam.tar.gz downloaded
[fieldslib: from default] Command started
[custom_printf: from default] Command started
[default] http://opam-archive:8080/archives/custom_printf.112.24.00+opam.tar.gz downloaded
[herelib: from default] Command started
[enumerate: from default] Command started
[fieldslib: from default] Command started
[default] http://opam-archive:8080/archives/enumerate.111.08.00+opam.tar.gz downloaded
[inotify: from default] Command started
[herelib: from default] Command started
[default] http://opam-archive:8080/archives/fieldslib.109.20.03+opam.tar.gz downloaded
[ocamlfind: from default] Command started
[inotify: from default] Command started
[default] http://opam-archive:8080/archives/herelib.109.35.02+opam.tar.gz downloaded
[omake: from default] Command started
[default] http://opam-archive:8080/archives/inotify.2.0+opam.tar.gz downloaded
[omake-mode: http] Command started
[ocamlfind: from default] Command started
[default] http://opam-archive:8080/archives/ocamlfind.1.5.5+opam.tar.gz downloaded
[ounit: from default] Command started
[omake: from default] Command started
[ounit: from default] Command started
[default] http://opam-archive:8080/archives/omake.0.9.8.6-0.rc1+opam.tar.gz downloaded
[pa_bench: from default] Command started
[default] http://opam-archive:8080/archives/ounit.2.0.0+opam.tar.gz downloaded
[pa_ounit: from default] Command started
[pa_bench: from default] Command started
[default] http://opam-archive:8080/archives/pa_bench.112.06.00+opam.tar.gz downloaded
[pa_test: from default] Command started
[pa_ounit: from default] Command started
[pa_test: from default] Command started
[default] http://opam-archive:8080/archives/pa_ounit.112.24.00+opam.tar.gz downloaded
[pcre: from default] Command started
[default] http://opam-archive:8080/archives/pa_test.112.24.00+opam.tar.gz downloaded
[pipebang: from default] Command started
[pcre: from default] Command started
[default] http://opam-archive:8080/archives/pcre.7.1.5+opam.tar.gz downloaded
[re2: from default] Command started
[pipebang: from default] Command started
[default] http://opam-archive:8080/archives/pipebang.110.01.00+opam.tar.gz downloaded
[sexplib: from default] Command started
[re2: from default] Command started
[default] http://opam-archive:8080/archives/re2.112.06.00+opam.tar.gz downloaded
[textutils: from default] Command started
[sexplib: from default] Command started
[default] http://opam-archive:8080/archives/sexplib.112.24.01+opam.tar.gz downloaded
[type_conv: from default] Command started
[textutils: from default] Command started
[default] http://opam-archive:8080/archives/textutils.112.17.00+opam.tar.gz downloaded
[typerep: from default] Command started
[type_conv: from default] Command started
[default] http://opam-archive:8080/archives/type_conv.112.01.01+opam.tar.gz downloaded
[variantslib: from default] Command started
[typerep: from default] Command started
[default] http://opam-archive:8080/archives/typerep.112.24.00+opam.tar.gz downloaded
[variantslib: from default] Command started
[default] http://opam-archive:8080/archives/variantslib.109.15.03+opam.tar.gz downloaded
[ERROR] curl: code 406 while downloading
        https://github.com/seanmcl/omake-mode/archive/1.1.1.tar.gz
[ERROR] The sources of the following couldn't be obtained, aborting:
          - omake-mode.1.1.1
        (This may be fixed by running 'opam update')
'opam install omake-mode' failed.
